#
# There is insufficient memory for the Java Runtime Environment to continue.
# Native memory allocation (malloc) failed to allocate 1539456 bytes for Chunk::new
# Possible reasons:
#   The system is out of physical RAM or swap space
#   The process is running with CompressedOops enabled, and the Java Heap may be blocking the growth of the native heap
# Possible solutions:
#   Reduce memory load on the system
#   Increase physical memory or swap space
#   Check if swap backing store is full
#   Decrease Java heap size (-Xmx/-Xms)
#   Decrease number of Java threads
#   Decrease Java thread stack sizes (-Xss)
#   Set larger code cache with -XX:ReservedCodeCacheSize=
#   JVM is running with Unscaled Compressed Oops mode in which the Java heap is
#     placed in the first 4GB address space. The Java Heap base address is the
#     maximum limit for the native heap growth. Please use -XX:HeapBaseMinAddress
#     to set the Java Heap base and to place the Java Heap above 4GB virtual address.
# This output file may be truncated or incomplete.
#
#  Out of Memory Error (allocation.cpp:389), pid=8392, tid=0x00000000000025ec
#
# JRE version: OpenJDK Runtime Environment (8.0_212-b04) (build 1.8.0_212-release-1586-b04)
# Java VM: OpenJDK 64-Bit Server VM (25.212-b04 mixed mode windows-amd64 compressed oops)
# Failed to write core dump. Minidumps are not enabled by default on client versions of Windows
#

---------------  T H R E A D  ---------------

Current thread (0x0000000016371000):  JavaThread "C2 CompilerThread1" daemon [_thread_in_native, id=9708, stack(0x0000000017ab0000,0x0000000017bb0000)]

Stack: [0x0000000017ab0000,0x0000000017bb0000]
[error occurred during error reporting (printing stack bounds), id 0xc0000005]

Native frames: (J=compiled Java code, j=interpreted, Vv=VM code, C=native code)


Current CompileTask:
C2:  13417 2421       4       java.net.URLClassLoader$1::run (5 bytes)


---------------  P R O C E S S  ---------------

Java Threads: ( => current thread )
  0x000000001e1b6000 JavaThread "Cache worker for execution history cache (C:\Users\basker\.gradle\caches\5.6.4\executionHistory)" [_thread_blocked, id=10116, stack(0x00000000203b0000,0x00000000204b0000)]
  0x0000000019d2c800 JavaThread "Cache worker for cache directory md-rule (C:\Users\basker\.gradle\caches\5.6.4\md-rule)" [_thread_blocked, id=10156, stack(0x00000000202b0000,0x00000000203b0000)]
  0x0000000019d2c000 JavaThread "Cache worker for cache directory md-supplier (C:\Users\basker\.gradle\caches\5.6.4\md-supplier)" [_thread_blocked, id=104, stack(0x000000001e570000,0x000000001e670000)]
  0x0000000019d25800 JavaThread "Cache worker for file hash cache (C:\Users\basker\Desktop\adminapp\.gradle\5.6.4\fileHashes)" [_thread_blocked, id=1756, stack(0x000000001e470000,0x000000001e570000)]
  0x0000000019d29000 JavaThread "Cache worker for journal cache (C:\Users\basker\.gradle\caches\journal-1)" [_thread_blocked, id=11888, stack(0x000000001c0d0000,0x000000001c1d0000)]
  0x0000000019d28000 JavaThread "File lock request listener" [_thread_in_native, id=11432, stack(0x000000001bfd0000,0x000000001c0d0000)]
  0x0000000019d29800 JavaThread "Cache worker for file hash cache (C:\Users\basker\.gradle\caches\5.6.4\fileHashes)" [_thread_blocked, id=9684, stack(0x000000001bed0000,0x000000001bfd0000)]
  0x0000000019c2f800 JavaThread "Thread-9" [_thread_blocked, id=12684, stack(0x000000001bbd0000,0x000000001bcd0000)]
  0x0000000019c36000 JavaThread "Stdin handler" [_thread_blocked, id=552, stack(0x000000001bad0000,0x000000001bbd0000)]
  0x0000000019c35800 JavaThread "Asynchronous log dispatcher for DefaultDaemonConnection: socket connection from /127.0.0.1:60321 to /127.0.0.1:60322" [_thread_blocked, id=12924, stack(0x000000001b9d0000,0x000000001bad0000)]
  0x0000000019c32800 JavaThread "Daemon worker" [_thread_in_Java, id=5204, stack(0x000000001b8d0000,0x000000001b9d0000)]
  0x0000000019c31800 JavaThread "Cancel handler" [_thread_blocked, id=12696, stack(0x000000001b7d0000,0x000000001b8d0000)]
  0x0000000019bf0800 JavaThread "Handler for socket connection from /127.0.0.1:60321 to /127.0.0.1:60322" [_thread_in_native, id=7992, stack(0x000000001b4d0000,0x000000001b5d0000)]
  0x0000000019be3000 JavaThread "Daemon" [_thread_blocked, id=10376, stack(0x000000001b3d0000,0x000000001b4d0000)]
  0x0000000019b6a000 JavaThread "Daemon periodic checks" [_thread_blocked, id=8012, stack(0x000000001b2d0000,0x000000001b3d0000)]
  0x0000000019b67800 JavaThread "Incoming local TCP Connector on port 60321" [_thread_in_native, id=12096, stack(0x000000001b090000,0x000000001b190000)]
  0x0000000019ac1000 JavaThread "Daemon health stats" [_thread_blocked, id=12812, stack(0x000000001aa50000,0x000000001ab50000)]
  0x00000000163bd800 JavaThread "Service Thread" daemon [_thread_blocked, id=10176, stack(0x00000000180b0000,0x00000000181b0000)]
  0x0000000016362000 JavaThread "C1 CompilerThread2" daemon [_thread_in_native, id=9916, stack(0x0000000017bb0000,0x0000000017cb0000)]
=>0x0000000016371000 JavaThread "C2 CompilerThread1" daemon [_thread_in_native, id=9708, stack(0x0000000017ab0000,0x0000000017bb0000)]
  0x000000001635a800 JavaThread "C2 CompilerThread0" daemon [_thread_in_native, id=12756, stack(0x00000000179b0000,0x0000000017ab0000)]
  0x0000000016359000 JavaThread "Attach Listener" daemon [_thread_blocked, id=11732, stack(0x00000000178b0000,0x00000000179b0000)]
  0x0000000016365800 JavaThread "Signal Dispatcher" daemon [_thread_blocked, id=2584, stack(0x00000000177b0000,0x00000000178b0000)]
  0x00000000029eb800 JavaThread "Finalizer" daemon [_thread_blocked, id=8152, stack(0x00000000175b0000,0x00000000176b0000)]
  0x0000000016349000 JavaThread "Reference Handler" daemon [_thread_blocked, id=12680, stack(0x00000000174b0000,0x00000000175b0000)]
  0x000000000274e000 JavaThread "main" [_thread_blocked, id=12348, stack(0x00000000027f0000,0x00000000028f0000)]

Other Threads:
  0x0000000016326800 VMThread [stack: 0x00000000173b0000,0x00000000174b0000] [id=7560]
  0x00000000163be800 WatcherThread [stack: 0x00000000181b0000,0x00000000182b0000] [id=11712]

VM state:not at safepoint (normal execution)

VM Mutex/Monitor currently owned by a thread: None

heap address: 0x00000000a0000000, size: 1536 MB, Compressed Oops mode: 32-bit
Narrow klass base: 0x0000000000000000, Narrow klass shift: 3
Compressed class space size: 1073741824 Address: 0x0000000100000000

Heap:
 PSYoungGen      total 29184K, used 9368K [0x00000000e0000000, 0x00000000e2700000, 0x0000000100000000)
  eden space 24064K, 28% used [0x00000000e0000000,0x00000000e0695830,0x00000000e1780000)
  from space 5120K, 51% used [0x00000000e1780000,0x00000000e1a10af0,0x00000000e1c80000)
  to   space 5120K, 0% used [0x00000000e2200000,0x00000000e2200000,0x00000000e2700000)
 ParOldGen       total 35840K, used 11435K [0x00000000a0000000, 0x00000000a2300000, 0x00000000e0000000)
  object space 35840K, 31% used [0x00000000a0000000,0x00000000a0b2afa8,0x00000000a2300000)
 Metaspace       used 31436K, capacity 31996K, committed 32256K, reserved 1077248K
  class space    used 4294K, capacity 4495K, committed 4608K, reserved 1048576K

Card table byte_map: [0x0000000011db0000,0x00000000120c0000] byte_map_base: 0x00000000118b0000

Marking Bits: (ParMarkBitMap*) 0x00000000630e9f30
 Begin Bits: [0x00000000126c0000, 0x0000000013ec0000)
 End Bits:   [0x0000000013ec0000, 0x00000000156c0000)

Polling page: 0x0000000000e80000

CodeCache: size=245760Kb used=8631Kb max_used=8718Kb free=237128Kb
 bounds [0x00000000029f0000, 0x0000000003280000, 0x00000000119f0000]
 total_blobs=2918 nmethods=2238 adapters=593
 compilation: enabled

Compilation events (10 events):
Event: 13.363 Thread 0x0000000016362000 2449       3       org.objectweb.asm.MethodWriter::visitJumpInsn (495 bytes)
Event: 13.366 Thread 0x0000000016362000 nmethod 2449 0x0000000002b8ba50 code [0x0000000002b8bd80, 0x0000000002b8d598]
Event: 13.366 Thread 0x0000000016362000 2452       3       com.google.common.collect.CompactHashMap::indexOf (65 bytes)
Event: 13.367 Thread 0x0000000016362000 nmethod 2452 0x0000000002d9ba90 code [0x0000000002d9bc80, 0x0000000002d9c578]
Event: 13.367 Thread 0x0000000016362000 2451       3       com.google.common.collect.CompactLinkedHashMap::accessEntry (48 bytes)
Event: 13.367 Thread 0x0000000016362000 nmethod 2451 0x0000000002e48850 code [0x0000000002e489e0, 0x0000000002e48d68]
Event: 13.367 Thread 0x0000000016362000 2450       3       org.objectweb.asm.Label::put (83 bytes)
Event: 13.367 Thread 0x0000000016362000 nmethod 2450 0x0000000002b86a90 code [0x0000000002b86c60, 0x0000000002b87078]
Event: 13.368 Thread 0x0000000016362000 2453       3       com.google.common.collect.AbstractMapBasedMultimap$WrappedCollection::refreshIfEmpty (78 bytes)
Event: 13.368 Thread 0x0000000016362000 nmethod 2453 0x0000000002e4c8d0 code [0x0000000002e4ca80, 0x0000000002e4d1b8]

GC Heap History (10 events):
Event: 11.682 GC heap before
{Heap before GC invocations=16 (full 1):
 PSYoungGen      total 20992K, used 18813K [0x00000000e0000000, 0x00000000e1d80000, 0x0000000100000000)
  eden space 15360K, 100% used [0x00000000e0000000,0x00000000e0f00000,0x00000000e0f00000)
  from space 5632K, 61% used [0x00000000e1480000,0x00000000e17df6e0,0x00000000e1a00000)
  to   space 5632K, 0% used [0x00000000e0f00000,0x00000000e0f00000,0x00000000e1480000)
 ParOldGen       total 35840K, used 7871K [0x00000000a0000000, 0x00000000a2300000, 0x00000000e0000000)
  object space 35840K, 21% used [0x00000000a0000000,0x00000000a07aff78,0x00000000a2300000)
 Metaspace       used 26259K, capacity 26784K, committed 27136K, reserved 1073152K
  class space    used 3538K, capacity 3743K, committed 3840K, reserved 1048576K
Event: 11.686 GC heap after
Heap after GC invocations=16 (full 1):
 PSYoungGen      total 20992K, used 3286K [0x00000000e0000000, 0x00000000e1e00000, 0x0000000100000000)
  eden space 15360K, 0% used [0x00000000e0000000,0x00000000e0000000,0x00000000e0f00000)
  from space 5632K, 58% used [0x00000000e0f00000,0x00000000e1235978,0x00000000e1480000)
  to   space 5632K, 0% used [0x00000000e1880000,0x00000000e1880000,0x00000000e1e00000)
 ParOldGen       total 35840K, used 7879K [0x00000000a0000000, 0x00000000a2300000, 0x00000000e0000000)
  object space 35840K, 21% used [0x00000000a0000000,0x00000000a07b1f78,0x00000000a2300000)
 Metaspace       used 26259K, capacity 26784K, committed 27136K, reserved 1073152K
  class space    used 3538K, capacity 3743K, committed 3840K, reserved 1048576K
}
Event: 11.989 GC heap before
{Heap before GC invocations=17 (full 1):
 PSYoungGen      total 20992K, used 18646K [0x00000000e0000000, 0x00000000e1e00000, 0x0000000100000000)
  eden space 15360K, 100% used [0x00000000e0000000,0x00000000e0f00000,0x00000000e0f00000)
  from space 5632K, 58% used [0x00000000e0f00000,0x00000000e1235978,0x00000000e1480000)
  to   space 5632K, 0% used [0x00000000e1880000,0x00000000e1880000,0x00000000e1e00000)
 ParOldGen       total 35840K, used 7879K [0x00000000a0000000, 0x00000000a2300000, 0x00000000e0000000)
  object space 35840K, 21% used [0x00000000a0000000,0x00000000a07b1f78,0x00000000a2300000)
 Metaspace       used 27358K, capacity 27840K, committed 28032K, reserved 1073152K
  class space    used 3723K, capacity 3903K, committed 3968K, reserved 1048576K
Event: 11.994 GC heap after
Heap after GC invocations=17 (full 1):
 PSYoungGen      total 25088K, used 4240K [0x00000000e0000000, 0x00000000e1e80000, 0x0000000100000000)
  eden space 19456K, 0% used [0x00000000e0000000,0x00000000e0000000,0x00000000e1300000)
  from space 5632K, 75% used [0x00000000e1880000,0x00000000e1ca4098,0x00000000e1e00000)
  to   space 5632K, 0% used [0x00000000e1300000,0x00000000e1300000,0x00000000e1880000)
 ParOldGen       total 35840K, used 7887K [0x00000000a0000000, 0x00000000a2300000, 0x00000000e0000000)
  object space 35840K, 22% used [0x00000000a0000000,0x00000000a07b3f78,0x00000000a2300000)
 Metaspace       used 27358K, capacity 27840K, committed 28032K, reserved 1073152K
  class space    used 3723K, capacity 3903K, committed 3968K, reserved 1048576K
}
Event: 12.554 GC heap before
{Heap before GC invocations=18 (full 1):
 PSYoungGen      total 25088K, used 23696K [0x00000000e0000000, 0x00000000e1e80000, 0x0000000100000000)
  eden space 19456K, 100% used [0x00000000e0000000,0x00000000e1300000,0x00000000e1300000)
  from space 5632K, 75% used [0x00000000e1880000,0x00000000e1ca4098,0x00000000e1e00000)
  to   space 5632K, 0% used [0x00000000e1300000,0x00000000e1300000,0x00000000e1880000)
 ParOldGen       total 35840K, used 7887K [0x00000000a0000000, 0x00000000a2300000, 0x00000000e0000000)
  object space 35840K, 22% used [0x00000000a0000000,0x00000000a07b3f78,0x00000000a2300000)
 Metaspace       used 29121K, capacity 29662K, committed 30080K, reserved 1075200K
  class space    used 3926K, capacity 4101K, committed 4224K, reserved 1048576K
Event: 12.562 GC heap after
Heap after GC invocations=18 (full 1):
 PSYoungGen      total 25088K, used 2831K [0x00000000e0000000, 0x00000000e2200000, 0x0000000100000000)
  eden space 19456K, 0% used [0x00000000e0000000,0x00000000e0000000,0x00000000e1300000)
  from space 5632K, 50% used [0x00000000e1300000,0x00000000e15c3ce8,0x00000000e1880000)
  to   space 5632K, 0% used [0x00000000e1c80000,0x00000000e1c80000,0x00000000e2200000)
 ParOldGen       total 35840K, used 9759K [0x00000000a0000000, 0x00000000a2300000, 0x00000000e0000000)
  object space 35840K, 27% used [0x00000000a0000000,0x00000000a0987f98,0x00000000a2300000)
 Metaspace       used 29121K, capacity 29662K, committed 30080K, reserved 1075200K
  class space    used 3926K, capacity 4101K, committed 4224K, reserved 1048576K
}
Event: 12.855 GC heap before
{Heap before GC invocations=19 (full 1):
 PSYoungGen      total 25088K, used 22287K [0x00000000e0000000, 0x00000000e2200000, 0x0000000100000000)
  eden space 19456K, 100% used [0x00000000e0000000,0x00000000e1300000,0x00000000e1300000)
  from space 5632K, 50% used [0x00000000e1300000,0x00000000e15c3ce8,0x00000000e1880000)
  to   space 5632K, 0% used [0x00000000e1c80000,0x00000000e1c80000,0x00000000e2200000)
 ParOldGen       total 35840K, used 9759K [0x00000000a0000000, 0x00000000a2300000, 0x00000000e0000000)
  object space 35840K, 27% used [0x00000000a0000000,0x00000000a0987f98,0x00000000a2300000)
 Metaspace       used 29880K, capacity 30518K, committed 30720K, reserved 1075200K
  class space    used 4026K, capacity 4237K, committed 4352K, reserved 1048576K
Event: 12.860 GC heap after
Heap after GC invocations=19 (full 1):
 PSYoungGen      total 29184K, used 2456K [0x00000000e0000000, 0x00000000e2180000, 0x0000000100000000)
  eden space 24064K, 0% used [0x00000000e0000000,0x00000000e0000000,0x00000000e1780000)
  from space 5120K, 47% used [0x00000000e1c80000,0x00000000e1ee6320,0x00000000e2180000)
  to   space 5120K, 0% used [0x00000000e1780000,0x00000000e1780000,0x00000000e1c80000)
 ParOldGen       total 35840K, used 10623K [0x00000000a0000000, 0x00000000a2300000, 0x00000000e0000000)
  object space 35840K, 29% used [0x00000000a0000000,0x00000000a0a5ff98,0x00000000a2300000)
 Metaspace       used 29880K, capacity 30518K, committed 30720K, reserved 1075200K
  class space    used 4026K, capacity 4237K, committed 4352K, reserved 1048576K
}
Event: 13.314 GC heap before
{Heap before GC invocations=20 (full 1):
 PSYoungGen      total 29184K, used 26520K [0x00000000e0000000, 0x00000000e2180000, 0x0000000100000000)
  eden space 24064K, 100% used [0x00000000e0000000,0x00000000e1780000,0x00000000e1780000)
  from space 5120K, 47% used [0x00000000e1c80000,0x00000000e1ee6320,0x00000000e2180000)
  to   space 5120K, 0% used [0x00000000e1780000,0x00000000e1780000,0x00000000e1c80000)
 ParOldGen       total 35840K, used 10623K [0x00000000a0000000, 0x00000000a2300000, 0x00000000e0000000)
  object space 35840K, 29% used [0x00000000a0000000,0x00000000a0a5ff98,0x00000000a2300000)
 Metaspace       used 31023K, capacity 31612K, committed 31872K, reserved 1077248K
  class space    used 4221K, capacity 4431K, committed 4480K, reserved 1048576K
Event: 13.322 GC heap after
Heap after GC invocations=20 (full 1):
 PSYoungGen      total 29184K, used 2626K [0x00000000e0000000, 0x00000000e2700000, 0x0000000100000000)
  eden space 24064K, 0% used [0x00000000e0000000,0x00000000e0000000,0x00000000e1780000)
  from space 5120K, 51% used [0x00000000e1780000,0x00000000e1a10af0,0x00000000e1c80000)
  to   space 5120K, 0% used [0x00000000e2200000,0x00000000e2200000,0x00000000e2700000)
 ParOldGen       total 35840K, used 11435K [0x00000000a0000000, 0x00000000a2300000, 0x00000000e0000000)
  object space 35840K, 31% used [0x00000000a0000000,0x00000000a0b2afa8,0x00000000a2300000)
 Metaspace       used 31023K, capacity 31612K, committed 31872K, reserved 1077248K
  class space    used 4221K, capacity 4431K, committed 4480K, reserved 1048576K
}

Deoptimization events (10 events):
Event: 11.811 Thread 0x0000000019c32800 Uncommon trap: reason=unstable_if action=reinterpret pc=0x0000000002ec5e20 method=java.util.HashMap.hash(Ljava/lang/Object;)I @ 1
Event: 11.932 Thread 0x0000000019c32800 Uncommon trap: reason=unstable_if action=reinterpret pc=0x0000000002c826f8 method=java.util.HashMap.getNode(ILjava/lang/Object;)Ljava/util/HashMap$Node; @ 53
Event: 11.932 Thread 0x0000000019c32800 Uncommon trap: reason=unstable_if action=reinterpret pc=0x0000000002e8d108 method=java.util.HashMap.hash(Ljava/lang/Object;)I @ 1
Event: 12.033 Thread 0x0000000019c32800 Uncommon trap: reason=unstable_if action=reinterpret pc=0x0000000002ccc130 method=java.util.LinkedHashMap.afterNodeInsertion(Z)V @ 1
Event: 12.268 Thread 0x0000000019c32800 Uncommon trap: reason=unstable_if action=reinterpret pc=0x000000000324fe84 method=org.gradle.internal.reflect.PropertyAccessorType.isGetGetterName(Ljava/lang/String;)Z @ 14
Event: 12.529 Thread 0x0000000019c32800 Uncommon trap: reason=class_check action=maybe_recompile pc=0x0000000003035338 method=sun.misc.URLClassPath.getLoader(I)Lsun/misc/URLClassPath$Loader; @ 94
Event: 12.564 Thread 0x0000000019c32800 Uncommon trap: reason=class_check action=maybe_recompile pc=0x000000000303a4e8 method=sun.misc.URLClassPath.getLoader(I)Lsun/misc/URLClassPath$Loader; @ 239
Event: 12.711 Thread 0x0000000019c32800 Uncommon trap: reason=unstable_if action=reinterpret pc=0x0000000002c835cc method=java.io.WinNTFileSystem.resolve(Ljava/lang/String;Ljava/lang/String;)Ljava/lang/String; @ 49
Event: 13.289 Thread 0x0000000019c32800 Uncommon trap: reason=class_check action=maybe_recompile pc=0x0000000002cd46a8 method=sun.reflect.generics.reflectiveObjects.TypeVariableImpl.getGenericDeclaration()Ljava/lang/reflect/GenericDeclaration; @ 4
Event: 13.289 Thread 0x0000000019c32800 Uncommon trap: reason=class_check action=maybe_recompile pc=0x0000000002cd46a8 method=sun.reflect.generics.reflectiveObjects.TypeVariableImpl.getGenericDeclaration()Ljava/lang/reflect/GenericDeclaration; @ 4

Classes redefined (0 events):
No events

Internal exceptions (10 events):
Event: 12.824 Thread 0x0000000019c32800 Exception <a 'java/lang/ClassNotFoundException': org/gradle/api/internal/DefaultNamedDomainObjectCollectionBeanInfo> (0x00000000e0f57ba8) thrown at [D:\src\AOSP-openjdk-cygwin\jdk8u\hotspot\src\share\vm\classfile\systemDictionary.cpp, line 210]
Event: 12.825 Thread 0x0000000019c32800 Exception <a 'java/lang/ClassNotFoundException': org/gradle/api/internal/DefaultDomainObjectCollectionBeanInfo> (0x00000000e0f8bc20) thrown at [D:\src\AOSP-openjdk-cygwin\jdk8u\hotspot\src\share\vm\classfile\systemDictionary.cpp, line 210]
Event: 12.826 Thread 0x0000000019c32800 Exception <a 'java/lang/ClassNotFoundException': java/util/AbstractCollectionBeanInfo> (0x00000000e0f90378) thrown at [D:\src\AOSP-openjdk-cygwin\jdk8u\hotspot\src\share\vm\classfile\systemDictionary.cpp, line 210]
Event: 12.826 Thread 0x0000000019c32800 Exception <a 'java/lang/ClassNotFoundException': java/util/AbstractCollectionCustomizer> (0x00000000e0f94ae0) thrown at [D:\src\AOSP-openjdk-cygwin\jdk8u\hotspot\src\share\vm\classfile\systemDictionary.cpp, line 210]
Event: 12.829 Thread 0x0000000019c32800 Exception <a 'java/lang/ClassNotFoundException': org/gradle/api/internal/DefaultDomainObjectCollectionCustomizer> (0x00000000e0fd42e8) thrown at [D:\src\AOSP-openjdk-cygwin\jdk8u\hotspot\src\share\vm\classfile\systemDictionary.cpp, line 210]
Event: 12.833 Thread 0x0000000019c32800 Exception <a 'java/lang/ClassNotFoundException': org/gradle/api/internal/DefaultNamedDomainObjectCollectionCustomizer> (0x00000000e1032308) thrown at [D:\src\AOSP-openjdk-cygwin\jdk8u\hotspot\src\share\vm\classfile\systemDictionary.cpp, line 210]
Event: 12.838 Thread 0x0000000019c32800 Exception <a 'java/lang/ClassNotFoundException': org/gradle/api/internal/DefaultNamedDomainObjectListCustomizer> (0x00000000e10a6a98) thrown at [D:\src\AOSP-openjdk-cygwin\jdk8u\hotspot\src\share\vm\classfile\systemDictionary.cpp, line 210]
Event: 12.840 Thread 0x0000000019c32800 Exception <a 'java/lang/ClassNotFoundException': org/gradle/api/internal/artifacts/DefaultArtifactRepositoryContainerCustomizer> (0x00000000e111c290) thrown at [D:\src\AOSP-openjdk-cygwin\jdk8u\hotspot\src\share\vm\classfile\systemDictionary.cpp, line 210
Event: 12.842 Thread 0x0000000019c32800 Exception <a 'java/lang/ClassNotFoundException': org/gradle/api/internal/artifacts/dsl/DefaultRepositoryHandlerCustomizer> (0x00000000e1181eb0) thrown at [D:\src\AOSP-openjdk-cygwin\jdk8u\hotspot\src\share\vm\classfile\systemDictionary.cpp, line 210]
Event: 12.845 Thread 0x0000000019c32800 Exception <a 'java/lang/ClassNotFoundException': org/gradle/api/internal/artifacts/dsl/DefaultRepositoryHandler_DecoratedCustomizer> (0x00000000e11fe188) thrown at [D:\src\AOSP-openjdk-cygwin\jdk8u\hotspot\src\share\vm\classfile\systemDictionary.cpp, line

Events (10 events):
Event: 13.394 loading class org/gradle/api/artifacts/ResolutionStrategy
Event: 13.394 loading class org/gradle/api/artifacts/ResolutionStrategy done
Event: 13.396 loading class org/gradle/api/artifacts/PublishArtifactSet
Event: 13.396 loading class org/gradle/api/artifacts/PublishArtifactSet done
Event: 13.396 loading class org/gradle/api/artifacts/ConfigurationPublications
Event: 13.396 loading class org/gradle/api/artifacts/ConfigurationPublications done
Event: 13.397 loading class org/gradle/api/artifacts/DependencySet
Event: 13.397 loading class org/gradle/api/artifacts/DependencySet done
Event: 13.397 loading class org/gradle/api/artifacts/DependencyConstraintSet
Event: 13.397 loading class org/gradle/api/artifacts/DependencyConstraintSet done


Dynamic libraries:
0x00007ff6fac70000 - 0x00007ff6faca1000 	C:\Program Files\Android\Android Studio\jre\bin\java.exe
0x00007ffd56be0000 - 0x00007ffd56dd0000 	C:\WINDOWS\SYSTEM32\ntdll.dll
0x00007ffd4e340000 - 0x00007ffd4e352000 	C:\Program Files\AVG\Antivirus\aswhook.dll
0x00007ffd56090000 - 0x00007ffd56142000 	C:\WINDOWS\System32\KERNEL32.DLL
0x00007ffd54960000 - 0x00007ffd54c04000 	C:\WINDOWS\System32\KERNELBASE.dll
0x00007ffd562d0000 - 0x00007ffd56373000 	C:\WINDOWS\System32\ADVAPI32.dll
0x00007ffd56520000 - 0x00007ffd565be000 	C:\WINDOWS\System32\msvcrt.dll
0x00007ffd565c0000 - 0x00007ffd56657000 	C:\WINDOWS\System32\sechost.dll
0x00007ffd55f70000 - 0x00007ffd56090000 	C:\WINDOWS\System32\RPCRT4.dll
0x00007ffd550a0000 - 0x00007ffd55235000 	C:\WINDOWS\System32\USER32.dll
0x00007ffd53be0000 - 0x00007ffd53c01000 	C:\WINDOWS\System32\win32u.dll
0x00007ffd55380000 - 0x00007ffd553a6000 	C:\WINDOWS\System32\GDI32.dll
0x00007ffd54710000 - 0x00007ffd548a6000 	C:\WINDOWS\System32\gdi32full.dll
0x00007ffd54670000 - 0x00007ffd5470e000 	C:\WINDOWS\System32\msvcp_win.dll
0x00007ffd53c10000 - 0x00007ffd53d0a000 	C:\WINDOWS\System32\ucrtbase.dll
0x00007ffd3f380000 - 0x00007ffd3f604000 	C:\WINDOWS\WinSxS\amd64_microsoft.windows.common-controls_6595b64144ccf1df_6.0.18362.1016_none_9e7a36bbe461dae4\COMCTL32.dll
0x00007ffd54c90000 - 0x00007ffd54fc5000 	C:\WINDOWS\System32\combase.dll
0x00007ffd53b60000 - 0x00007ffd53be0000 	C:\WINDOWS\System32\bcryptPrimitives.dll
0x00007ffd564f0000 - 0x00007ffd5651e000 	C:\WINDOWS\System32\IMM32.DLL
0x0000000062540000 - 0x0000000062612000 	C:\Program Files\Android\Android Studio\jre\jre\bin\msvcr100.dll
0x0000000062920000 - 0x0000000063166000 	C:\Program Files\Android\Android Studio\jre\jre\bin\server\jvm.dll
0x00007ffd56880000 - 0x00007ffd56888000 	C:\WINDOWS\System32\PSAPI.DLL
0x00007ffd43c00000 - 0x00007ffd43c09000 	C:\WINDOWS\SYSTEM32\WSOCK32.dll
0x00007ffd55310000 - 0x00007ffd5537f000 	C:\WINDOWS\System32\WS2_32.dll
0x00007ffd51a60000 - 0x00007ffd51a84000 	C:\WINDOWS\SYSTEM32\WINMM.dll
0x00007ffd4a700000 - 0x00007ffd4a70a000 	C:\WINDOWS\SYSTEM32\VERSION.dll
0x00007ffd51a30000 - 0x00007ffd51a5d000 	C:\WINDOWS\SYSTEM32\WINMMBASE.dll
0x00007ffd545f0000 - 0x00007ffd5463a000 	C:\WINDOWS\System32\cfgmgr32.dll
0x00007ffd51dd0000 - 0x00007ffd51ddf000 	C:\Program Files\Android\Android Studio\jre\jre\bin\verify.dll
0x00007ffd4f750000 - 0x00007ffd4f779000 	C:\Program Files\Android\Android Studio\jre\jre\bin\java.dll
0x00007ffd51cc0000 - 0x00007ffd51cd6000 	C:\Program Files\Android\Android Studio\jre\jre\bin\zip.dll
0x00007ffd55410000 - 0x00007ffd55af7000 	C:\WINDOWS\System32\SHELL32.dll
0x00007ffd56390000 - 0x00007ffd56439000 	C:\WINDOWS\System32\shcore.dll
0x00007ffd53d10000 - 0x00007ffd54492000 	C:\WINDOWS\System32\windows.storage.dll
0x00007ffd53ac0000 - 0x00007ffd53ae3000 	C:\WINDOWS\System32\profapi.dll
0x00007ffd53b10000 - 0x00007ffd53b5a000 	C:\WINDOWS\System32\powrprof.dll
0x00007ffd53a90000 - 0x00007ffd53aa0000 	C:\WINDOWS\System32\UMPDC.dll
0x00007ffd553b0000 - 0x00007ffd55402000 	C:\WINDOWS\System32\shlwapi.dll
0x00007ffd53aa0000 - 0x00007ffd53ab1000 	C:\WINDOWS\System32\kernel.appcore.dll
0x00007ffd54c10000 - 0x00007ffd54c27000 	C:\WINDOWS\System32\cryptsp.dll
0x00007ffd51970000 - 0x00007ffd5198a000 	C:\Program Files\Android\Android Studio\jre\jre\bin\net.dll
0x00007ffd47440000 - 0x00007ffd47616000 	C:\WINDOWS\SYSTEM32\urlmon.dll
0x00007ffd47750000 - 0x00007ffd479f6000 	C:\WINDOWS\SYSTEM32\iertutil.dll
0x00007ffd534c0000 - 0x00007ffd534cc000 	C:\WINDOWS\SYSTEM32\CRYPTBASE.DLL
0x00007ffd532f0000 - 0x00007ffd53357000 	C:\WINDOWS\system32\mswsock.dll
0x00007ffd4c9d0000 - 0x00007ffd4c9e3000 	C:\Program Files\Android\Android Studio\jre\jre\bin\nio.dll
0x00007ffd2b290000 - 0x00007ffd2b2b6000 	C:\Users\basker\.gradle\native\30\windows-amd64\native-platform.dll
0x00007ffd51b00000 - 0x00007ffd51b0d000 	C:\Program Files\Android\Android Studio\jre\jre\bin\management.dll
0x00007ffd52e00000 - 0x00007ffd52e33000 	C:\WINDOWS\system32\rsaenh.dll
0x00007ffd54640000 - 0x00007ffd54666000 	C:\WINDOWS\System32\bcrypt.dll
0x00007ffd53980000 - 0x00007ffd539a5000 	C:\WINDOWS\SYSTEM32\USERENV.dll
0x00007ffd53000000 - 0x00007ffd5303a000 	C:\WINDOWS\SYSTEM32\IPHLPAPI.DLL
0x00007ffd56b20000 - 0x00007ffd56b28000 	C:\WINDOWS\System32\NSI.dll
0x00007ffd4ac20000 - 0x00007ffd4ac36000 	C:\WINDOWS\SYSTEM32\dhcpcsvc6.DLL
0x00007ffd4ac60000 - 0x00007ffd4ac7c000 	C:\WINDOWS\SYSTEM32\dhcpcsvc.DLL
0x00007ffd53040000 - 0x00007ffd5310b000 	C:\WINDOWS\SYSTEM32\DNSAPI.dll

VM Arguments:
jvm_args: -Xmx1536m -Dfile.encoding=windows-1252 -Duser.country=US -Duser.language=en -Duser.variant 
java_command: org.gradle.launcher.daemon.bootstrap.GradleDaemon 5.6.4
java_class_path (initial): C:\Users\basker\.gradle\wrapper\dists\gradle-5.6.4-all\ankdp27end7byghfw1q2sw75f\gradle-5.6.4\lib\gradle-launcher-5.6.4.jar
Launcher Type: SUN_STANDARD

Environment Variables:
PATH=C:\Program Files (x86)\Common Files\Oracle\Java\javapath;C:\Program Files (x86)\NVIDIA Corporation\PhysX\Common;C:\Program Files (x86)\Intel\iCLS Client\;C:\Program Files\Intel\iCLS Client\;C:\WINDOWS\system32;C:\WINDOWS;C:\WINDOWS\System32\Wbem;C:\WINDOWS\System32\WindowsPowerShell\v1.0\;C:\Program Files\Intel\Intel(R) Management Engine Components\DAL;C:\Program Files\Intel\Intel(R) Management Engine Components\IPT;C:\Program Files (x86)\Intel\Intel(R) Management Engine Components\DAL;C:\Program Files (x86)\Intel\Intel(R) Management Engine Components\IPT;C:\Program Files (x86)\Intel\OpenCL SDK\2.0\bin\x86;C:\Program Files (x86)\Intel\OpenCL SDK\2.0\bin\x64;C:\Program Files\Lenovo\Bluetooth Software\;C:\Program Files\Lenovo\Bluetooth Software\syswow64;C:\WINDOWS\System32\OpenSSH\;C:\Program Files\nodejs\;C:\Users\basker\AppData\Local\Android\Sdk\platforms;C:\Users\basker\AppData\Local\Android\Sdk\platform-tools;C:\Users\basker\.gradle\wrapper\dists\gradle-5.6.4-all\ankdp27end7byghfw1q2sw75f\gradle-5.6.4\bin;C:\Program Files\Git\cmd;C:\Program Files\MySQL\MySQL Shell 8.0\bin\;C:\Users\basker\AppData\Local\Microsoft\WindowsApps;C:\Users\basker\AppData\Roaming\npm;C:\Users\basker\AppData\Local\Programs\Microsoft VS Code\bin;C:\Users\basker\.gradle\wrapper\dists\gradle-5.6.4-all\ankdp27end7byghfw1q2sw75f\gradle-5.6.4\bin;
USERNAME=basker
OS=Windows_NT
PROCESSOR_IDENTIFIER=Intel64 Family 6 Model 58 Stepping 9, GenuineIntel



---------------  S Y S T E M  ---------------

OS: Windows 10.0 , 64 bit Build 18362 (10.0.18362.959)

CPU:total 4 (initial active 4) (2 cores per cpu, 2 threads per core) family 6 model 58 stepping 9, cmov, cx8, fxsr, mmx, sse, sse2, sse3, ssse3, sse4.1, sse4.2, popcnt, avx, aes, clmul, erms, ht, tsc, tscinvbit, tscinv

Memory: 4k page, physical 4056852k(260640k free), swap 5481236k(5308k free)

vm_info: OpenJDK 64-Bit Server VM (25.212-b04) for windows-amd64 JRE (1.8.0_212-release-1586-b04), built by "builder" with MS VC++ 10.0 (VS2010)

time: Fri Sep 04 00:05:58 2020
timezone: India Standard Time
elapsed time: 13 seconds (0d 0h 0m 13s)

