#
# There is insufficient memory for the Java Runtime Environment to continue.
# Native memory allocation (malloc) failed to allocate 1055216 bytes for Chunk::new
# Possible reasons:
#   The system is out of physical RAM or swap space
#   The process is running with CompressedOops enabled, and the Java Heap may be blocking the growth of the native heap
# Possible solutions:
#   Reduce memory load on the system
#   Increase physical memory or swap space
#   Check if swap backing store is full
#   Decrease Java heap size (-Xmx/-Xms)
#   Decrease number of Java threads
#   Decrease Java thread stack sizes (-Xss)
#   Set larger code cache with -XX:ReservedCodeCacheSize=
#   JVM is running with Unscaled Compressed Oops mode in which the Java heap is
#     placed in the first 4GB address space. The Java Heap base address is the
#     maximum limit for the native heap growth. Please use -XX:HeapBaseMinAddress
#     to set the Java Heap base and to place the Java Heap above 4GB virtual address.
# This output file may be truncated or incomplete.
#
#  Out of Memory Error (allocation.cpp:389), pid=208, tid=0x0000000000002a6c
#
# JRE version: OpenJDK Runtime Environment (8.0_212-b04) (build 1.8.0_212-release-1586-b04)
# Java VM: OpenJDK 64-Bit Server VM (25.212-b04 mixed mode windows-amd64 compressed oops)
# Failed to write core dump. Minidumps are not enabled by default on client versions of Windows
#

---------------  T H R E A D  ---------------

Current thread (0x0000000015df2000):  JavaThread "C2 CompilerThread1" daemon [_thread_in_native, id=10860, stack(0x0000000017560000,0x0000000017660000)]

Stack: [0x0000000017560000,0x0000000017660000]
[error occurred during error reporting (printing stack bounds), id 0xc0000005]

Native frames: (J=compiled Java code, j=interpreted, Vv=VM code, C=native code)


Current CompileTask:
C2:   4414 1423   !   4       java.net.URLClassLoader$1::run (63 bytes)


---------------  P R O C E S S  ---------------

Java Threads: ( => current thread )
  0x0000000019987000 JavaThread "Cache worker for journal cache (C:\Users\basker\.gradle\caches\journal-1)" [_thread_blocked, id=8824, stack(0x000000001bb80000,0x000000001bc80000)]
  0x0000000019986800 JavaThread "File lock request listener" [_thread_in_native, id=9400, stack(0x000000001ba80000,0x000000001bb80000)]
  0x0000000019982000 JavaThread "Cache worker for file hash cache (C:\Users\basker\.gradle\caches\5.6.4\fileHashes)" [_thread_blocked, id=13236, stack(0x000000001b980000,0x000000001ba80000)]
  0x00000000197e0000 JavaThread "Thread-9" [_thread_blocked, id=13168, stack(0x000000001b680000,0x000000001b780000)]
  0x0000000019835000 JavaThread "Stdin handler" [_thread_blocked, id=6272, stack(0x000000001b580000,0x000000001b680000)]
  0x0000000019834000 JavaThread "Asynchronous log dispatcher for DefaultDaemonConnection: socket connection from /127.0.0.1:60347 to /127.0.0.1:60348" [_thread_blocked, id=10232, stack(0x000000001b480000,0x000000001b580000)]
  0x00000000197e6000 JavaThread "Daemon worker" [_thread_in_Java, id=8404, stack(0x000000001b380000,0x000000001b480000)]
  0x0000000019790000 JavaThread "Cancel handler" [_thread_blocked, id=12300, stack(0x000000001b280000,0x000000001b380000)]
  0x0000000019772800 JavaThread "Handler for socket connection from /127.0.0.1:60347 to /127.0.0.1:60348" [_thread_in_native, id=9652, stack(0x000000001af80000,0x000000001b080000)]
  0x000000001976a800 JavaThread "Daemon" [_thread_blocked, id=2864, stack(0x000000001ae80000,0x000000001af80000)]
  0x0000000019750800 JavaThread "Daemon periodic checks" [_thread_blocked, id=7092, stack(0x000000001ad80000,0x000000001ae80000)]
  0x000000001970b800 JavaThread "Incoming local TCP Connector on port 60347" [_thread_in_native, id=11012, stack(0x000000001ab40000,0x000000001ac40000)]
  0x0000000019642000 JavaThread "Daemon health stats" [_thread_blocked, id=2060, stack(0x000000001a500000,0x000000001a600000)]
  0x0000000017783000 JavaThread "Service Thread" daemon [_thread_blocked, id=2296, stack(0x0000000017b60000,0x0000000017c60000)]
  0x0000000015dfb000 JavaThread "C1 CompilerThread2" daemon [_thread_blocked, id=9512, stack(0x0000000017660000,0x0000000017760000)]
=>0x0000000015df2000 JavaThread "C2 CompilerThread1" daemon [_thread_in_native, id=10860, stack(0x0000000017560000,0x0000000017660000)]
  0x0000000015dee800 JavaThread "C2 CompilerThread0" daemon [_thread_in_native, id=804, stack(0x0000000017460000,0x0000000017560000)]
  0x0000000015dec800 JavaThread "Attach Listener" daemon [_thread_blocked, id=1700, stack(0x0000000017360000,0x0000000017460000)]
  0x0000000015df9000 JavaThread "Signal Dispatcher" daemon [_thread_blocked, id=12404, stack(0x0000000017260000,0x0000000017360000)]
  0x000000000247d000 JavaThread "Finalizer" daemon [_thread_blocked, id=12036, stack(0x0000000017060000,0x0000000017160000)]
  0x0000000015dd9000 JavaThread "Reference Handler" daemon [_thread_blocked, id=4776, stack(0x0000000016f60000,0x0000000017060000)]
  0x000000000227e000 JavaThread "main" [_thread_blocked, id=8912, stack(0x0000000002280000,0x0000000002380000)]

Other Threads:
  0x0000000015db6800 VMThread [stack: 0x0000000016e60000,0x0000000016f60000] [id=2836]
  0x0000000015e4e800 WatcherThread [stack: 0x0000000017c60000,0x0000000017d60000] [id=2532]

VM state:at safepoint (normal execution)

VM Mutex/Monitor currently owned by a thread:  ([mutex/lock_event])
[0x000000000227d0f0] Threads_lock - owner thread: 0x0000000015db6800
[0x000000000227da70] Heap_lock - owner thread: 0x00000000197e6000

heap address: 0x00000000a0000000, size: 1536 MB, Compressed Oops mode: 32-bit
Narrow klass base: 0x0000000000000000, Narrow klass shift: 3
Compressed class space size: 1073741824 Address: 0x0000000100000000

Heap:
 PSYoungGen      total 35328K, used 33454K [0x00000000e0000000, 0x00000000e2a00000, 0x0000000100000000)
  eden space 29696K, 100% used [0x00000000e0000000,0x00000000e1d00000,0x00000000e1d00000)
  from space 5632K, 66% used [0x00000000e1d00000,0x00000000e20abab8,0x00000000e2280000)
  to   space 5632K, 11% used [0x00000000e2480000,0x00000000e2524010,0x00000000e2a00000)
 ParOldGen       total 42496K, used 4476K [0x00000000a0000000, 0x00000000a2980000, 0x00000000e0000000)
  object space 42496K, 10% used [0x00000000a0000000,0x00000000a045f3d0,0x00000000a2980000)
 Metaspace       used 15757K, capacity 16194K, committed 16512K, reserved 1062912K
  class space    used 2229K, capacity 2393K, committed 2432K, reserved 1048576K

Card table byte_map: [0x0000000011840000,0x0000000011b50000] byte_map_base: 0x0000000011340000

Marking Bits: (ParMarkBitMap*) 0x00000000630e9f30
 Begin Bits: [0x0000000012150000, 0x0000000013950000)
 End Bits:   [0x0000000013950000, 0x0000000015150000)

Polling page: 0x00000000007f0000

CodeCache: size=245760Kb used=5320Kb max_used=5320Kb free=240439Kb
 bounds [0x0000000002480000, 0x00000000029c0000, 0x0000000011480000]
 total_blobs=1881 nmethods=1490 adapters=304
 compilation: enabled

Compilation events (10 events):
Event: 4.400 Thread 0x0000000015dfb000 1484       3       com.google.common.base.Splitter$1$1::separatorEnd (4 bytes)
Event: 4.400 Thread 0x0000000015dfb000 nmethod 1484 0x00000000029aeb50 code [0x00000000029aeca0, 0x00000000029aedf0]
Event: 4.400 Thread 0x0000000015dfb000 1485       3       com.google.common.base.AbstractIterator::next (34 bytes)
Event: 4.400 Thread 0x0000000015dfb000 nmethod 1485 0x00000000029aee90 code [0x00000000029af020, 0x00000000029af358]
Event: 4.400 Thread 0x0000000015dfb000 1486       3       com.google.common.base.CharMatcher$FastMatcher::<init> (5 bytes)
Event: 4.400 Thread 0x0000000015dfb000 nmethod 1486 0x00000000029af490 code [0x00000000029af600, 0x00000000029af810]
Event: 4.400 Thread 0x0000000015dfb000 1487       3       com.google.common.base.CharMatcher::<init> (5 bytes)
Event: 4.401 Thread 0x0000000015dfb000 nmethod 1487 0x00000000029af910 code [0x00000000029afa60, 0x00000000029afc10]
Event: 4.401 Thread 0x0000000015dfb000 1488       3       org.gradle.configuration.DefaultImportsReader$2::processLine (70 bytes)
Event: 4.412 Thread 0x0000000015dfb000 nmethod 1488 0x00000000029afcd0 code [0x00000000029aff20, 0x00000000029b0e98]

GC Heap History (10 events):
Event: 1.808 GC heap before
{Heap before GC invocations=3 (full 0):
 PSYoungGen      total 18432K, used 18412K [0x00000000e0000000, 0x00000000e1480000, 0x0000000100000000)
  eden space 15872K, 100% used [0x00000000e0000000,0x00000000e0f80000,0x00000000e0f80000)
  from space 2560K, 99% used [0x00000000e1200000,0x00000000e147b170,0x00000000e1480000)
  to   space 2560K, 0% used [0x00000000e0f80000,0x00000000e0f80000,0x00000000e1200000)
 ParOldGen       total 42496K, used 599K [0x00000000a0000000, 0x00000000a2980000, 0x00000000e0000000)
  object space 42496K, 1% used [0x00000000a0000000,0x00000000a0095ec0,0x00000000a2980000)
 Metaspace       used 6733K, capacity 6944K, committed 7040K, reserved 1056768K
  class space    used 817K, capacity 876K, committed 896K, reserved 1048576K
Event: 1.810 GC heap after
Heap after GC invocations=3 (full 0):
 PSYoungGen      total 18432K, used 2016K [0x00000000e0000000, 0x00000000e1480000, 0x0000000100000000)
  eden space 15872K, 0% used [0x00000000e0000000,0x00000000e0000000,0x00000000e0f80000)
  from space 2560K, 78% used [0x00000000e0f80000,0x00000000e1178020,0x00000000e1200000)
  to   space 2560K, 0% used [0x00000000e1200000,0x00000000e1200000,0x00000000e1480000)
 ParOldGen       total 42496K, used 607K [0x00000000a0000000, 0x00000000a2980000, 0x00000000e0000000)
  object space 42496K, 1% used [0x00000000a0000000,0x00000000a0097ec0,0x00000000a2980000)
 Metaspace       used 6733K, capacity 6944K, committed 7040K, reserved 1056768K
  class space    used 817K, capacity 876K, committed 896K, reserved 1048576K
}
Event: 2.051 GC heap before
{Heap before GC invocations=4 (full 0):
 PSYoungGen      total 18432K, used 17888K [0x00000000e0000000, 0x00000000e1480000, 0x0000000100000000)
  eden space 15872K, 100% used [0x00000000e0000000,0x00000000e0f80000,0x00000000e0f80000)
  from space 2560K, 78% used [0x00000000e0f80000,0x00000000e1178020,0x00000000e1200000)
  to   space 2560K, 0% used [0x00000000e1200000,0x00000000e1200000,0x00000000e1480000)
 ParOldGen       total 42496K, used 607K [0x00000000a0000000, 0x00000000a2980000, 0x00000000e0000000)
  object space 42496K, 1% used [0x00000000a0000000,0x00000000a0097ec0,0x00000000a2980000)
 Metaspace       used 6952K, capacity 7192K, committed 7424K, reserved 1056768K
  class space    used 851K, capacity 916K, committed 1024K, reserved 1048576K
Event: 2.054 GC heap after
Heap after GC invocations=4 (full 0):
 PSYoungGen      total 18432K, used 2528K [0x00000000e0000000, 0x00000000e1480000, 0x0000000100000000)
  eden space 15872K, 0% used [0x00000000e0000000,0x00000000e0000000,0x00000000e0f80000)
  from space 2560K, 98% used [0x00000000e1200000,0x00000000e1478020,0x00000000e1480000)
  to   space 2560K, 0% used [0x00000000e0f80000,0x00000000e0f80000,0x00000000e1200000)
 ParOldGen       total 42496K, used 1116K [0x00000000a0000000, 0x00000000a2980000, 0x00000000e0000000)
  object space 42496K, 2% used [0x00000000a0000000,0x00000000a01173d8,0x00000000a2980000)
 Metaspace       used 6952K, capacity 7192K, committed 7424K, reserved 1056768K
  class space    used 851K, capacity 916K, committed 1024K, reserved 1048576K
}
Event: 2.267 GC heap before
{Heap before GC invocations=5 (full 0):
 PSYoungGen      total 18432K, used 18400K [0x00000000e0000000, 0x00000000e1480000, 0x0000000100000000)
  eden space 15872K, 100% used [0x00000000e0000000,0x00000000e0f80000,0x00000000e0f80000)
  from space 2560K, 98% used [0x00000000e1200000,0x00000000e1478020,0x00000000e1480000)
  to   space 2560K, 0% used [0x00000000e0f80000,0x00000000e0f80000,0x00000000e1200000)
 ParOldGen       total 42496K, used 1116K [0x00000000a0000000, 0x00000000a2980000, 0x00000000e0000000)
  object space 42496K, 2% used [0x00000000a0000000,0x00000000a01173d8,0x00000000a2980000)
 Metaspace       used 8985K, capacity 9224K, committed 9472K, reserved 1056768K
  class space    used 1161K, capacity 1260K, committed 1280K, reserved 1048576K
Event: 2.272 GC heap after
Heap after GC invocations=5 (full 0):
 PSYoungGen      total 18432K, used 2544K [0x00000000e0000000, 0x00000000e2800000, 0x0000000100000000)
  eden space 15872K, 0% used [0x00000000e0000000,0x00000000e0000000,0x00000000e0f80000)
  from space 2560K, 99% used [0x00000000e0f80000,0x00000000e11fc010,0x00000000e1200000)
  to   space 4608K, 0% used [0x00000000e2380000,0x00000000e2380000,0x00000000e2800000)
 ParOldGen       total 42496K, used 2691K [0x00000000a0000000, 0x00000000a2980000, 0x00000000e0000000)
  object space 42496K, 6% used [0x00000000a0000000,0x00000000a02a0d28,0x00000000a2980000)
 Metaspace       used 8985K, capacity 9224K, committed 9472K, reserved 1056768K
  class space    used 1161K, capacity 1260K, committed 1280K, reserved 1048576K
}
Event: 3.743 GC heap before
{Heap before GC invocations=6 (full 0):
 PSYoungGen      total 18432K, used 18416K [0x00000000e0000000, 0x00000000e2800000, 0x0000000100000000)
  eden space 15872K, 100% used [0x00000000e0000000,0x00000000e0f80000,0x00000000e0f80000)
  from space 2560K, 99% used [0x00000000e0f80000,0x00000000e11fc010,0x00000000e1200000)
  to   space 4608K, 0% used [0x00000000e2380000,0x00000000e2380000,0x00000000e2800000)
 ParOldGen       total 42496K, used 2691K [0x00000000a0000000, 0x00000000a2980000, 0x00000000e0000000)
  object space 42496K, 6% used [0x00000000a0000000,0x00000000a02a0d28,0x00000000a2980000)
 Metaspace       used 12235K, capacity 12622K, committed 12928K, reserved 1060864K
  class space    used 1638K, capacity 1793K, committed 1920K, reserved 1048576K
Event: 3.752 GC heap after
Heap after GC invocations=6 (full 0):
 PSYoungGen      total 20480K, used 4608K [0x00000000e0000000, 0x00000000e2800000, 0x0000000100000000)
  eden space 15872K, 0% used [0x00000000e0000000,0x00000000e0000000,0x00000000e0f80000)
  from space 4608K, 100% used [0x00000000e2380000,0x00000000e2800000,0x00000000e2800000)
  to   space 5632K, 0% used [0x00000000e1d00000,0x00000000e1d00000,0x00000000e2280000)
 ParOldGen       total 42496K, used 2924K [0x00000000a0000000, 0x00000000a2980000, 0x00000000e0000000)
  object space 42496K, 6% used [0x00000000a0000000,0x00000000a02db380,0x00000000a2980000)
 Metaspace       used 12235K, capacity 12622K, committed 12928K, reserved 1060864K
  class space    used 1638K, capacity 1793K, committed 1920K, reserved 1048576K
}
Event: 3.936 GC heap before
{Heap before GC invocations=7 (full 0):
 PSYoungGen      total 20480K, used 20480K [0x00000000e0000000, 0x00000000e2800000, 0x0000000100000000)
  eden space 15872K, 100% used [0x00000000e0000000,0x00000000e0f80000,0x00000000e0f80000)
  from space 4608K, 100% used [0x00000000e2380000,0x00000000e2800000,0x00000000e2800000)
  to   space 5632K, 0% used [0x00000000e1d00000,0x00000000e1d00000,0x00000000e2280000)
 ParOldGen       total 42496K, used 2924K [0x00000000a0000000, 0x00000000a2980000, 0x00000000e0000000)
  object space 42496K, 6% used [0x00000000a0000000,0x00000000a02db380,0x00000000a2980000)
 Metaspace       used 13414K, capacity 13780K, committed 14080K, reserved 1060864K
  class space    used 1841K, capacity 1988K, committed 2048K, reserved 1048576K
Event: 3.942 GC heap after
Heap after GC invocations=7 (full 0):
 PSYoungGen      total 35328K, used 3758K [0x00000000e0000000, 0x00000000e2a00000, 0x0000000100000000)
  eden space 29696K, 0% used [0x00000000e0000000,0x00000000e0000000,0x00000000e1d00000)
  from space 5632K, 66% used [0x00000000e1d00000,0x00000000e20abab8,0x00000000e2280000)
  to   space 5632K, 0% used [0x00000000e2480000,0x00000000e2480000,0x00000000e2a00000)
 ParOldGen       total 42496K, used 4340K [0x00000000a0000000, 0x00000000a2980000, 0x00000000e0000000)
  object space 42496K, 10% used [0x00000000a0000000,0x00000000a043d3d0,0x00000000a2980000)
 Metaspace       used 13414K, capacity 13780K, committed 14080K, reserved 1060864K
  class space    used 1841K, capacity 1988K, committed 2048K, reserved 1048576K
}

Deoptimization events (10 events):
Event: 2.798 Thread 0x000000000227e000 Uncommon trap: reason=unstable_if action=reinterpret pc=0x000000000271eec0 method=java.io.WinNTFileSystem.normalize(Ljava/lang/String;)Ljava/lang/String; @ 128
Event: 3.605 Thread 0x0000000019772800 Uncommon trap: reason=unstable_if action=reinterpret pc=0x0000000002876bec method=java.util.concurrent.ConcurrentHashMap.putVal(Ljava/lang/Object;Ljava/lang/Object;Z)Ljava/lang/Object; @ 206
Event: 3.669 Thread 0x00000000197e6000 Uncommon trap: reason=bimorphic action=maybe_recompile pc=0x0000000002716474 method=java.util.HashMap.putVal(ILjava/lang/Object;Ljava/lang/Object;ZZ)Ljava/lang/Object; @ 253
Event: 3.669 Thread 0x00000000197e6000 Uncommon trap: reason=bimorphic action=maybe_recompile pc=0x0000000002716474 method=java.util.HashMap.putVal(ILjava/lang/Object;Ljava/lang/Object;ZZ)Ljava/lang/Object; @ 253
Event: 3.669 Thread 0x00000000197e6000 Uncommon trap: reason=bimorphic action=maybe_recompile pc=0x0000000002716474 method=java.util.HashMap.putVal(ILjava/lang/Object;Ljava/lang/Object;ZZ)Ljava/lang/Object; @ 253
Event: 3.951 Thread 0x00000000197e6000 Uncommon trap: reason=class_check action=maybe_recompile pc=0x000000000275c098 method=java.util.regex.Matcher.match(II)Z @ 86
Event: 3.976 Thread 0x00000000197e6000 Uncommon trap: reason=class_check action=maybe_recompile pc=0x000000000275c098 method=java.util.regex.Matcher.match(II)Z @ 86
Event: 3.977 Thread 0x00000000197e6000 Uncommon trap: reason=class_check action=maybe_recompile pc=0x000000000275c098 method=java.util.regex.Matcher.match(II)Z @ 86
Event: 3.977 Thread 0x00000000197e6000 Uncommon trap: reason=class_check action=maybe_recompile pc=0x00000000025f2c5c method=java.util.regex.Matcher.match(II)Z @ 86
Event: 4.344 Thread 0x00000000197e6000 Uncommon trap: reason=unstable_if action=reinterpret pc=0x0000000002903434 method=java.lang.String.lastIndexOf([CII[CIII)I @ 66

Classes redefined (0 events):
No events

Internal exceptions (10 events):
Event: 3.606 Thread 0x0000000019772800 Exception <a 'java/lang/NoSuchMethodError': <clinit>> (0x00000000e093d2e0) thrown at [D:\src\AOSP-openjdk-cygwin\jdk8u\hotspot\src\share\vm\prims\jni.cpp, line 1614]
Event: 3.607 Thread 0x0000000019772800 Exception <a 'java/lang/NoSuchMethodError': <clinit>> (0x00000000e09470a0) thrown at [D:\src\AOSP-openjdk-cygwin\jdk8u\hotspot\src\share\vm\prims\jni.cpp, line 1614]
Event: 3.609 Thread 0x0000000019772800 Exception <a 'java/lang/NoSuchMethodError': <clinit>> (0x00000000e095bac0) thrown at [D:\src\AOSP-openjdk-cygwin\jdk8u\hotspot\src\share\vm\prims\jni.cpp, line 1614]
Event: 3.621 Thread 0x0000000019772800 Exception <a 'java/lang/NoSuchMethodError': <clinit>> (0x00000000e09b7278) thrown at [D:\src\AOSP-openjdk-cygwin\jdk8u\hotspot\src\share\vm\prims\jni.cpp, line 1614]
Event: 3.628 Thread 0x0000000019772800 Exception <a 'java/lang/NoSuchMethodError': <clinit>> (0x00000000e09eee10) thrown at [D:\src\AOSP-openjdk-cygwin\jdk8u\hotspot\src\share\vm\prims\jni.cpp, line 1614]
Event: 3.634 Thread 0x0000000019772800 Exception <a 'java/lang/NoSuchMethodError': <clinit>> (0x00000000e0a25108) thrown at [D:\src\AOSP-openjdk-cygwin\jdk8u\hotspot\src\share\vm\prims\jni.cpp, line 1614]
Event: 3.635 Thread 0x0000000019772800 Exception <a 'java/lang/NoSuchMethodError': <clinit>> (0x00000000e0a304a0) thrown at [D:\src\AOSP-openjdk-cygwin\jdk8u\hotspot\src\share\vm\prims\jni.cpp, line 1614]
Event: 4.296 Thread 0x00000000197e6000 Exception <a 'java/lang/NoSuchMethodError': java.lang.Object.lambda$and$0(Ljava/util/function/Predicate;Ljava/lang/Object;)Z> (0x00000000e18d5e78) thrown at [D:\src\AOSP-openjdk-cygwin\jdk8u\hotspot\src\share\vm\interpreter\linkResolver.cpp, line 620]
Event: 4.307 Thread 0x00000000197e6000 Exception <a 'java/lang/IncompatibleClassChangeError': Found class java.lang.Object, but interface was expected> (0x00000000e18ec160) thrown at [D:\src\AOSP-openjdk-cygwin\jdk8u\hotspot\src\share\vm\interpreter\linkResolver.cpp, line 653]
Event: 4.310 Thread 0x00000000197e6000 Exception <a 'java/lang/NoSuchMethodError': java.lang.Object.lambda$or$2(Ljava/util/function/Predicate;Ljava/lang/Object;)Z> (0x00000000e18f1070) thrown at [D:\src\AOSP-openjdk-cygwin\jdk8u\hotspot\src\share\vm\interpreter\linkResolver.cpp, line 620]

Events (10 events):
Event: 4.385 loading class com/google/common/base/Splitter$SplittingIterator
Event: 4.385 loading class com/google/common/base/Splitter$SplittingIterator done
Event: 4.386 loading class com/google/common/base/AbstractIterator
Event: 4.386 loading class com/google/common/base/AbstractIterator done
Event: 4.387 loading class com/google/common/base/Splitter$1$1
Event: 4.387 loading class com/google/common/base/Splitter$1$1 done
Event: 4.387 loading class com/google/common/base/AbstractIterator$State
Event: 4.387 loading class com/google/common/base/AbstractIterator$State done
Event: 4.388 loading class com/google/common/base/AbstractIterator$1
Event: 4.388 loading class com/google/common/base/AbstractIterator$1 done


Dynamic libraries:
0x00007ff6fac70000 - 0x00007ff6faca1000 	C:\Program Files\Android\Android Studio\jre\bin\java.exe
0x00007ffd56be0000 - 0x00007ffd56dd0000 	C:\WINDOWS\SYSTEM32\ntdll.dll
0x00007ffd4e340000 - 0x00007ffd4e352000 	C:\Program Files\AVG\Antivirus\aswhook.dll
0x00007ffd56090000 - 0x00007ffd56142000 	C:\WINDOWS\System32\KERNEL32.DLL
0x00007ffd54960000 - 0x00007ffd54c04000 	C:\WINDOWS\System32\KERNELBASE.dll
0x00007ffd562d0000 - 0x00007ffd56373000 	C:\WINDOWS\System32\ADVAPI32.dll
0x00007ffd56520000 - 0x00007ffd565be000 	C:\WINDOWS\System32\msvcrt.dll
0x00007ffd565c0000 - 0x00007ffd56657000 	C:\WINDOWS\System32\sechost.dll
0x00007ffd55f70000 - 0x00007ffd56090000 	C:\WINDOWS\System32\RPCRT4.dll
0x00007ffd550a0000 - 0x00007ffd55235000 	C:\WINDOWS\System32\USER32.dll
0x00007ffd53be0000 - 0x00007ffd53c01000 	C:\WINDOWS\System32\win32u.dll
0x00007ffd55380000 - 0x00007ffd553a6000 	C:\WINDOWS\System32\GDI32.dll
0x00007ffd54710000 - 0x00007ffd548a6000 	C:\WINDOWS\System32\gdi32full.dll
0x00007ffd54670000 - 0x00007ffd5470e000 	C:\WINDOWS\System32\msvcp_win.dll
0x00007ffd53c10000 - 0x00007ffd53d0a000 	C:\WINDOWS\System32\ucrtbase.dll
0x00007ffd3f380000 - 0x00007ffd3f604000 	C:\WINDOWS\WinSxS\amd64_microsoft.windows.common-controls_6595b64144ccf1df_6.0.18362.1016_none_9e7a36bbe461dae4\COMCTL32.dll
0x00007ffd54c90000 - 0x00007ffd54fc5000 	C:\WINDOWS\System32\combase.dll
0x00007ffd53b60000 - 0x00007ffd53be0000 	C:\WINDOWS\System32\bcryptPrimitives.dll
0x00007ffd564f0000 - 0x00007ffd5651e000 	C:\WINDOWS\System32\IMM32.DLL
0x0000000062540000 - 0x0000000062612000 	C:\Program Files\Android\Android Studio\jre\jre\bin\msvcr100.dll
0x0000000062920000 - 0x0000000063166000 	C:\Program Files\Android\Android Studio\jre\jre\bin\server\jvm.dll
0x00007ffd56880000 - 0x00007ffd56888000 	C:\WINDOWS\System32\PSAPI.DLL
0x00007ffd43c00000 - 0x00007ffd43c09000 	C:\WINDOWS\SYSTEM32\WSOCK32.dll
0x00007ffd55310000 - 0x00007ffd5537f000 	C:\WINDOWS\System32\WS2_32.dll
0x00007ffd51a60000 - 0x00007ffd51a84000 	C:\WINDOWS\SYSTEM32\WINMM.dll
0x00007ffd4a700000 - 0x00007ffd4a70a000 	C:\WINDOWS\SYSTEM32\VERSION.dll
0x00007ffd51a30000 - 0x00007ffd51a5d000 	C:\WINDOWS\SYSTEM32\WINMMBASE.dll
0x00007ffd545f0000 - 0x00007ffd5463a000 	C:\WINDOWS\System32\cfgmgr32.dll
0x00007ffd51dd0000 - 0x00007ffd51ddf000 	C:\Program Files\Android\Android Studio\jre\jre\bin\verify.dll
0x00007ffd4f750000 - 0x00007ffd4f779000 	C:\Program Files\Android\Android Studio\jre\jre\bin\java.dll
0x00007ffd51cc0000 - 0x00007ffd51cd6000 	C:\Program Files\Android\Android Studio\jre\jre\bin\zip.dll
0x00007ffd55410000 - 0x00007ffd55af7000 	C:\WINDOWS\System32\SHELL32.dll
0x00007ffd56390000 - 0x00007ffd56439000 	C:\WINDOWS\System32\shcore.dll
0x00007ffd53d10000 - 0x00007ffd54492000 	C:\WINDOWS\System32\windows.storage.dll
0x00007ffd53ac0000 - 0x00007ffd53ae3000 	C:\WINDOWS\System32\profapi.dll
0x00007ffd53b10000 - 0x00007ffd53b5a000 	C:\WINDOWS\System32\powrprof.dll
0x00007ffd53a90000 - 0x00007ffd53aa0000 	C:\WINDOWS\System32\UMPDC.dll
0x00007ffd553b0000 - 0x00007ffd55402000 	C:\WINDOWS\System32\shlwapi.dll
0x00007ffd53aa0000 - 0x00007ffd53ab1000 	C:\WINDOWS\System32\kernel.appcore.dll
0x00007ffd54c10000 - 0x00007ffd54c27000 	C:\WINDOWS\System32\cryptsp.dll
0x00007ffd51970000 - 0x00007ffd5198a000 	C:\Program Files\Android\Android Studio\jre\jre\bin\net.dll
0x00007ffd47440000 - 0x00007ffd47616000 	C:\WINDOWS\SYSTEM32\urlmon.dll
0x00007ffd47750000 - 0x00007ffd479f6000 	C:\WINDOWS\SYSTEM32\iertutil.dll
0x00007ffd534c0000 - 0x00007ffd534cc000 	C:\WINDOWS\SYSTEM32\CRYPTBASE.DLL
0x00007ffd532f0000 - 0x00007ffd53357000 	C:\WINDOWS\system32\mswsock.dll
0x00007ffd4c9d0000 - 0x00007ffd4c9e3000 	C:\Program Files\Android\Android Studio\jre\jre\bin\nio.dll
0x00007ffd2b290000 - 0x00007ffd2b2b6000 	C:\Users\basker\.gradle\native\30\windows-amd64\native-platform.dll
0x00007ffd51b00000 - 0x00007ffd51b0d000 	C:\Program Files\Android\Android Studio\jre\jre\bin\management.dll
0x00007ffd52e00000 - 0x00007ffd52e33000 	C:\WINDOWS\system32\rsaenh.dll
0x00007ffd54640000 - 0x00007ffd54666000 	C:\WINDOWS\System32\bcrypt.dll
0x00007ffd53980000 - 0x00007ffd539a5000 	C:\WINDOWS\SYSTEM32\USERENV.dll
0x00007ffd53000000 - 0x00007ffd5303a000 	C:\WINDOWS\SYSTEM32\IPHLPAPI.DLL
0x00007ffd56b20000 - 0x00007ffd56b28000 	C:\WINDOWS\System32\NSI.dll
0x00007ffd4ac20000 - 0x00007ffd4ac36000 	C:\WINDOWS\SYSTEM32\dhcpcsvc6.DLL
0x00007ffd4ac60000 - 0x00007ffd4ac7c000 	C:\WINDOWS\SYSTEM32\dhcpcsvc.DLL
0x00007ffd53040000 - 0x00007ffd5310b000 	C:\WINDOWS\SYSTEM32\DNSAPI.dll

VM Arguments:
jvm_args: -Xmx1536m -Dfile.encoding=windows-1252 -Duser.country=US -Duser.language=en -Duser.variant 
java_command: org.gradle.launcher.daemon.bootstrap.GradleDaemon 5.6.4
java_class_path (initial): C:\Users\basker\.gradle\wrapper\dists\gradle-5.6.4-all\ankdp27end7byghfw1q2sw75f\gradle-5.6.4\lib\gradle-launcher-5.6.4.jar
Launcher Type: SUN_STANDARD

Environment Variables:
PATH=C:\Program Files (x86)\Common Files\Oracle\Java\javapath;C:\Program Files (x86)\NVIDIA Corporation\PhysX\Common;C:\Program Files (x86)\Intel\iCLS Client\;C:\Program Files\Intel\iCLS Client\;C:\WINDOWS\system32;C:\WINDOWS;C:\WINDOWS\System32\Wbem;C:\WINDOWS\System32\WindowsPowerShell\v1.0\;C:\Program Files\Intel\Intel(R) Management Engine Components\DAL;C:\Program Files\Intel\Intel(R) Management Engine Components\IPT;C:\Program Files (x86)\Intel\Intel(R) Management Engine Components\DAL;C:\Program Files (x86)\Intel\Intel(R) Management Engine Components\IPT;C:\Program Files (x86)\Intel\OpenCL SDK\2.0\bin\x86;C:\Program Files (x86)\Intel\OpenCL SDK\2.0\bin\x64;C:\Program Files\Lenovo\Bluetooth Software\;C:\Program Files\Lenovo\Bluetooth Software\syswow64;C:\WINDOWS\System32\OpenSSH\;C:\Program Files\nodejs\;C:\Users\basker\AppData\Local\Android\Sdk\platforms;C:\Users\basker\AppData\Local\Android\Sdk\platform-tools;C:\Users\basker\.gradle\wrapper\dists\gradle-5.6.4-all\ankdp27end7byghfw1q2sw75f\gradle-5.6.4\bin;C:\Program Files\Git\cmd;C:\Program Files\MySQL\MySQL Shell 8.0\bin\;C:\Users\basker\AppData\Local\Microsoft\WindowsApps;C:\Users\basker\AppData\Roaming\npm;C:\Users\basker\AppData\Local\Programs\Microsoft VS Code\bin;C:\Users\basker\.gradle\wrapper\dists\gradle-5.6.4-all\ankdp27end7byghfw1q2sw75f\gradle-5.6.4\bin;
USERNAME=basker
OS=Windows_NT
PROCESSOR_IDENTIFIER=Intel64 Family 6 Model 58 Stepping 9, GenuineIntel



---------------  S Y S T E M  ---------------

OS: Windows 10.0 , 64 bit Build 18362 (10.0.18362.959)

CPU:total 4 (initial active 4) (2 cores per cpu, 2 threads per core) family 6 model 58 stepping 9, cmov, cx8, fxsr, mmx, sse, sse2, sse3, ssse3, sse4.1, sse4.2, popcnt, avx, aes, clmul, erms, ht, tsc, tscinvbit, tscinv

Memory: 4k page, physical 4056852k(290008k free), swap 5481236k(4828k free)

vm_info: OpenJDK 64-Bit Server VM (25.212-b04) for windows-amd64 JRE (1.8.0_212-release-1586-b04), built by "builder" with MS VC++ 10.0 (VS2010)

time: Fri Sep 04 00:07:00 2020
timezone: India Standard Time
elapsed time: 4 seconds (0d 0h 0m 4s)

