#
# There is insufficient memory for the Java Runtime Environment to continue.
# Native memory allocation (malloc) failed to allocate 32744 bytes for ChunkPool::allocate
# Possible reasons:
#   The system is out of physical RAM or swap space
#   The process is running with CompressedOops enabled, and the Java Heap may be blocking the growth of the native heap
# Possible solutions:
#   Reduce memory load on the system
#   Increase physical memory or swap space
#   Check if swap backing store is full
#   Decrease Java heap size (-Xmx/-Xms)
#   Decrease number of Java threads
#   Decrease Java thread stack sizes (-Xss)
#   Set larger code cache with -XX:ReservedCodeCacheSize=
#   JVM is running with Unscaled Compressed Oops mode in which the Java heap is
#     placed in the first 4GB address space. The Java Heap base address is the
#     maximum limit for the native heap growth. Please use -XX:HeapBaseMinAddress
#     to set the Java Heap base and to place the Java Heap above 4GB virtual address.
# This output file may be truncated or incomplete.
#
#  Out of Memory Error (allocation.cpp:272), pid=9156, tid=0x0000000000002a14
#
# JRE version: OpenJDK Runtime Environment (8.0_212-b04) (build 1.8.0_212-release-1586-b04)
# Java VM: OpenJDK 64-Bit Server VM (25.212-b04 mixed mode windows-amd64 compressed oops)
# Failed to write core dump. Minidumps are not enabled by default on client versions of Windows
#

---------------  T H R E A D  ---------------

Current thread (0x0000000019e95800):  JavaThread "Daemon worker" [_thread_in_vm, id=10772, stack(0x000000001b940000,0x000000001ba40000)]

Stack: [0x000000001b940000,0x000000001ba40000]
[error occurred during error reporting (printing stack bounds), id 0xc0000005]

Native frames: (J=compiled Java code, j=interpreted, Vv=VM code, C=native code)

Java frames: (J=compiled Java code, j=interpreted, Vv=VM code)
j  org.gradle.api.internal.CollectionCallbackActionDecorator.<clinit>()V+0
v  ~StubRoutines::call_stub
j  org.gradle.internal.service.scopes.GlobalScopeServices.createDomainObjectCollectionFactory(Lorg/gradle/internal/instantiation/InstantiatorFactory;Lorg/gradle/internal/service/ServiceRegistry;)Lorg/gradle/api/internal/collections/DomainObjectCollectionFactory;+6
v  ~StubRoutines::call_stub
j  sun.reflect.NativeMethodAccessorImpl.invoke0(Ljava/lang/reflect/Method;Ljava/lang/Object;[Ljava/lang/Object;)Ljava/lang/Object;+0
j  sun.reflect.NativeMethodAccessorImpl.invoke(Ljava/lang/Object;[Ljava/lang/Object;)Ljava/lang/Object;+100
J 1139 C1 sun.reflect.DelegatingMethodAccessorImpl.invoke(Ljava/lang/Object;[Ljava/lang/Object;)Ljava/lang/Object; (10 bytes) @ 0x0000000002e7f444 [0x0000000002e7f340+0x104]
J 1138 C1 java.lang.reflect.Method.invoke(Ljava/lang/Object;[Ljava/lang/Object;)Ljava/lang/Object; (62 bytes) @ 0x0000000002e7ee6c [0x0000000002e7ea80+0x3ec]
j  org.gradle.internal.reflect.JavaMethod.invoke(Ljava/lang/Object;[Ljava/lang/Object;)Ljava/lang/Object;+6
j  org.gradle.internal.service.ReflectionBasedServiceMethod.invoke(Ljava/lang/Object;[Ljava/lang/Object;)Ljava/lang/Object;+6
j  org.gradle.internal.service.DefaultServiceRegistry$FactoryMethodService.invokeMethod([Ljava/lang/Object;)Ljava/lang/Object;+9
j  org.gradle.internal.service.DefaultServiceRegistry$FactoryService.create()Ljava/lang/Object;+7
J 1506 C1 org.gradle.internal.service.DefaultServiceRegistry$ManagedObjectServiceProvider.getInstance()Ljava/lang/Object; (81 bytes) @ 0x0000000002f6db4c [0x0000000002f6d900+0x24c]
J 1505 C1 org.gradle.internal.service.DefaultServiceRegistry$SingletonService.get()Ljava/lang/Object; (5 bytes) @ 0x0000000002f6d5f4 [0x0000000002f6d500+0xf4]
j  org.gradle.internal.service.DefaultServiceRegistry$FactoryService.assembleParameters()[Ljava/lang/Object;+44
j  org.gradle.internal.service.DefaultServiceRegistry$FactoryService.create()Ljava/lang/Object;+1
J 1506 C1 org.gradle.internal.service.DefaultServiceRegistry$ManagedObjectServiceProvider.getInstance()Ljava/lang/Object; (81 bytes) @ 0x0000000002f6db4c [0x0000000002f6d900+0x24c]
J 1505 C1 org.gradle.internal.service.DefaultServiceRegistry$SingletonService.get()Ljava/lang/Object; (5 bytes) @ 0x0000000002f6d5f4 [0x0000000002f6d500+0xf4]
j  org.gradle.internal.service.DefaultServiceRegistry$FactoryService.assembleParameters()[Ljava/lang/Object;+44
j  org.gradle.internal.service.DefaultServiceRegistry$FactoryService.create()Ljava/lang/Object;+1
J 1506 C1 org.gradle.internal.service.DefaultServiceRegistry$ManagedObjectServiceProvider.getInstance()Ljava/lang/Object; (81 bytes) @ 0x0000000002f6db4c [0x0000000002f6d900+0x24c]
J 1505 C1 org.gradle.internal.service.DefaultServiceRegistry$SingletonService.get()Ljava/lang/Object; (5 bytes) @ 0x0000000002f6d5f4 [0x0000000002f6d500+0xf4]
j  org.gradle.internal.service.DefaultServiceRegistry.find(Ljava/lang/reflect/Type;)Ljava/lang/Object;+22
j  org.gradle.internal.service.DefaultServiceRegistry.get(Ljava/lang/reflect/Type;)Ljava/lang/Object;+2
j  org.gradle.internal.service.DefaultServiceRegistry.get(Ljava/lang/Class;)Ljava/lang/Object;+3
j  org.gradle.tooling.internal.provider.ContinuousBuildActionExecuter.waitForDeployments(Lorg/gradle/internal/invocation/BuildAction;Lorg/gradle/initialization/BuildRequestContext;Lorg/gradle/launcher/exec/BuildActionParameters;Lorg/gradle/internal/service/ServiceRegistry;Lorg/gradle/execution/CancellableOperationManager;)V+4
j  org.gradle.tooling.internal.provider.ContinuousBuildActionExecuter.execute(Lorg/gradle/internal/invocation/BuildAction;Lorg/gradle/initialization/BuildRequestContext;Lorg/gradle/launcher/exec/BuildActionParameters;Lorg/gradle/internal/service/ServiceRegistry;)Lorg/gradle/launcher/exec/BuildActionResult;+107
j  org.gradle.tooling.internal.provider.ContinuousBuildActionExecuter.execute(Lorg/gradle/internal/invocation/BuildAction;Lorg/gradle/initialization/BuildRequestContext;Ljava/lang/Object;Lorg/gradle/internal/service/ServiceRegistry;)Lorg/gradle/launcher/exec/BuildActionResult;+9
j  org.gradle.tooling.internal.provider.SubscribableBuildActionExecuter.execute(Lorg/gradle/internal/invocation/BuildAction;Lorg/gradle/initialization/BuildRequestContext;Lorg/gradle/launcher/exec/BuildActionParameters;Lorg/gradle/internal/service/ServiceRegistry;)Lorg/gradle/launcher/exec/BuildActionResult;+45
j  org.gradle.tooling.internal.provider.SubscribableBuildActionExecuter.execute(Lorg/gradle/internal/invocation/BuildAction;Lorg/gradle/initialization/BuildRequestContext;Ljava/lang/Object;Lorg/gradle/internal/service/ServiceRegistry;)Lorg/gradle/launcher/exec/BuildActionResult;+9
j  org.gradle.tooling.internal.provider.SessionScopeBuildActionExecuter.execute(Lorg/gradle/internal/invocation/BuildAction;Lorg/gradle/initialization/BuildRequestContext;Lorg/gradle/launcher/exec/BuildActionParameters;Lorg/gradle/internal/service/ServiceRegistry;)Lorg/gradle/launcher/exec/BuildActionResult;+117
j  org.gradle.tooling.internal.provider.SessionScopeBuildActionExecuter.execute(Lorg/gradle/internal/invocation/BuildAction;Lorg/gradle/initialization/BuildRequestContext;Ljava/lang/Object;Lorg/gradle/internal/service/ServiceRegistry;)Lorg/gradle/launcher/exec/BuildActionResult;+9
j  org.gradle.tooling.internal.provider.GradleThreadBuildActionExecuter.execute(Lorg/gradle/internal/invocation/BuildAction;Lorg/gradle/initialization/BuildRequestContext;Lorg/gradle/launcher/exec/BuildActionParameters;Lorg/gradle/internal/service/ServiceRegistry;)Lorg/gradle/launcher/exec/BuildActionResult;+12
j  org.gradle.tooling.internal.provider.GradleThreadBuildActionExecuter.execute(Lorg/gradle/internal/invocation/BuildAction;Lorg/gradle/initialization/BuildRequestContext;Ljava/lang/Object;Lorg/gradle/internal/service/ServiceRegistry;)Lorg/gradle/launcher/exec/BuildActionResult;+9
j  org.gradle.tooling.internal.provider.ParallelismConfigurationBuildActionExecuter.execute(Lorg/gradle/internal/invocation/BuildAction;Lorg/gradle/initialization/BuildRequestContext;Lorg/gradle/launcher/exec/BuildActionParameters;Lorg/gradle/internal/service/ServiceRegistry;)Lorg/gradle/launcher/exec/BuildActionResult;+43
j  org.gradle.tooling.internal.provider.ParallelismConfigurationBuildActionExecuter.execute(Lorg/gradle/internal/invocation/BuildAction;Lorg/gradle/initialization/BuildRequestContext;Ljava/lang/Object;Lorg/gradle/internal/service/ServiceRegistry;)Lorg/gradle/launcher/exec/BuildActionResult;+9
j  org.gradle.tooling.internal.provider.StartParamsValidatingActionExecuter.execute(Lorg/gradle/internal/invocation/BuildAction;Lorg/gradle/initialization/BuildRequestContext;Lorg/gradle/launcher/exec/BuildActionParameters;Lorg/gradle/internal/service/ServiceRegistry;)Lorg/gradle/launcher/exec/BuildActionResult;+177
j  org.gradle.tooling.internal.provider.StartParamsValidatingActionExecuter.execute(Lorg/gradle/internal/invocation/BuildAction;Lorg/gradle/initialization/BuildRequestContext;Ljava/lang/Object;Lorg/gradle/internal/service/ServiceRegistry;)Lorg/gradle/launcher/exec/BuildActionResult;+9
j  org.gradle.tooling.internal.provider.SessionFailureReportingActionExecuter.execute(Lorg/gradle/internal/invocation/BuildAction;Lorg/gradle/initialization/BuildRequestContext;Lorg/gradle/launcher/exec/BuildActionParameters;Lorg/gradle/internal/service/ServiceRegistry;)Lorg/gradle/launcher/exec/BuildActionResult;+9
j  org.gradle.tooling.internal.provider.SessionFailureReportingActionExecuter.execute(Lorg/gradle/internal/invocation/BuildAction;Lorg/gradle/initialization/BuildRequestContext;Ljava/lang/Object;Lorg/gradle/internal/service/ServiceRegistry;)Lorg/gradle/launcher/exec/BuildActionResult;+9
j  org.gradle.tooling.internal.provider.SetupLoggingActionExecuter.execute(Lorg/gradle/internal/invocation/BuildAction;Lorg/gradle/initialization/BuildRequestContext;Lorg/gradle/launcher/exec/BuildActionParameters;Lorg/gradle/internal/service/ServiceRegistry;)Lorg/gradle/launcher/exec/BuildActionResult;+52
j  org.gradle.tooling.internal.provider.SetupLoggingActionExecuter.execute(Lorg/gradle/internal/invocation/BuildAction;Lorg/gradle/initialization/BuildRequestContext;Ljava/lang/Object;Lorg/gradle/internal/service/ServiceRegistry;)Lorg/gradle/launcher/exec/BuildActionResult;+9
j  org.gradle.launcher.daemon.server.exec.ExecuteBuild.doBuild(Lorg/gradle/launcher/daemon/server/api/DaemonCommandExecution;Lorg/gradle/launcher/daemon/protocol/Build;)V+118
j  org.gradle.launcher.daemon.server.exec.BuildCommandOnly.execute(Lorg/gradle/launcher/daemon/server/api/DaemonCommandExecution;)V+49
j  org.gradle.launcher.daemon.server.api.DaemonCommandExecution.proceed()Z+23
j  org.gradle.launcher.daemon.server.exec.WatchForDisconnection.execute(Lorg/gradle/launcher/daemon/server/api/DaemonCommandExecution;)V+19
j  org.gradle.launcher.daemon.server.api.DaemonCommandExecution.proceed()Z+23
j  org.gradle.launcher.daemon.server.exec.ResetDeprecationLogger.execute(Lorg/gradle/launcher/daemon/server/api/DaemonCommandExecution;)V+4
j  org.gradle.launcher.daemon.server.api.DaemonCommandExecution.proceed()Z+23
j  org.gradle.launcher.daemon.server.exec.RequestStopIfSingleUsedDaemon.execute(Lorg/gradle/launcher/daemon/server/api/DaemonCommandExecution;)V+33
j  org.gradle.launcher.daemon.server.api.DaemonCommandExecution.proceed()Z+23
j  org.gradle.launcher.daemon.server.exec.ForwardClientInput$2.create()Ljava/lang/Void;+4
j  org.gradle.launcher.daemon.server.exec.ForwardClientInput$2.create()Ljava/lang/Object;+1
j  org.gradle.util.Swapper.swap(Ljava/lang/Object;Lorg/gradle/internal/Factory;)Ljava/lang/Object;+21
j  org.gradle.launcher.daemon.server.exec.ForwardClientInput.execute(Lorg/gradle/launcher/daemon/server/api/DaemonCommandExecution;)V+63
j  org.gradle.launcher.daemon.server.api.DaemonCommandExecution.proceed()Z+23
j  org.gradle.launcher.daemon.server.exec.LogAndCheckHealth.execute(Lorg/gradle/launcher/daemon/server/api/DaemonCommandExecution;)V+28
j  org.gradle.launcher.daemon.server.api.DaemonCommandExecution.proceed()Z+23
j  org.gradle.launcher.daemon.server.exec.LogToClient.doBuild(Lorg/gradle/launcher/daemon/server/api/DaemonCommandExecution;Lorg/gradle/launcher/daemon/protocol/Build;)V+87
j  org.gradle.launcher.daemon.server.exec.BuildCommandOnly.execute(Lorg/gradle/launcher/daemon/server/api/DaemonCommandExecution;)V+49
j  org.gradle.launcher.daemon.server.api.DaemonCommandExecution.proceed()Z+23
j  org.gradle.launcher.daemon.server.exec.EstablishBuildEnvironment.doBuild(Lorg/gradle/launcher/daemon/server/api/DaemonCommandExecution;Lorg/gradle/launcher/daemon/protocol/Build;)V+351
j  org.gradle.launcher.daemon.server.exec.BuildCommandOnly.execute(Lorg/gradle/launcher/daemon/server/api/DaemonCommandExecution;)V+49
j  org.gradle.launcher.daemon.server.api.DaemonCommandExecution.proceed()Z+23
j  org.gradle.launcher.daemon.server.exec.StartBuildOrRespondWithBusy$1.run()V+44
j  org.gradle.launcher.daemon.server.DaemonStateCoordinator$1.run()V+4
j  org.gradle.internal.concurrent.ExecutorPolicy$CatchAndRecordFailures.onExecute(Ljava/lang/Runnable;)V+1
j  org.gradle.internal.concurrent.ManagedExecutorImpl$1.run()V+25
j  java.util.concurrent.ThreadPoolExecutor.runWorker(Ljava/util/concurrent/ThreadPoolExecutor$Worker;)V+95
j  java.util.concurrent.ThreadPoolExecutor$Worker.run()V+5
j  org.gradle.internal.concurrent.ThreadFactoryImpl$ManagedThreadRunnable.run()V+7
j  java.lang.Thread.run()V+11
v  ~StubRoutines::call_stub

---------------  P R O C E S S  ---------------

Java Threads: ( => current thread )
  0x000000001a167000 JavaThread "Cache worker for journal cache (C:\Users\basker\.gradle\caches\journal-1)" [_thread_blocked, id=2664, stack(0x000000001c140000,0x000000001c240000)]
  0x000000001a16c000 JavaThread "File lock request listener" [_thread_in_native, id=5060, stack(0x000000001c040000,0x000000001c140000)]
  0x000000001a16d000 JavaThread "Cache worker for file hash cache (C:\Users\basker\.gradle\caches\5.6.4\fileHashes)" [_thread_blocked, id=6148, stack(0x000000001bf40000,0x000000001c040000)]
  0x0000000019e94800 JavaThread "Thread-9" [_thread_blocked, id=6248, stack(0x000000001bc40000,0x000000001bd40000)]
  0x0000000019f15000 JavaThread "Stdin handler" [_thread_blocked, id=2876, stack(0x000000001bb40000,0x000000001bc40000)]
  0x0000000019f14000 JavaThread "Asynchronous log dispatcher for DefaultDaemonConnection: socket connection from /127.0.0.1:53005 to /127.0.0.1:53006" [_thread_blocked, id=4464, stack(0x000000001ba40000,0x000000001bb40000)]
=>0x0000000019e95800 JavaThread "Daemon worker" [_thread_in_vm, id=10772, stack(0x000000001b940000,0x000000001ba40000)]
  0x0000000019f12000 JavaThread "Cancel handler" [_thread_blocked, id=5904, stack(0x000000001b840000,0x000000001b940000)]
  0x0000000019ec4000 JavaThread "Handler for socket connection from /127.0.0.1:53005 to /127.0.0.1:53006" [_thread_in_native, id=7292, stack(0x000000001b540000,0x000000001b640000)]
  0x0000000019ec1800 JavaThread "Daemon" [_thread_blocked, id=9284, stack(0x000000001b440000,0x000000001b540000)]
  0x0000000019eac800 JavaThread "Daemon periodic checks" [_thread_blocked, id=1772, stack(0x000000001b340000,0x000000001b440000)]
  0x0000000019eb0000 JavaThread "Incoming local TCP Connector on port 53005" [_thread_in_native, id=9520, stack(0x000000001b100000,0x000000001b200000)]
  0x0000000019dc2000 JavaThread "Daemon health stats" [_thread_blocked, id=7540, stack(0x000000001aac0000,0x000000001abc0000)]
  0x0000000017d49800 JavaThread "Service Thread" daemon [_thread_blocked, id=4216, stack(0x0000000018120000,0x0000000018220000)]
  0x00000000163b9000 JavaThread "C1 CompilerThread2" daemon [_thread_blocked, id=11048, stack(0x0000000017c20000,0x0000000017d20000)]
  0x00000000163ac800 JavaThread "C2 CompilerThread1" daemon [_thread_in_native, id=4620, stack(0x0000000017b20000,0x0000000017c20000)]
  0x00000000163a9000 JavaThread "C2 CompilerThread0" daemon [_thread_in_native, id=2816, stack(0x0000000017a20000,0x0000000017b20000)]
  0x00000000163b6800 JavaThread "Attach Listener" daemon [_thread_blocked, id=4912, stack(0x0000000017920000,0x0000000017a20000)]
  0x00000000163b5800 JavaThread "Signal Dispatcher" daemon [_thread_blocked, id=3564, stack(0x0000000017820000,0x0000000017920000)]
  0x0000000002a3b800 JavaThread "Finalizer" daemon [_thread_blocked, id=8288, stack(0x0000000017620000,0x0000000017720000)]
  0x0000000016399000 JavaThread "Reference Handler" daemon [_thread_blocked, id=4800, stack(0x0000000017520000,0x0000000017620000)]
  0x00000000027de000 JavaThread "main" [_thread_blocked, id=9164, stack(0x0000000002840000,0x0000000002940000)]

Other Threads:
  0x0000000016376800 VMThread [stack: 0x0000000017420000,0x0000000017520000] [id=7488]
  0x0000000017d4b800 WatcherThread [stack: 0x0000000018220000,0x0000000018320000] [id=4304]

VM state:not at safepoint (normal execution)

VM Mutex/Monitor currently owned by a thread: None

heap address: 0x00000000a0000000, size: 1536 MB, Compressed Oops mode: 32-bit
Narrow klass base: 0x0000000000000000, Narrow klass shift: 3
Compressed class space size: 1073741824 Address: 0x0000000100000000

Heap:
 PSYoungGen      total 35328K, used 15395K [0x00000000e0000000, 0x00000000e2a00000, 0x0000000100000000)
  eden space 29696K, 35% used [0x00000000e0000000,0x00000000e0a34038,0x00000000e1d00000)
  from space 5632K, 87% used [0x00000000e2480000,0x00000000e2954d20,0x00000000e2a00000)
  to   space 5632K, 0% used [0x00000000e1d00000,0x00000000e1d00000,0x00000000e2280000)
 ParOldGen       total 42496K, used 4934K [0x00000000a0000000, 0x00000000a2980000, 0x00000000e0000000)
  object space 42496K, 11% used [0x00000000a0000000,0x00000000a04d1850,0x00000000a2980000)
 Metaspace       used 16784K, capacity 17246K, committed 17536K, reserved 1064960K
  class space    used 2382K, capacity 2563K, committed 2688K, reserved 1048576K

Card table byte_map: [0x0000000011e00000,0x0000000012110000] byte_map_base: 0x0000000011900000

Marking Bits: (ParMarkBitMap*) 0x00000000672d9f30
 Begin Bits: [0x0000000012710000, 0x0000000013f10000)
 End Bits:   [0x0000000013f10000, 0x0000000015710000)

Polling page: 0x0000000000dd0000

CodeCache: size=245760Kb used=5426Kb max_used=5426Kb free=240333Kb
 bounds [0x0000000002a40000, 0x0000000002f90000, 0x0000000011a40000]
 total_blobs=1959 nmethods=1558 adapters=314
 compilation: enabled

Compilation events (10 events):
Event: 4.922 Thread 0x00000000163b9000 1561       3       sun.misc.ProxyGenerator$ConstantPool::getMethodRef (33 bytes)
Event: 4.923 Thread 0x00000000163b9000 nmethod 1561 0x0000000002f89c50 code [0x0000000002f89ee0, 0x0000000002f8ac88]
Event: 4.923 Thread 0x00000000163b9000 1562       3       sun.misc.ProxyGenerator::access$900 (5 bytes)
Event: 4.924 Thread 0x00000000163b9000 nmethod 1562 0x0000000002f8b790 code [0x0000000002f8b900, 0x0000000002f8bb68]
Event: 4.998 Thread 0x00000000163b9000 1563       3       org.objectweb.asm.SymbolTable::get (13 bytes)
Event: 4.998 Thread 0x00000000163b9000 nmethod 1563 0x0000000002f8ce10 code [0x0000000002f8cf60, 0x0000000002f8d0f0]
Event: 5.033 Thread 0x00000000163b9000 1564       3       java.lang.StringBuilder::<init> (6 bytes)
Event: 5.033 Thread 0x00000000163b9000 nmethod 1564 0x0000000002f8d3d0 code [0x0000000002f8d540, 0x0000000002f8d7f0]
Event: 5.034 Thread 0x00000000163b9000 1565       3       java.util.regex.Pattern$Branch::match (66 bytes)
Event: 5.035 Thread 0x00000000163b9000 nmethod 1565 0x0000000002f8d910 code [0x0000000002f8daa0, 0x0000000002f8df78]

GC Heap History (10 events):
Event: 2.050 GC heap before
{Heap before GC invocations=4 (full 0):
 PSYoungGen      total 18432K, used 17920K [0x00000000e0000000, 0x00000000e1480000, 0x0000000100000000)
  eden space 15872K, 100% used [0x00000000e0000000,0x00000000e0f80000,0x00000000e0f80000)
  from space 2560K, 80% used [0x00000000e0f80000,0x00000000e1180020,0x00000000e1200000)
  to   space 2560K, 0% used [0x00000000e1200000,0x00000000e1200000,0x00000000e1480000)
 ParOldGen       total 42496K, used 572K [0x00000000a0000000, 0x00000000a2980000, 0x00000000e0000000)
  object space 42496K, 1% used [0x00000000a0000000,0x00000000a008f1e0,0x00000000a2980000)
 Metaspace       used 6946K, capacity 7192K, committed 7424K, reserved 1056768K
  class space    used 851K, capacity 916K, committed 1024K, reserved 1048576K
Event: 2.054 GC heap after
Heap after GC invocations=4 (full 0):
 PSYoungGen      total 18432K, used 2528K [0x00000000e0000000, 0x00000000e1480000, 0x0000000100000000)
  eden space 15872K, 0% used [0x00000000e0000000,0x00000000e0000000,0x00000000e0f80000)
  from space 2560K, 98% used [0x00000000e1200000,0x00000000e1478020,0x00000000e1480000)
  to   space 2560K, 0% used [0x00000000e0f80000,0x00000000e0f80000,0x00000000e1200000)
 ParOldGen       total 42496K, used 1092K [0x00000000a0000000, 0x00000000a2980000, 0x00000000e0000000)
  object space 42496K, 2% used [0x00000000a0000000,0x00000000a0111200,0x00000000a2980000)
 Metaspace       used 6946K, capacity 7192K, committed 7424K, reserved 1056768K
  class space    used 851K, capacity 916K, committed 1024K, reserved 1048576K
}
Event: 2.260 GC heap before
{Heap before GC invocations=5 (full 0):
 PSYoungGen      total 18432K, used 18400K [0x00000000e0000000, 0x00000000e1480000, 0x0000000100000000)
  eden space 15872K, 100% used [0x00000000e0000000,0x00000000e0f80000,0x00000000e0f80000)
  from space 2560K, 98% used [0x00000000e1200000,0x00000000e1478020,0x00000000e1480000)
  to   space 2560K, 0% used [0x00000000e0f80000,0x00000000e0f80000,0x00000000e1200000)
 ParOldGen       total 42496K, used 1092K [0x00000000a0000000, 0x00000000a2980000, 0x00000000e0000000)
  object space 42496K, 2% used [0x00000000a0000000,0x00000000a0111200,0x00000000a2980000)
 Metaspace       used 8987K, capacity 9228K, committed 9472K, reserved 1056768K
  class space    used 1162K, capacity 1262K, committed 1280K, reserved 1048576K
Event: 2.264 GC heap after
Heap after GC invocations=5 (full 0):
 PSYoungGen      total 18432K, used 2544K [0x00000000e0000000, 0x00000000e2800000, 0x0000000100000000)
  eden space 15872K, 0% used [0x00000000e0000000,0x00000000e0000000,0x00000000e0f80000)
  from space 2560K, 99% used [0x00000000e0f80000,0x00000000e11fc010,0x00000000e1200000)
  to   space 4608K, 0% used [0x00000000e2380000,0x00000000e2380000,0x00000000e2800000)
 ParOldGen       total 42496K, used 2650K [0x00000000a0000000, 0x00000000a2980000, 0x00000000e0000000)
  object space 42496K, 6% used [0x00000000a0000000,0x00000000a0296a98,0x00000000a2980000)
 Metaspace       used 8987K, capacity 9228K, committed 9472K, reserved 1056768K
  class space    used 1162K, capacity 1262K, committed 1280K, reserved 1048576K
}
Event: 3.843 GC heap before
{Heap before GC invocations=6 (full 0):
 PSYoungGen      total 18432K, used 18416K [0x00000000e0000000, 0x00000000e2800000, 0x0000000100000000)
  eden space 15872K, 100% used [0x00000000e0000000,0x00000000e0f80000,0x00000000e0f80000)
  from space 2560K, 99% used [0x00000000e0f80000,0x00000000e11fc010,0x00000000e1200000)
  to   space 4608K, 0% used [0x00000000e2380000,0x00000000e2380000,0x00000000e2800000)
 ParOldGen       total 42496K, used 2650K [0x00000000a0000000, 0x00000000a2980000, 0x00000000e0000000)
  object space 42496K, 6% used [0x00000000a0000000,0x00000000a0296a98,0x00000000a2980000)
 Metaspace       used 12287K, capacity 12746K, committed 12928K, reserved 1060864K
  class space    used 1644K, capacity 1803K, committed 1920K, reserved 1048576K
Event: 3.850 GC heap after
Heap after GC invocations=6 (full 0):
 PSYoungGen      total 20480K, used 4608K [0x00000000e0000000, 0x00000000e2800000, 0x0000000100000000)
  eden space 15872K, 0% used [0x00000000e0000000,0x00000000e0000000,0x00000000e0f80000)
  from space 4608K, 100% used [0x00000000e2380000,0x00000000e2800000,0x00000000e2800000)
  to   space 5632K, 0% used [0x00000000e1d00000,0x00000000e1d00000,0x00000000e2280000)
 ParOldGen       total 42496K, used 2929K [0x00000000a0000000, 0x00000000a2980000, 0x00000000e0000000)
  object space 42496K, 6% used [0x00000000a0000000,0x00000000a02dc7f0,0x00000000a2980000)
 Metaspace       used 12287K, capacity 12746K, committed 12928K, reserved 1060864K
  class space    used 1644K, capacity 1803K, committed 1920K, reserved 1048576K
}
Event: 4.014 GC heap before
{Heap before GC invocations=7 (full 0):
 PSYoungGen      total 20480K, used 20480K [0x00000000e0000000, 0x00000000e2800000, 0x0000000100000000)
  eden space 15872K, 100% used [0x00000000e0000000,0x00000000e0f80000,0x00000000e0f80000)
  from space 4608K, 100% used [0x00000000e2380000,0x00000000e2800000,0x00000000e2800000)
  to   space 5632K, 0% used [0x00000000e1d00000,0x00000000e1d00000,0x00000000e2280000)
 ParOldGen       total 42496K, used 2929K [0x00000000a0000000, 0x00000000a2980000, 0x00000000e0000000)
  object space 42496K, 6% used [0x00000000a0000000,0x00000000a02dc7f0,0x00000000a2980000)
 Metaspace       used 13451K, capacity 13840K, committed 14080K, reserved 1060864K
  class space    used 1847K, capacity 1998K, committed 2048K, reserved 1048576K
Event: 4.021 GC heap after
Heap after GC invocations=7 (full 0):
 PSYoungGen      total 35328K, used 3758K [0x00000000e0000000, 0x00000000e2a00000, 0x0000000100000000)
  eden space 29696K, 0% used [0x00000000e0000000,0x00000000e0000000,0x00000000e1d00000)
  from space 5632K, 66% used [0x00000000e1d00000,0x00000000e20abab8,0x00000000e2280000)
  to   space 5632K, 0% used [0x00000000e2480000,0x00000000e2480000,0x00000000e2a00000)
 ParOldGen       total 42496K, used 4310K [0x00000000a0000000, 0x00000000a2980000, 0x00000000e0000000)
  object space 42496K, 10% used [0x00000000a0000000,0x00000000a0435850,0x00000000a2980000)
 Metaspace       used 13451K, capacity 13840K, committed 14080K, reserved 1060864K
  class space    used 1847K, capacity 1998K, committed 2048K, reserved 1048576K
}
Event: 4.727 GC heap before
{Heap before GC invocations=8 (full 0):
 PSYoungGen      total 35328K, used 33454K [0x00000000e0000000, 0x00000000e2a00000, 0x0000000100000000)
  eden space 29696K, 100% used [0x00000000e0000000,0x00000000e1d00000,0x00000000e1d00000)
  from space 5632K, 66% used [0x00000000e1d00000,0x00000000e20abab8,0x00000000e2280000)
  to   space 5632K, 0% used [0x00000000e2480000,0x00000000e2480000,0x00000000e2a00000)
 ParOldGen       total 42496K, used 4310K [0x00000000a0000000, 0x00000000a2980000, 0x00000000e0000000)
  object space 42496K, 10% used [0x00000000a0000000,0x00000000a0435850,0x00000000a2980000)
 Metaspace       used 15819K, capacity 16254K, committed 16512K, reserved 1062912K
  class space    used 2238K, capacity 2403K, committed 2432K, reserved 1048576K
Event: 4.754 GC heap after
Heap after GC invocations=8 (full 0):
 PSYoungGen      total 35328K, used 4947K [0x00000000e0000000, 0x00000000e2a00000, 0x0000000100000000)
  eden space 29696K, 0% used [0x00000000e0000000,0x00000000e0000000,0x00000000e1d00000)
  from space 5632K, 87% used [0x00000000e2480000,0x00000000e2954d20,0x00000000e2a00000)
  to   space 5632K, 0% used [0x00000000e1d00000,0x00000000e1d00000,0x00000000e2280000)
 ParOldGen       total 42496K, used 4934K [0x00000000a0000000, 0x00000000a2980000, 0x00000000e0000000)
  object space 42496K, 11% used [0x00000000a0000000,0x00000000a04d1850,0x00000000a2980000)
 Metaspace       used 15819K, capacity 16254K, committed 16512K, reserved 1062912K
  class space    used 2238K, capacity 2403K, committed 2432K, reserved 1048576K
}

Deoptimization events (10 events):
Event: 3.679 Thread 0x0000000019ec4000 Uncommon trap: reason=unstable_if action=reinterpret pc=0x0000000002e310f0 method=java.util.concurrent.ConcurrentHashMap.putVal(Ljava/lang/Object;Ljava/lang/Object;Z)Ljava/lang/Object; @ 206
Event: 3.770 Thread 0x0000000019e95800 Uncommon trap: reason=bimorphic action=maybe_recompile pc=0x0000000002cdcc74 method=java.util.HashMap.putVal(ILjava/lang/Object;Ljava/lang/Object;ZZ)Ljava/lang/Object; @ 253
Event: 3.771 Thread 0x0000000019e95800 Uncommon trap: reason=bimorphic action=maybe_recompile pc=0x0000000002cdcc74 method=java.util.HashMap.putVal(ILjava/lang/Object;Ljava/lang/Object;ZZ)Ljava/lang/Object; @ 253
Event: 3.771 Thread 0x0000000019e95800 Uncommon trap: reason=bimorphic action=maybe_recompile pc=0x0000000002cdcc74 method=java.util.HashMap.putVal(ILjava/lang/Object;Ljava/lang/Object;ZZ)Ljava/lang/Object; @ 253
Event: 4.032 Thread 0x0000000019e95800 Uncommon trap: reason=class_check action=maybe_recompile pc=0x0000000002d24544 method=java.util.regex.Matcher.match(II)Z @ 86
Event: 4.046 Thread 0x0000000019e95800 Uncommon trap: reason=class_check action=maybe_recompile pc=0x0000000002d24544 method=java.util.regex.Matcher.match(II)Z @ 86
Event: 4.047 Thread 0x0000000019e95800 Uncommon trap: reason=class_check action=maybe_recompile pc=0x0000000002d24544 method=java.util.regex.Matcher.match(II)Z @ 86
Event: 4.047 Thread 0x0000000019e95800 Uncommon trap: reason=class_check action=maybe_recompile pc=0x0000000002ba9e1c method=java.util.regex.Matcher.match(II)Z @ 86
Event: 4.649 Thread 0x0000000019e95800 Uncommon trap: reason=unstable_if action=reinterpret pc=0x0000000002ed2cf4 method=java.lang.String.lastIndexOf([CII[CIII)I @ 66
Event: 4.885 Thread 0x0000000019e95800 Uncommon trap: reason=unstable_if action=reinterpret pc=0x0000000002edd3e8 method=java.util.HashMap.putVal(ILjava/lang/Object;Ljava/lang/Object;ZZ)Ljava/lang/Object; @ 236

Classes redefined (0 events):
No events

Internal exceptions (10 events):
Event: 3.718 Thread 0x0000000019ec4000 Exception <a 'java/lang/NoSuchMethodError': <clinit>> (0x00000000e0a75a58) thrown at [D:\src\AOSP-openjdk-cygwin\jdk8u\hotspot\src\share\vm\prims\jni.cpp, line 1614]
Event: 3.724 Thread 0x0000000019ec4000 Exception <a 'java/lang/NoSuchMethodError': <clinit>> (0x00000000e0aa2810) thrown at [D:\src\AOSP-openjdk-cygwin\jdk8u\hotspot\src\share\vm\prims\jni.cpp, line 1614]
Event: 3.731 Thread 0x0000000019ec4000 Exception <a 'java/lang/NoSuchMethodError': <clinit>> (0x00000000e0ad0be8) thrown at [D:\src\AOSP-openjdk-cygwin\jdk8u\hotspot\src\share\vm\prims\jni.cpp, line 1614]
Event: 3.732 Thread 0x0000000019ec4000 Exception <a 'java/lang/NoSuchMethodError': <clinit>> (0x00000000e0adbff0) thrown at [D:\src\AOSP-openjdk-cygwin\jdk8u\hotspot\src\share\vm\prims\jni.cpp, line 1614]
Event: 4.605 Thread 0x0000000019e95800 Exception <a 'java/lang/NoSuchMethodError': java.lang.Object.lambda$and$0(Ljava/util/function/Predicate;Ljava/lang/Object;)Z> (0x00000000e1965d28) thrown at [D:\src\AOSP-openjdk-cygwin\jdk8u\hotspot\src\share\vm\interpreter\linkResolver.cpp, line 620]
Event: 4.613 Thread 0x0000000019e95800 Exception <a 'java/lang/IncompatibleClassChangeError': Found class java.lang.Object, but interface was expected> (0x00000000e197c018) thrown at [D:\src\AOSP-openjdk-cygwin\jdk8u\hotspot\src\share\vm\interpreter\linkResolver.cpp, line 653]
Event: 4.615 Thread 0x0000000019e95800 Exception <a 'java/lang/NoSuchMethodError': java.lang.Object.lambda$or$2(Ljava/util/function/Predicate;Ljava/lang/Object;)Z> (0x00000000e1980f28) thrown at [D:\src\AOSP-openjdk-cygwin\jdk8u\hotspot\src\share\vm\interpreter\linkResolver.cpp, line 620]
Event: 5.033 Thread 0x0000000019e95800 Exception <a 'java/io/IOException'> (0x00000000e09d40c0) thrown at [D:\src\AOSP-openjdk-cygwin\jdk8u\hotspot\src\share\vm\prims\jni.cpp, line 710]
Event: 5.034 Thread 0x0000000019e95800 Exception <a 'java/lang/reflect/InvocationTargetException'> (0x00000000e09d52c8) thrown at [D:\src\AOSP-openjdk-cygwin\jdk8u\hotspot\src\share\vm\runtime\reflection.cpp, line 1092]
Event: 5.034 Thread 0x0000000019e95800 Exception <a 'java/lang/reflect/InvocationTargetException'> (0x00000000e09d6de0) thrown at [D:\src\AOSP-openjdk-cygwin\jdk8u\hotspot\src\share\vm\runtime\reflection.cpp, line 1092]

Events (10 events):
Event: 5.032 loading class org/gradle/cache/internal/CompositeCleanupAction$ScopedCleanupAction
Event: 5.032 loading class org/gradle/cache/internal/CompositeCleanupAction$ScopedCleanupAction done
Event: 5.035 loading class java/util/concurrent/ConcurrentLinkedQueue$Itr
Event: 5.036 loading class java/util/concurrent/ConcurrentLinkedQueue$Itr done
Event: 5.036 loading class org/gradle/execution/PassThruCancellableOperationManager
Event: 5.036 loading class org/gradle/execution/PassThruCancellableOperationManager done
Event: 5.038 loading class org/gradle/api/internal/collections/DefaultDomainObjectCollectionFactory
Event: 5.038 loading class org/gradle/api/internal/collections/DefaultDomainObjectCollectionFactory done
Event: 5.039 loading class org/gradle/api/internal/CollectionCallbackActionDecorator$1
Event: 5.039 loading class org/gradle/api/internal/CollectionCallbackActionDecorator$1 done


Dynamic libraries:
0x00007ff6f0b50000 - 0x00007ff6f0b81000 	C:\Program Files\Android\Android Studio\jre\bin\java.exe
0x00007ffd165e0000 - 0x00007ffd167d0000 	C:\WINDOWS\SYSTEM32\ntdll.dll
0x00007ffd000a0000 - 0x00007ffd000b2000 	C:\Program Files\AVG\Antivirus\aswhook.dll
0x00007ffd14db0000 - 0x00007ffd14e62000 	C:\WINDOWS\System32\KERNEL32.DLL
0x00007ffd14290000 - 0x00007ffd14534000 	C:\WINDOWS\System32\KERNELBASE.dll
0x00007ffd15a80000 - 0x00007ffd15b23000 	C:\WINDOWS\System32\ADVAPI32.dll
0x00007ffd164a0000 - 0x00007ffd1653e000 	C:\WINDOWS\System32\msvcrt.dll
0x00007ffd15b30000 - 0x00007ffd15bc7000 	C:\WINDOWS\System32\sechost.dll
0x00007ffd15080000 - 0x00007ffd151a0000 	C:\WINDOWS\System32\RPCRT4.dll
0x00007ffd15f20000 - 0x00007ffd160b4000 	C:\WINDOWS\System32\USER32.dll
0x00007ffd13e70000 - 0x00007ffd13e91000 	C:\WINDOWS\System32\win32u.dll
0x00007ffd15400000 - 0x00007ffd15426000 	C:\WINDOWS\System32\GDI32.dll
0x00007ffd13ea0000 - 0x00007ffd14036000 	C:\WINDOWS\System32\gdi32full.dll
0x00007ffd14040000 - 0x00007ffd140de000 	C:\WINDOWS\System32\msvcp_win.dll
0x00007ffd14540000 - 0x00007ffd1463a000 	C:\WINDOWS\System32\ucrtbase.dll
0x00007ffd030f0000 - 0x00007ffd03374000 	C:\WINDOWS\WinSxS\amd64_microsoft.windows.common-controls_6595b64144ccf1df_6.0.18362.959_none_e6c7bbbf130c62bb\COMCTL32.dll
0x00007ffd160c0000 - 0x00007ffd163f5000 	C:\WINDOWS\System32\combase.dll
0x00007ffd13df0000 - 0x00007ffd13e70000 	C:\WINDOWS\System32\bcryptPrimitives.dll
0x00007ffd16400000 - 0x00007ffd1642e000 	C:\WINDOWS\System32\IMM32.DLL
0x0000000066950000 - 0x0000000066a22000 	C:\Program Files\Android\Android Studio\jre\jre\bin\msvcr100.dll
0x0000000066b10000 - 0x0000000067356000 	C:\Program Files\Android\Android Studio\jre\jre\bin\server\jvm.dll
0x00007ffd151a0000 - 0x00007ffd151a8000 	C:\WINDOWS\System32\PSAPI.DLL
0x00007ffd043e0000 - 0x00007ffd043e9000 	C:\WINDOWS\SYSTEM32\WSOCK32.dll
0x00007ffd15d80000 - 0x00007ffd15def000 	C:\WINDOWS\System32\WS2_32.dll
0x00007ffd11470000 - 0x00007ffd11494000 	C:\WINDOWS\SYSTEM32\WINMM.dll
0x00007ffd0b260000 - 0x00007ffd0b26a000 	C:\WINDOWS\SYSTEM32\VERSION.dll
0x00007ffd11440000 - 0x00007ffd1146d000 	C:\WINDOWS\SYSTEM32\WINMMBASE.dll
0x00007ffd13610000 - 0x00007ffd1365a000 	C:\WINDOWS\System32\cfgmgr32.dll
0x00007ffd07880000 - 0x00007ffd0788f000 	C:\Program Files\Android\Android Studio\jre\jre\bin\verify.dll
0x00007ffceb980000 - 0x00007ffceb9a9000 	C:\Program Files\Android\Android Studio\jre\jre\bin\java.dll
0x00007ffceb960000 - 0x00007ffceb976000 	C:\Program Files\Android\Android Studio\jre\jre\bin\zip.dll
0x00007ffd14690000 - 0x00007ffd14d76000 	C:\WINDOWS\System32\SHELL32.dll
0x00007ffd159d0000 - 0x00007ffd15a79000 	C:\WINDOWS\System32\shcore.dll
0x00007ffd13660000 - 0x00007ffd13de2000 	C:\WINDOWS\System32\windows.storage.dll
0x00007ffd13530000 - 0x00007ffd13553000 	C:\WINDOWS\System32\profapi.dll
0x00007ffd134c0000 - 0x00007ffd1350a000 	C:\WINDOWS\System32\powrprof.dll
0x00007ffd13490000 - 0x00007ffd134a0000 	C:\WINDOWS\System32\UMPDC.dll
0x00007ffd16540000 - 0x00007ffd16592000 	C:\WINDOWS\System32\shlwapi.dll
0x00007ffd134a0000 - 0x00007ffd134b1000 	C:\WINDOWS\System32\kernel.appcore.dll
0x00007ffd14640000 - 0x00007ffd14657000 	C:\WINDOWS\System32\cryptsp.dll
0x00007ffceed90000 - 0x00007ffceedaa000 	C:\Program Files\Android\Android Studio\jre\jre\bin\net.dll
0x00007ffd06bf0000 - 0x00007ffd06dc6000 	C:\WINDOWS\SYSTEM32\urlmon.dll
0x00007ffd06ef0000 - 0x00007ffd07196000 	C:\WINDOWS\SYSTEM32\iertutil.dll
0x00007ffd12ed0000 - 0x00007ffd12edc000 	C:\WINDOWS\SYSTEM32\CRYPTBASE.DLL
0x00007ffd12ca0000 - 0x00007ffd12d07000 	C:\WINDOWS\system32\mswsock.dll
0x00007ffcea580000 - 0x00007ffcea593000 	C:\Program Files\Android\Android Studio\jre\jre\bin\nio.dll
0x00007ffd05dc0000 - 0x00007ffd05de6000 	C:\Users\basker\.gradle\native\30\windows-amd64\native-platform.dll
0x00007ffd071a0000 - 0x00007ffd071ad000 	C:\Program Files\Android\Android Studio\jre\jre\bin\management.dll
0x00007ffd12810000 - 0x00007ffd12843000 	C:\WINDOWS\system32\rsaenh.dll
0x00007ffd14660000 - 0x00007ffd14686000 	C:\WINDOWS\System32\bcrypt.dll
0x00007ffd133b0000 - 0x00007ffd133d5000 	C:\WINDOWS\SYSTEM32\USERENV.dll
0x00007ffd129b0000 - 0x00007ffd129ea000 	C:\WINDOWS\SYSTEM32\IPHLPAPI.DLL
0x00007ffd16430000 - 0x00007ffd16438000 	C:\WINDOWS\System32\NSI.dll
0x00007ffd09be0000 - 0x00007ffd09bf6000 	C:\WINDOWS\SYSTEM32\dhcpcsvc6.DLL
0x00007ffd09cb0000 - 0x00007ffd09ccc000 	C:\WINDOWS\SYSTEM32\dhcpcsvc.DLL
0x00007ffd12a00000 - 0x00007ffd12acb000 	C:\WINDOWS\SYSTEM32\DNSAPI.dll

VM Arguments:
jvm_args: -Xmx1536m -Dfile.encoding=windows-1252 -Duser.country=US -Duser.language=en -Duser.variant 
java_command: org.gradle.launcher.daemon.bootstrap.GradleDaemon 5.6.4
java_class_path (initial): C:\Users\basker\.gradle\wrapper\dists\gradle-5.6.4-all\ankdp27end7byghfw1q2sw75f\gradle-5.6.4\lib\gradle-launcher-5.6.4.jar
Launcher Type: SUN_STANDARD

Environment Variables:
PATH=C:\Program Files (x86)\Common Files\Oracle\Java\javapath;C:\Program Files (x86)\NVIDIA Corporation\PhysX\Common;C:\Program Files (x86)\Intel\iCLS Client\;C:\Program Files\Intel\iCLS Client\;C:\WINDOWS\system32;C:\WINDOWS;C:\WINDOWS\System32\Wbem;C:\WINDOWS\System32\WindowsPowerShell\v1.0\;C:\Program Files\Intel\Intel(R) Management Engine Components\DAL;C:\Program Files\Intel\Intel(R) Management Engine Components\IPT;C:\Program Files (x86)\Intel\Intel(R) Management Engine Components\DAL;C:\Program Files (x86)\Intel\Intel(R) Management Engine Components\IPT;C:\Program Files (x86)\Intel\OpenCL SDK\2.0\bin\x86;C:\Program Files (x86)\Intel\OpenCL SDK\2.0\bin\x64;C:\Program Files\Lenovo\Bluetooth Software\;C:\Program Files\Lenovo\Bluetooth Software\syswow64;C:\WINDOWS\System32\OpenSSH\;C:\Program Files\nodejs\;C:\Users\basker\AppData\Local\Android\Sdk\platforms;C:\Users\basker\AppData\Local\Android\Sdk\platform-tools;C:\Users\basker\.gradle\wrapper\dists\gradle-5.6.4-all\ankdp27end7byghfw1q2sw75f\gradle-5.6.4\bin;C:\Program Files\Git\cmd;C:\Program Files\MySQL\MySQL Shell 8.0\bin\;C:\Users\basker\AppData\Local\Microsoft\WindowsApps;C:\Users\basker\AppData\Roaming\npm;C:\Users\basker\AppData\Local\Programs\Microsoft VS Code\bin;C:\Users\basker\.gradle\wrapper\dists\gradle-5.6.4-all\ankdp27end7byghfw1q2sw75f\gradle-5.6.4\bin;
USERNAME=basker
OS=Windows_NT
PROCESSOR_IDENTIFIER=Intel64 Family 6 Model 58 Stepping 9, GenuineIntel



---------------  S Y S T E M  ---------------

OS: Windows 10.0 , 64 bit Build 18362 (10.0.18362.959)

CPU:total 4 (initial active 4) (2 cores per cpu, 2 threads per core) family 6 model 58 stepping 9, cmov, cx8, fxsr, mmx, sse, sse2, sse3, ssse3, sse4.1, sse4.2, popcnt, avx, aes, clmul, erms, ht, tsc, tscinvbit, tscinv

Memory: 4k page, physical 4056852k(351812k free), swap 5481236k(6812k free)

vm_info: OpenJDK 64-Bit Server VM (25.212-b04) for windows-amd64 JRE (1.8.0_212-release-1586-b04), built by "builder" with MS VC++ 10.0 (VS2010)

time: Thu Aug 20 00:43:40 2020
timezone: India Standard Time
elapsed time: 5 seconds (0d 0h 0m 5s)

