#
# There is insufficient memory for the Java Runtime Environment to continue.
# Native memory allocation (malloc) failed to allocate 1380496 bytes for Chunk::new
# Possible reasons:
#   The system is out of physical RAM or swap space
#   The process is running with CompressedOops enabled, and the Java Heap may be blocking the growth of the native heap
# Possible solutions:
#   Reduce memory load on the system
#   Increase physical memory or swap space
#   Check if swap backing store is full
#   Decrease Java heap size (-Xmx/-Xms)
#   Decrease number of Java threads
#   Decrease Java thread stack sizes (-Xss)
#   Set larger code cache with -XX:ReservedCodeCacheSize=
#   JVM is running with Unscaled Compressed Oops mode in which the Java heap is
#     placed in the first 4GB address space. The Java Heap base address is the
#     maximum limit for the native heap growth. Please use -XX:HeapBaseMinAddress
#     to set the Java Heap base and to place the Java Heap above 4GB virtual address.
# This output file may be truncated or incomplete.
#
#  Out of Memory Error (allocation.cpp:389), pid=3656, tid=0x0000000000002798
#
# JRE version: OpenJDK Runtime Environment (8.0_212-b04) (build 1.8.0_212-release-1586-b04)
# Java VM: OpenJDK 64-Bit Server VM (25.212-b04 mixed mode windows-amd64 compressed oops)
# Failed to write core dump. Minidumps are not enabled by default on client versions of Windows
#

---------------  T H R E A D  ---------------

Current thread (0x000000001694d000):  JavaThread "C2 CompilerThread0" daemon [_thread_in_native, id=10136, stack(0x0000000017fb0000,0x00000000180b0000)]

Stack: [0x0000000017fb0000,0x00000000180b0000]
[error occurred during error reporting (printing stack bounds), id 0xc0000005]

Native frames: (J=compiled Java code, j=interpreted, Vv=VM code, C=native code)


Current CompileTask:
C2:   9614 1421       4       java.net.URLClassLoader$1::run (5 bytes)


---------------  P R O C E S S  ---------------

Java Threads: ( => current thread )
  0x0000000018cd2000 JavaThread "Cache worker for journal cache (C:\Users\basker\.gradle\caches\journal-1)" [_thread_blocked, id=10028, stack(0x000000001b700000,0x000000001b800000)]
  0x0000000018cd6000 JavaThread "File lock request listener" [_thread_in_native, id=12472, stack(0x000000001b600000,0x000000001b700000)]
  0x0000000018cd5000 JavaThread "Cache worker for file hash cache (C:\Users\basker\.gradle\caches\5.6.4\fileHashes)" [_thread_blocked, id=12420, stack(0x000000001b500000,0x000000001b600000)]
  0x0000000018e9b000 JavaThread "Thread-9" [_thread_blocked, id=2312, stack(0x000000001b200000,0x000000001b300000)]
  0x0000000018d48800 JavaThread "Stdin handler" [_thread_blocked, id=11056, stack(0x000000001b100000,0x000000001b200000)]
  0x0000000018d48000 JavaThread "Asynchronous log dispatcher for DefaultDaemonConnection: socket connection from /127.0.0.1:60341 to /127.0.0.1:60342" [_thread_blocked, id=12000, stack(0x000000001b000000,0x000000001b100000)]
  0x0000000018ec2800 JavaThread "Daemon worker" [_thread_in_vm, id=8220, stack(0x000000001af00000,0x000000001b000000)]
  0x0000000018ec2000 JavaThread "Cancel handler" [_thread_blocked, id=8052, stack(0x000000001ae00000,0x000000001af00000)]
  0x0000000019377800 JavaThread "Handler for socket connection from /127.0.0.1:60341 to /127.0.0.1:60342" [_thread_in_native, id=2008, stack(0x000000001ab00000,0x000000001ac00000)]
  0x0000000019377000 JavaThread "Daemon" [_thread_blocked, id=2720, stack(0x000000001aa00000,0x000000001ab00000)]
  0x0000000016974000 JavaThread "Daemon periodic checks" [_thread_blocked, id=10488, stack(0x000000001a900000,0x000000001aa00000)]
  0x0000000018585800 JavaThread "Incoming local TCP Connector on port 60341" [_thread_in_native, id=12340, stack(0x000000001a6c0000,0x000000001a7c0000)]
  0x0000000019eb7000 JavaThread "Daemon health stats" [_thread_blocked, id=11744, stack(0x000000001a080000,0x000000001a180000)]
  0x00000000182be800 JavaThread "Service Thread" daemon [_thread_blocked, id=13100, stack(0x00000000186b0000,0x00000000187b0000)]
  0x00000000169ae000 JavaThread "C1 CompilerThread2" daemon [_thread_blocked, id=4916, stack(0x00000000181b0000,0x00000000182b0000)]
  0x0000000016950800 JavaThread "C2 CompilerThread1" daemon [_thread_in_native, id=9732, stack(0x00000000180b0000,0x00000000181b0000)]
=>0x000000001694d000 JavaThread "C2 CompilerThread0" daemon [_thread_in_native, id=10136, stack(0x0000000017fb0000,0x00000000180b0000)]
  0x000000001694b000 JavaThread "Attach Listener" daemon [_thread_blocked, id=4996, stack(0x0000000017eb0000,0x0000000017fb0000)]
  0x0000000002fde800 JavaThread "Signal Dispatcher" daemon [_thread_blocked, id=3520, stack(0x0000000017db0000,0x0000000017eb0000)]
  0x0000000002fd5800 JavaThread "Finalizer" daemon [_thread_blocked, id=9672, stack(0x0000000017bb0000,0x0000000017cb0000)]
  0x0000000016939000 JavaThread "Reference Handler" daemon [_thread_blocked, id=7016, stack(0x0000000017ab0000,0x0000000017bb0000)]
  0x0000000002ede000 JavaThread "main" [_thread_blocked, id=13308, stack(0x0000000002ce0000,0x0000000002de0000)]

Other Threads:
  0x0000000016916800 VMThread [stack: 0x00000000179b0000,0x0000000017ab0000] [id=9496]
  0x00000000182c0800 WatcherThread [stack: 0x00000000187b0000,0x00000000188b0000] [id=11952]

VM state:not at safepoint (normal execution)

VM Mutex/Monitor currently owned by a thread: None

heap address: 0x00000000a0000000, size: 1536 MB, Compressed Oops mode: 32-bit
Narrow klass base: 0x0000000000000000, Narrow klass shift: 3
Compressed class space size: 1073741824 Address: 0x0000000100000000

Heap:
 PSYoungGen      total 35328K, used 33559K [0x00000000e0000000, 0x00000000e2a00000, 0x0000000100000000)
  eden space 30720K, 94% used [0x00000000e0000000,0x00000000e1c49c60,0x00000000e1e00000)
  from space 4608K, 99% used [0x00000000e2380000,0x00000000e27fc010,0x00000000e2800000)
  to   space 5632K, 0% used [0x00000000e1e00000,0x00000000e1e00000,0x00000000e2380000)
 ParOldGen       total 42496K, used 2958K [0x00000000a0000000, 0x00000000a2980000, 0x00000000e0000000)
  object space 42496K, 6% used [0x00000000a0000000,0x00000000a02e3a28,0x00000000a2980000)
 Metaspace       used 14531K, capacity 14946K, committed 15232K, reserved 1062912K
  class space    used 2017K, capacity 2127K, committed 2176K, reserved 1048576K

Card table byte_map: [0x00000000123a0000,0x00000000126b0000] byte_map_base: 0x0000000011ea0000

Marking Bits: (ParMarkBitMap*) 0x00000000630e9f30
 Begin Bits: [0x0000000012cb0000, 0x00000000144b0000)
 End Bits:   [0x00000000144b0000, 0x0000000015cb0000)

Polling page: 0x00000000012f0000

CodeCache: size=245760Kb used=5034Kb max_used=5034Kb free=240725Kb
 bounds [0x0000000002fe0000, 0x00000000034d0000, 0x0000000011fe0000]
 total_blobs=1782 nmethods=1398 adapters=297
 compilation: enabled

Compilation events (10 events):
Event: 9.399 Thread 0x00000000169ae000 1432       3       java.lang.invoke.LambdaForm$BasicType::basicTypeChar (8 bytes)
Event: 9.399 Thread 0x00000000169ae000 nmethod 1432 0x00000000034cb790 code [0x00000000034cb920, 0x00000000034cbd28]
Event: 9.472 Thread 0x00000000169ae000 1433       3       java.util.concurrent.locks.LockSupport::setBlocker (12 bytes)
Event: 9.472 Thread 0x00000000169ae000 nmethod 1433 0x00000000034c8910 code [0x00000000034c8a60, 0x00000000034c8bb0]
Event: 9.483 Thread 0x00000000169ae000 1434       3       java.util.concurrent.locks.ReentrantLock$Sync::nonfairTryAcquire (67 bytes)
Event: 9.484 Thread 0x00000000169ae000 nmethod 1434 0x00000000034cbf10 code [0x00000000034cc0a0, 0x00000000034cc7c8]
Event: 9.527 Thread 0x00000000169ae000 1435       3       java.util.concurrent.locks.AbstractQueuedSynchronizer::isOnSyncQueue (33 bytes)
Event: 9.527 Thread 0x00000000169ae000 nmethod 1435 0x00000000034cc950 code [0x00000000034ccac0, 0x00000000034cce50]
Event: 9.561 Thread 0x00000000169ae000 1436       3       java.util.concurrent.locks.ReentrantLock$NonfairSync::tryAcquire (6 bytes)
Event: 9.561 Thread 0x00000000169ae000 nmethod 1436 0x00000000034ccf90 code [0x00000000034cd100, 0x00000000034cd308]

GC Heap History (10 events):
Event: 3.217 GC heap before
{Heap before GC invocations=2 (full 0):
 PSYoungGen      total 18432K, used 18325K [0x00000000e0000000, 0x00000000e1480000, 0x0000000100000000)
  eden space 15872K, 100% used [0x00000000e0000000,0x00000000e0f80000,0x00000000e0f80000)
  from space 2560K, 95% used [0x00000000e0f80000,0x00000000e11e5678,0x00000000e1200000)
  to   space 2560K, 0% used [0x00000000e1200000,0x00000000e1200000,0x00000000e1480000)
 ParOldGen       total 42496K, used 8K [0x00000000a0000000, 0x00000000a2980000, 0x00000000e0000000)
  object space 42496K, 0% used [0x00000000a0000000,0x00000000a0002000,0x00000000a2980000)
 Metaspace       used 6725K, capacity 6960K, committed 7040K, reserved 1056768K
  class space    used 817K, capacity 876K, committed 896K, reserved 1048576K
Event: 3.230 GC heap after
Heap after GC invocations=2 (full 0):
 PSYoungGen      total 18432K, used 2544K [0x00000000e0000000, 0x00000000e1480000, 0x0000000100000000)
  eden space 15872K, 0% used [0x00000000e0000000,0x00000000e0000000,0x00000000e0f80000)
  from space 2560K, 99% used [0x00000000e1200000,0x00000000e147c398,0x00000000e1480000)
  to   space 2560K, 0% used [0x00000000e0f80000,0x00000000e0f80000,0x00000000e1200000)
 ParOldGen       total 42496K, used 560K [0x00000000a0000000, 0x00000000a2980000, 0x00000000e0000000)
  object space 42496K, 1% used [0x00000000a0000000,0x00000000a008c2f0,0x00000000a2980000)
 Metaspace       used 6725K, capacity 6960K, committed 7040K, reserved 1056768K
  class space    used 817K, capacity 876K, committed 896K, reserved 1048576K
}
Event: 3.839 GC heap before
{Heap before GC invocations=3 (full 0):
 PSYoungGen      total 18432K, used 18416K [0x00000000e0000000, 0x00000000e1480000, 0x0000000100000000)
  eden space 15872K, 100% used [0x00000000e0000000,0x00000000e0f80000,0x00000000e0f80000)
  from space 2560K, 99% used [0x00000000e1200000,0x00000000e147c398,0x00000000e1480000)
  to   space 2560K, 0% used [0x00000000e0f80000,0x00000000e0f80000,0x00000000e1200000)
 ParOldGen       total 42496K, used 560K [0x00000000a0000000, 0x00000000a2980000, 0x00000000e0000000)
  object space 42496K, 1% used [0x00000000a0000000,0x00000000a008c2f0,0x00000000a2980000)
 Metaspace       used 6742K, capacity 6960K, committed 7040K, reserved 1056768K
  class space    used 817K, capacity 876K, committed 896K, reserved 1048576K
Event: 3.845 GC heap after
Heap after GC invocations=3 (full 0):
 PSYoungGen      total 18432K, used 2032K [0x00000000e0000000, 0x00000000e1480000, 0x0000000100000000)
  eden space 15872K, 0% used [0x00000000e0000000,0x00000000e0000000,0x00000000e0f80000)
  from space 2560K, 79% used [0x00000000e0f80000,0x00000000e117c010,0x00000000e1200000)
  to   space 2560K, 0% used [0x00000000e1200000,0x00000000e1200000,0x00000000e1480000)
 ParOldGen       total 42496K, used 568K [0x00000000a0000000, 0x00000000a2980000, 0x00000000e0000000)
  object space 42496K, 1% used [0x00000000a0000000,0x00000000a008e2f0,0x00000000a2980000)
 Metaspace       used 6742K, capacity 6960K, committed 7040K, reserved 1056768K
  class space    used 817K, capacity 876K, committed 896K, reserved 1048576K
}
Event: 4.409 GC heap before
{Heap before GC invocations=4 (full 0):
 PSYoungGen      total 18432K, used 17904K [0x00000000e0000000, 0x00000000e1480000, 0x0000000100000000)
  eden space 15872K, 100% used [0x00000000e0000000,0x00000000e0f80000,0x00000000e0f80000)
  from space 2560K, 79% used [0x00000000e0f80000,0x00000000e117c010,0x00000000e1200000)
  to   space 2560K, 0% used [0x00000000e1200000,0x00000000e1200000,0x00000000e1480000)
 ParOldGen       total 42496K, used 568K [0x00000000a0000000, 0x00000000a2980000, 0x00000000e0000000)
  object space 42496K, 1% used [0x00000000a0000000,0x00000000a008e2f0,0x00000000a2980000)
 Metaspace       used 6959K, capacity 7208K, committed 7424K, reserved 1056768K
  class space    used 851K, capacity 916K, committed 1024K, reserved 1048576K
Event: 4.415 GC heap after
Heap after GC invocations=4 (full 0):
 PSYoungGen      total 18432K, used 2528K [0x00000000e0000000, 0x00000000e1480000, 0x0000000100000000)
  eden space 15872K, 0% used [0x00000000e0000000,0x00000000e0000000,0x00000000e0f80000)
  from space 2560K, 98% used [0x00000000e1200000,0x00000000e1478020,0x00000000e1480000)
  to   space 2560K, 0% used [0x00000000e0f80000,0x00000000e0f80000,0x00000000e1200000)
 ParOldGen       total 42496K, used 1094K [0x00000000a0000000, 0x00000000a2980000, 0x00000000e0000000)
  object space 42496K, 2% used [0x00000000a0000000,0x00000000a0111808,0x00000000a2980000)
 Metaspace       used 6959K, capacity 7208K, committed 7424K, reserved 1056768K
  class space    used 851K, capacity 916K, committed 1024K, reserved 1048576K
}
Event: 4.989 GC heap before
{Heap before GC invocations=5 (full 0):
 PSYoungGen      total 18432K, used 18400K [0x00000000e0000000, 0x00000000e1480000, 0x0000000100000000)
  eden space 15872K, 100% used [0x00000000e0000000,0x00000000e0f80000,0x00000000e0f80000)
  from space 2560K, 98% used [0x00000000e1200000,0x00000000e1478020,0x00000000e1480000)
  to   space 2560K, 0% used [0x00000000e0f80000,0x00000000e0f80000,0x00000000e1200000)
 ParOldGen       total 42496K, used 1094K [0x00000000a0000000, 0x00000000a2980000, 0x00000000e0000000)
  object space 42496K, 2% used [0x00000000a0000000,0x00000000a0111808,0x00000000a2980000)
 Metaspace       used 8985K, capacity 9232K, committed 9472K, reserved 1056768K
  class space    used 1159K, capacity 1256K, committed 1280K, reserved 1048576K
Event: 5.017 GC heap after
Heap after GC invocations=5 (full 0):
 PSYoungGen      total 18432K, used 2528K [0x00000000e0000000, 0x00000000e2800000, 0x0000000100000000)
  eden space 15872K, 0% used [0x00000000e0000000,0x00000000e0000000,0x00000000e0f80000)
  from space 2560K, 98% used [0x00000000e0f80000,0x00000000e11f8020,0x00000000e1200000)
  to   space 4608K, 0% used [0x00000000e2380000,0x00000000e2380000,0x00000000e2800000)
 ParOldGen       total 42496K, used 2675K [0x00000000a0000000, 0x00000000a2980000, 0x00000000e0000000)
  object space 42496K, 6% used [0x00000000a0000000,0x00000000a029cfe8,0x00000000a2980000)
 Metaspace       used 8985K, capacity 9232K, committed 9472K, reserved 1056768K
  class space    used 1159K, capacity 1256K, committed 1280K, reserved 1048576K
}
Event: 8.308 GC heap before
{Heap before GC invocations=6 (full 0):
 PSYoungGen      total 18432K, used 18400K [0x00000000e0000000, 0x00000000e2800000, 0x0000000100000000)
  eden space 15872K, 100% used [0x00000000e0000000,0x00000000e0f80000,0x00000000e0f80000)
  from space 2560K, 98% used [0x00000000e0f80000,0x00000000e11f8020,0x00000000e1200000)
  to   space 4608K, 0% used [0x00000000e2380000,0x00000000e2380000,0x00000000e2800000)
 ParOldGen       total 42496K, used 2675K [0x00000000a0000000, 0x00000000a2980000, 0x00000000e0000000)
  object space 42496K, 6% used [0x00000000a0000000,0x00000000a029cfe8,0x00000000a2980000)
 Metaspace       used 12304K, capacity 12762K, committed 12928K, reserved 1060864K
  class space    used 1645K, capacity 1803K, committed 1920K, reserved 1048576K
Event: 8.334 GC heap after
Heap after GC invocations=6 (full 0):
 PSYoungGen      total 35328K, used 4592K [0x00000000e0000000, 0x00000000e2a00000, 0x0000000100000000)
  eden space 30720K, 0% used [0x00000000e0000000,0x00000000e0000000,0x00000000e1e00000)
  from space 4608K, 99% used [0x00000000e2380000,0x00000000e27fc010,0x00000000e2800000)
  to   space 5632K, 0% used [0x00000000e1e00000,0x00000000e1e00000,0x00000000e2380000)
 ParOldGen       total 42496K, used 2958K [0x00000000a0000000, 0x00000000a2980000, 0x00000000e0000000)
  object space 42496K, 6% used [0x00000000a0000000,0x00000000a02e3a28,0x00000000a2980000)
 Metaspace       used 12304K, capacity 12762K, committed 12928K, reserved 1060864K
  class space    used 1645K, capacity 1803K, committed 1920K, reserved 1048576K
}

Deoptimization events (10 events):
Event: 5.138 Thread 0x0000000002ede000 Uncommon trap: reason=bimorphic action=maybe_recompile pc=0x0000000003241ecc method=java.util.HashMap.putVal(ILjava/lang/Object;Ljava/lang/Object;ZZ)Ljava/lang/Object; @ 203
Event: 6.329 Thread 0x0000000002ede000 Uncommon trap: reason=unstable_if action=reinterpret pc=0x000000000325ca14 method=java.io.WinNTFileSystem.normalize(Ljava/lang/String;)Ljava/lang/String; @ 128
Event: 7.893 Thread 0x0000000019377800 Uncommon trap: reason=unstable_if action=reinterpret pc=0x00000000033c896c method=java.util.concurrent.ConcurrentHashMap.putVal(Ljava/lang/Object;Ljava/lang/Object;Z)Ljava/lang/Object; @ 206
Event: 8.075 Thread 0x0000000018ec2800 Uncommon trap: reason=bimorphic action=maybe_recompile pc=0x0000000003241e80 method=java.util.HashMap.putVal(ILjava/lang/Object;Ljava/lang/Object;ZZ)Ljava/lang/Object; @ 253
Event: 8.075 Thread 0x0000000018ec2800 Uncommon trap: reason=bimorphic action=maybe_recompile pc=0x0000000003241e80 method=java.util.HashMap.putVal(ILjava/lang/Object;Ljava/lang/Object;ZZ)Ljava/lang/Object; @ 253
Event: 8.075 Thread 0x0000000018ec2800 Uncommon trap: reason=bimorphic action=maybe_recompile pc=0x0000000003241e80 method=java.util.HashMap.putVal(ILjava/lang/Object;Ljava/lang/Object;ZZ)Ljava/lang/Object; @ 253
Event: 8.918 Thread 0x0000000018ec2800 Uncommon trap: reason=class_check action=maybe_recompile pc=0x00000000032b7c98 method=java.util.regex.Matcher.match(II)Z @ 86
Event: 8.991 Thread 0x0000000018ec2800 Uncommon trap: reason=class_check action=maybe_recompile pc=0x00000000032b7c98 method=java.util.regex.Matcher.match(II)Z @ 86
Event: 8.993 Thread 0x0000000018ec2800 Uncommon trap: reason=class_check action=maybe_recompile pc=0x00000000032b7c98 method=java.util.regex.Matcher.match(II)Z @ 86
Event: 8.994 Thread 0x0000000018ec2800 Uncommon trap: reason=class_check action=maybe_recompile pc=0x000000000327f35c method=java.util.regex.Matcher.match(II)Z @ 86

Classes redefined (0 events):
No events

Internal exceptions (10 events):
Event: 7.904 Thread 0x0000000019377800 Exception <a 'java/lang/NoSuchMethodError': <clinit>> (0x00000000e095ec98) thrown at [D:\src\AOSP-openjdk-cygwin\jdk8u\hotspot\src\share\vm\prims\jni.cpp, line 1614]
Event: 7.912 Thread 0x0000000019377800 Exception <a 'java/lang/NoSuchMethodError': <clinit>> (0x00000000e0971e60) thrown at [D:\src\AOSP-openjdk-cygwin\jdk8u\hotspot\src\share\vm\prims\jni.cpp, line 1614]
Event: 7.924 Thread 0x0000000019377800 Exception <a 'java/lang/NoSuchMethodError': <clinit>> (0x00000000e09992f8) thrown at [D:\src\AOSP-openjdk-cygwin\jdk8u\hotspot\src\share\vm\prims\jni.cpp, line 1614]
Event: 7.930 Thread 0x0000000019377800 Exception <a 'java/lang/NoSuchMethodError': <clinit>> (0x00000000e09b12f0) thrown at [D:\src\AOSP-openjdk-cygwin\jdk8u\hotspot\src\share\vm\prims\jni.cpp, line 1614]
Event: 7.932 Thread 0x0000000019377800 Exception <a 'java/lang/NoSuchMethodError': <clinit>> (0x00000000e09b9ff0) thrown at [D:\src\AOSP-openjdk-cygwin\jdk8u\hotspot\src\share\vm\prims\jni.cpp, line 1614]
Event: 7.937 Thread 0x0000000019377800 Exception <a 'java/lang/NoSuchMethodError': <clinit>> (0x00000000e09d05d8) thrown at [D:\src\AOSP-openjdk-cygwin\jdk8u\hotspot\src\share\vm\prims\jni.cpp, line 1614]
Event: 7.961 Thread 0x0000000019377800 Exception <a 'java/lang/NoSuchMethodError': <clinit>> (0x00000000e0a2e6d8) thrown at [D:\src\AOSP-openjdk-cygwin\jdk8u\hotspot\src\share\vm\prims\jni.cpp, line 1614]
Event: 7.971 Thread 0x0000000019377800 Exception <a 'java/lang/NoSuchMethodError': <clinit>> (0x00000000e0a5b3f8) thrown at [D:\src\AOSP-openjdk-cygwin\jdk8u\hotspot\src\share\vm\prims\jni.cpp, line 1614]
Event: 7.991 Thread 0x0000000019377800 Exception <a 'java/lang/NoSuchMethodError': <clinit>> (0x00000000e0a89900) thrown at [D:\src\AOSP-openjdk-cygwin\jdk8u\hotspot\src\share\vm\prims\jni.cpp, line 1614]
Event: 7.993 Thread 0x0000000019377800 Exception <a 'java/lang/NoSuchMethodError': <clinit>> (0x00000000e0a94d08) thrown at [D:\src\AOSP-openjdk-cygwin\jdk8u\hotspot\src\share\vm\prims\jni.cpp, line 1614]

Events (10 events):
Event: 9.567 loading class org/gradle/api/internal/artifacts/repositories/metadata/MutableModuleMetadataFactory
Event: 9.567 loading class org/gradle/api/internal/artifacts/repositories/metadata/MutableModuleMetadataFactory done
Event: 9.568 loading class org/gradle/api/internal/artifacts/repositories/metadata/IvyMutableModuleMetadataFactory
Event: 9.568 loading class org/gradle/api/internal/artifacts/repositories/metadata/IvyMutableModuleMetadataFactory done
Event: 9.569 loading class org/gradle/util/internal/SimpleMapInterner
Event: 9.569 loading class org/gradle/util/internal/SimpleMapInterner done
Event: 9.569 loading class org/gradle/api/internal/filestore/ivy/ArtifactIdentifierFileStore
Event: 9.569 loading class org/gradle/api/internal/filestore/ivy/ArtifactIdentifierFileStore done
Event: 9.570 loading class org/gradle/internal/resource/local/GroupedAndNamedUniqueFileStore
Event: 9.570 loading class org/gradle/internal/resource/local/GroupedAndNamedUniqueFileStore done


Dynamic libraries:
0x00007ff6fac70000 - 0x00007ff6faca1000 	C:\Program Files\Android\Android Studio\jre\bin\java.exe
0x00007ffd56be0000 - 0x00007ffd56dd0000 	C:\WINDOWS\SYSTEM32\ntdll.dll
0x00007ffd4e340000 - 0x00007ffd4e352000 	C:\Program Files\AVG\Antivirus\aswhook.dll
0x00007ffd56090000 - 0x00007ffd56142000 	C:\WINDOWS\System32\KERNEL32.DLL
0x00007ffd54960000 - 0x00007ffd54c04000 	C:\WINDOWS\System32\KERNELBASE.dll
0x00007ffd562d0000 - 0x00007ffd56373000 	C:\WINDOWS\System32\ADVAPI32.dll
0x00007ffd56520000 - 0x00007ffd565be000 	C:\WINDOWS\System32\msvcrt.dll
0x00007ffd565c0000 - 0x00007ffd56657000 	C:\WINDOWS\System32\sechost.dll
0x00007ffd55f70000 - 0x00007ffd56090000 	C:\WINDOWS\System32\RPCRT4.dll
0x00007ffd550a0000 - 0x00007ffd55235000 	C:\WINDOWS\System32\USER32.dll
0x00007ffd53be0000 - 0x00007ffd53c01000 	C:\WINDOWS\System32\win32u.dll
0x00007ffd55380000 - 0x00007ffd553a6000 	C:\WINDOWS\System32\GDI32.dll
0x00007ffd54710000 - 0x00007ffd548a6000 	C:\WINDOWS\System32\gdi32full.dll
0x00007ffd54670000 - 0x00007ffd5470e000 	C:\WINDOWS\System32\msvcp_win.dll
0x00007ffd53c10000 - 0x00007ffd53d0a000 	C:\WINDOWS\System32\ucrtbase.dll
0x00007ffd3f380000 - 0x00007ffd3f604000 	C:\WINDOWS\WinSxS\amd64_microsoft.windows.common-controls_6595b64144ccf1df_6.0.18362.1016_none_9e7a36bbe461dae4\COMCTL32.dll
0x00007ffd54c90000 - 0x00007ffd54fc5000 	C:\WINDOWS\System32\combase.dll
0x00007ffd53b60000 - 0x00007ffd53be0000 	C:\WINDOWS\System32\bcryptPrimitives.dll
0x00007ffd564f0000 - 0x00007ffd5651e000 	C:\WINDOWS\System32\IMM32.DLL
0x0000000062540000 - 0x0000000062612000 	C:\Program Files\Android\Android Studio\jre\jre\bin\msvcr100.dll
0x0000000062920000 - 0x0000000063166000 	C:\Program Files\Android\Android Studio\jre\jre\bin\server\jvm.dll
0x00007ffd56880000 - 0x00007ffd56888000 	C:\WINDOWS\System32\PSAPI.DLL
0x00007ffd43c00000 - 0x00007ffd43c09000 	C:\WINDOWS\SYSTEM32\WSOCK32.dll
0x00007ffd55310000 - 0x00007ffd5537f000 	C:\WINDOWS\System32\WS2_32.dll
0x00007ffd51a60000 - 0x00007ffd51a84000 	C:\WINDOWS\SYSTEM32\WINMM.dll
0x00007ffd4a700000 - 0x00007ffd4a70a000 	C:\WINDOWS\SYSTEM32\VERSION.dll
0x00007ffd51a30000 - 0x00007ffd51a5d000 	C:\WINDOWS\SYSTEM32\WINMMBASE.dll
0x00007ffd545f0000 - 0x00007ffd5463a000 	C:\WINDOWS\System32\cfgmgr32.dll
0x00007ffd51dd0000 - 0x00007ffd51ddf000 	C:\Program Files\Android\Android Studio\jre\jre\bin\verify.dll
0x00007ffd4f750000 - 0x00007ffd4f779000 	C:\Program Files\Android\Android Studio\jre\jre\bin\java.dll
0x00007ffd51cc0000 - 0x00007ffd51cd6000 	C:\Program Files\Android\Android Studio\jre\jre\bin\zip.dll
0x00007ffd55410000 - 0x00007ffd55af7000 	C:\WINDOWS\System32\SHELL32.dll
0x00007ffd56390000 - 0x00007ffd56439000 	C:\WINDOWS\System32\shcore.dll
0x00007ffd53d10000 - 0x00007ffd54492000 	C:\WINDOWS\System32\windows.storage.dll
0x00007ffd53ac0000 - 0x00007ffd53ae3000 	C:\WINDOWS\System32\profapi.dll
0x00007ffd53b10000 - 0x00007ffd53b5a000 	C:\WINDOWS\System32\powrprof.dll
0x00007ffd53a90000 - 0x00007ffd53aa0000 	C:\WINDOWS\System32\UMPDC.dll
0x00007ffd553b0000 - 0x00007ffd55402000 	C:\WINDOWS\System32\shlwapi.dll
0x00007ffd53aa0000 - 0x00007ffd53ab1000 	C:\WINDOWS\System32\kernel.appcore.dll
0x00007ffd54c10000 - 0x00007ffd54c27000 	C:\WINDOWS\System32\cryptsp.dll
0x00007ffd51970000 - 0x00007ffd5198a000 	C:\Program Files\Android\Android Studio\jre\jre\bin\net.dll
0x00007ffd47440000 - 0x00007ffd47616000 	C:\WINDOWS\SYSTEM32\urlmon.dll
0x00007ffd47750000 - 0x00007ffd479f6000 	C:\WINDOWS\SYSTEM32\iertutil.dll
0x00007ffd534c0000 - 0x00007ffd534cc000 	C:\WINDOWS\SYSTEM32\CRYPTBASE.DLL
0x00007ffd532f0000 - 0x00007ffd53357000 	C:\WINDOWS\system32\mswsock.dll
0x00007ffd4c9d0000 - 0x00007ffd4c9e3000 	C:\Program Files\Android\Android Studio\jre\jre\bin\nio.dll
0x00007ffd2b290000 - 0x00007ffd2b2b6000 	C:\Users\basker\.gradle\native\30\windows-amd64\native-platform.dll
0x00007ffd51b00000 - 0x00007ffd51b0d000 	C:\Program Files\Android\Android Studio\jre\jre\bin\management.dll
0x00007ffd52e00000 - 0x00007ffd52e33000 	C:\WINDOWS\system32\rsaenh.dll
0x00007ffd54640000 - 0x00007ffd54666000 	C:\WINDOWS\System32\bcrypt.dll
0x00007ffd53980000 - 0x00007ffd539a5000 	C:\WINDOWS\SYSTEM32\USERENV.dll
0x00007ffd53000000 - 0x00007ffd5303a000 	C:\WINDOWS\SYSTEM32\IPHLPAPI.DLL
0x00007ffd56b20000 - 0x00007ffd56b28000 	C:\WINDOWS\System32\NSI.dll
0x00007ffd4ac20000 - 0x00007ffd4ac36000 	C:\WINDOWS\SYSTEM32\dhcpcsvc6.DLL
0x00007ffd4ac60000 - 0x00007ffd4ac7c000 	C:\WINDOWS\SYSTEM32\dhcpcsvc.DLL
0x00007ffd53040000 - 0x00007ffd5310b000 	C:\WINDOWS\SYSTEM32\DNSAPI.dll

VM Arguments:
jvm_args: -Xmx1536m -Dfile.encoding=windows-1252 -Duser.country=US -Duser.language=en -Duser.variant 
java_command: org.gradle.launcher.daemon.bootstrap.GradleDaemon 5.6.4
java_class_path (initial): C:\Users\basker\.gradle\wrapper\dists\gradle-5.6.4-all\ankdp27end7byghfw1q2sw75f\gradle-5.6.4\lib\gradle-launcher-5.6.4.jar
Launcher Type: SUN_STANDARD

Environment Variables:
PATH=C:\Program Files (x86)\Common Files\Oracle\Java\javapath;C:\Program Files (x86)\NVIDIA Corporation\PhysX\Common;C:\Program Files (x86)\Intel\iCLS Client\;C:\Program Files\Intel\iCLS Client\;C:\WINDOWS\system32;C:\WINDOWS;C:\WINDOWS\System32\Wbem;C:\WINDOWS\System32\WindowsPowerShell\v1.0\;C:\Program Files\Intel\Intel(R) Management Engine Components\DAL;C:\Program Files\Intel\Intel(R) Management Engine Components\IPT;C:\Program Files (x86)\Intel\Intel(R) Management Engine Components\DAL;C:\Program Files (x86)\Intel\Intel(R) Management Engine Components\IPT;C:\Program Files (x86)\Intel\OpenCL SDK\2.0\bin\x86;C:\Program Files (x86)\Intel\OpenCL SDK\2.0\bin\x64;C:\Program Files\Lenovo\Bluetooth Software\;C:\Program Files\Lenovo\Bluetooth Software\syswow64;C:\WINDOWS\System32\OpenSSH\;C:\Program Files\nodejs\;C:\Users\basker\AppData\Local\Android\Sdk\platforms;C:\Users\basker\AppData\Local\Android\Sdk\platform-tools;C:\Users\basker\.gradle\wrapper\dists\gradle-5.6.4-all\ankdp27end7byghfw1q2sw75f\gradle-5.6.4\bin;C:\Program Files\Git\cmd;C:\Program Files\MySQL\MySQL Shell 8.0\bin\;C:\Users\basker\AppData\Local\Microsoft\WindowsApps;C:\Users\basker\AppData\Roaming\npm;C:\Users\basker\AppData\Local\Programs\Microsoft VS Code\bin;C:\Users\basker\.gradle\wrapper\dists\gradle-5.6.4-all\ankdp27end7byghfw1q2sw75f\gradle-5.6.4\bin;
USERNAME=basker
OS=Windows_NT
PROCESSOR_IDENTIFIER=Intel64 Family 6 Model 58 Stepping 9, GenuineIntel



---------------  S Y S T E M  ---------------

OS: Windows 10.0 , 64 bit Build 18362 (10.0.18362.959)

CPU:total 4 (initial active 4) (2 cores per cpu, 2 threads per core) family 6 model 58 stepping 9, cmov, cx8, fxsr, mmx, sse, sse2, sse3, ssse3, sse4.1, sse4.2, popcnt, avx, aes, clmul, erms, ht, tsc, tscinvbit, tscinv

Memory: 4k page, physical 4056852k(286924k free), swap 5481236k(4372k free)

vm_info: OpenJDK 64-Bit Server VM (25.212-b04) for windows-amd64 JRE (1.8.0_212-release-1586-b04), built by "builder" with MS VC++ 10.0 (VS2010)

time: Fri Sep 04 00:06:30 2020
timezone: India Standard Time
elapsed time: 9 seconds (0d 0h 0m 9s)

