#
# There is insufficient memory for the Java Runtime Environment to continue.
# Native memory allocation (malloc) failed to allocate 32744 bytes for ChunkPool::allocate
# Possible reasons:
#   The system is out of physical RAM or swap space
#   The process is running with CompressedOops enabled, and the Java Heap may be blocking the growth of the native heap
# Possible solutions:
#   Reduce memory load on the system
#   Increase physical memory or swap space
#   Check if swap backing store is full
#   Decrease Java heap size (-Xmx/-Xms)
#   Decrease number of Java threads
#   Decrease Java thread stack sizes (-Xss)
#   Set larger code cache with -XX:ReservedCodeCacheSize=
#   JVM is running with Unscaled Compressed Oops mode in which the Java heap is
#     placed in the first 4GB address space. The Java Heap base address is the
#     maximum limit for the native heap growth. Please use -XX:HeapBaseMinAddress
#     to set the Java Heap base and to place the Java Heap above 4GB virtual address.
# This output file may be truncated or incomplete.
#
#  Out of Memory Error (allocation.cpp:272), pid=4696, tid=0x000000000000257c
#
# JRE version: OpenJDK Runtime Environment (8.0_212-b04) (build 1.8.0_212-release-1586-b04)
# Java VM: OpenJDK 64-Bit Server VM (25.212-b04 mixed mode windows-amd64 compressed oops)
# Failed to write core dump. Minidumps are not enabled by default on client versions of Windows
#

---------------  T H R E A D  ---------------

Current thread (0x0000000015e24800):  JavaThread "C1 CompilerThread2" daemon [_thread_in_vm, id=9596, stack(0x0000000017670000,0x0000000017770000)]

Stack: [0x0000000017670000,0x0000000017770000]
[error occurred during error reporting (printing stack bounds), id 0xc0000005]

Native frames: (J=compiled Java code, j=interpreted, Vv=VM code, C=native code)


Current CompileTask:
C1:   4435 1441       1       java.lang.reflect.Method::getMethodAccessor (5 bytes)


---------------  P R O C E S S  ---------------

Java Threads: ( => current thread )
  0x00000000197c8000 JavaThread "Cache worker for journal cache (C:\Users\basker\.gradle\caches\journal-1)" [_thread_blocked, id=4352, stack(0x000000001bb90000,0x000000001bc90000)]
  0x00000000197c7000 JavaThread "File lock request listener" [_thread_in_native, id=5052, stack(0x000000001ba90000,0x000000001bb90000)]
  0x00000000197c6800 JavaThread "Cache worker for file hash cache (C:\Users\basker\.gradle\caches\5.6.4\fileHashes)" [_thread_blocked, id=544, stack(0x000000001b990000,0x000000001ba90000)]
  0x00000000196ca800 JavaThread "Thread-9" [_thread_blocked, id=11248, stack(0x000000001b690000,0x000000001b790000)]
  0x00000000196cc000 JavaThread "Stdin handler" [_thread_blocked, id=2472, stack(0x000000001b590000,0x000000001b690000)]
  0x0000000019726800 JavaThread "Asynchronous log dispatcher for DefaultDaemonConnection: socket connection from /127.0.0.1:53041 to /127.0.0.1:53042" [_thread_blocked, id=212, stack(0x000000001b490000,0x000000001b590000)]
  0x00000000196cd000 JavaThread "Daemon worker" [_thread_in_vm, id=8556, stack(0x000000001b390000,0x000000001b490000)]
  0x00000000196ac800 JavaThread "Cancel handler" [_thread_blocked, id=2860, stack(0x000000001b290000,0x000000001b390000)]
  0x000000001953d000 JavaThread "Handler for socket connection from /127.0.0.1:53041 to /127.0.0.1:53042" [_thread_in_native, id=7040, stack(0x000000001af90000,0x000000001b090000)]
  0x0000000019692800 JavaThread "Daemon" [_thread_blocked, id=4996, stack(0x000000001ae90000,0x000000001af90000)]
  0x0000000019681800 JavaThread "Daemon periodic checks" [_thread_blocked, id=10908, stack(0x000000001ad90000,0x000000001ae90000)]
  0x000000001960d800 JavaThread "Incoming local TCP Connector on port 53041" [_thread_in_native, id=7724, stack(0x000000001ab50000,0x000000001ac50000)]
  0x0000000019536000 JavaThread "Daemon health stats" [_thread_blocked, id=3452, stack(0x000000001a510000,0x000000001a610000)]
  0x00000000177a0800 JavaThread "Service Thread" daemon [_thread_blocked, id=6840, stack(0x0000000017b70000,0x0000000017c70000)]
=>0x0000000015e24800 JavaThread "C1 CompilerThread2" daemon [_thread_in_vm, id=9596, stack(0x0000000017670000,0x0000000017770000)]
  0x0000000015e20000 JavaThread "C2 CompilerThread1" daemon [_thread_in_native, id=5160, stack(0x0000000017570000,0x0000000017670000)]
  0x0000000015e1b800 JavaThread "C2 CompilerThread0" daemon [_thread_in_native, id=4708, stack(0x0000000017470000,0x0000000017570000)]
  0x0000000015e29000 JavaThread "Attach Listener" daemon [_thread_blocked, id=9988, stack(0x0000000017370000,0x0000000017470000)]
  0x0000000015e28000 JavaThread "Signal Dispatcher" daemon [_thread_blocked, id=7048, stack(0x0000000017270000,0x0000000017370000)]
  0x00000000024ad000 JavaThread "Finalizer" daemon [_thread_blocked, id=8928, stack(0x0000000017070000,0x0000000017170000)]
  0x0000000015e09000 JavaThread "Reference Handler" daemon [_thread_blocked, id=10592, stack(0x0000000016f70000,0x0000000017070000)]
  0x00000000022ae000 JavaThread "main" [_thread_blocked, id=7264, stack(0x00000000022b0000,0x00000000023b0000)]

Other Threads:
  0x0000000015de6800 VMThread [stack: 0x0000000016e70000,0x0000000016f70000] [id=6252]
  0x0000000015e7d000 WatcherThread [stack: 0x0000000017c70000,0x0000000017d70000] [id=10804]

VM state:not at safepoint (normal execution)

VM Mutex/Monitor currently owned by a thread: None

heap address: 0x00000000a0000000, size: 1536 MB, Compressed Oops mode: 32-bit
Narrow klass base: 0x0000000000000000, Narrow klass shift: 3
Compressed class space size: 1073741824 Address: 0x0000000100000000

Heap:
 PSYoungGen      total 19456K, used 13699K [0x00000000e0000000, 0x00000000e1a80000, 0x0000000100000000)
  eden space 14848K, 67% used [0x00000000e0000000,0x00000000e09daf68,0x00000000e0e80000)
  from space 4608K, 78% used [0x00000000e1400000,0x00000000e1785fb8,0x00000000e1880000)
  to   space 5632K, 0% used [0x00000000e0e80000,0x00000000e0e80000,0x00000000e1400000)
 ParOldGen       total 42496K, used 4873K [0x00000000a0000000, 0x00000000a2980000, 0x00000000e0000000)
  object space 42496K, 11% used [0x00000000a0000000,0x00000000a04c2698,0x00000000a2980000)
 Metaspace       used 14910K, capacity 15290K, committed 15616K, reserved 1062912K
  class space    used 2103K, capacity 2215K, committed 2304K, reserved 1048576K

Card table byte_map: [0x0000000011870000,0x0000000011b80000] byte_map_base: 0x0000000011370000

Marking Bits: (ParMarkBitMap*) 0x00000000672d9f30
 Begin Bits: [0x0000000012180000, 0x0000000013980000)
 End Bits:   [0x0000000013980000, 0x0000000015180000)

Polling page: 0x00000000009b0000

CodeCache: size=245760Kb used=5101Kb max_used=5101Kb free=240658Kb
 bounds [0x00000000024b0000, 0x00000000029b0000, 0x00000000114b0000]
 total_blobs=1822 nmethods=1438 adapters=297
 compilation: enabled

Compilation events (10 events):
Event: 4.420 Thread 0x0000000015e24800 nmethod 1436 0x00000000029a8c10 code [0x00000000029a8de0, 0x00000000029a94e8]
Event: 4.420 Thread 0x0000000015e24800 1437       3       java.lang.Class::isAnnotation (17 bytes)
Event: 4.420 Thread 0x0000000015e24800 nmethod 1437 0x00000000029a9750 code [0x00000000029a98c0, 0x00000000029a9b28]
Event: 4.421 Thread 0x0000000015e24800 1438       3       org.gradle.internal.service.DefaultServiceRegistry::find (142 bytes)
Event: 4.423 Thread 0x0000000015e24800 nmethod 1438 0x00000000029a9bd0 code [0x00000000029a9f20, 0x00000000029aba98]
Event: 4.431 Thread 0x0000000015e24800 1439       3       org.gradle.internal.service.DefaultServiceRegistry$SingletonService::getService (18 bytes)
Event: 4.431 Thread 0x0000000015e24800 nmethod 1439 0x00000000029acad0 code [0x00000000029acc60, 0x00000000029aced8]
Event: 4.431 Thread 0x0000000015e24800 1440       3       org.gradle.internal.service.DefaultServiceRegistry::access$1200 (6 bytes)
Event: 4.431 Thread 0x0000000015e24800 nmethod 1440 0x00000000029acfd0 code [0x00000000029ad140, 0x00000000029ad2a8]
Event: 4.433 Thread 0x0000000015e24800 1441       1       java.lang.reflect.Method::getMethodAccessor (5 bytes)

GC Heap History (10 events):
Event: 2.139 GC heap before
{Heap before GC invocations=4 (full 0):
 PSYoungGen      total 18432K, used 17888K [0x00000000e0000000, 0x00000000e1480000, 0x0000000100000000)
  eden space 15872K, 100% used [0x00000000e0000000,0x00000000e0f80000,0x00000000e0f80000)
  from space 2560K, 78% used [0x00000000e0f80000,0x00000000e1178000,0x00000000e1200000)
  to   space 2560K, 0% used [0x00000000e1200000,0x00000000e1200000,0x00000000e1480000)
 ParOldGen       total 42496K, used 580K [0x00000000a0000000, 0x00000000a2980000, 0x00000000e0000000)
  object space 42496K, 1% used [0x00000000a0000000,0x00000000a00911e0,0x00000000a2980000)
 Metaspace       used 6951K, capacity 7192K, committed 7424K, reserved 1056768K
  class space    used 851K, capacity 916K, committed 1024K, reserved 1048576K
Event: 2.143 GC heap after
Heap after GC invocations=4 (full 0):
 PSYoungGen      total 18432K, used 2528K [0x00000000e0000000, 0x00000000e1480000, 0x0000000100000000)
  eden space 15872K, 0% used [0x00000000e0000000,0x00000000e0000000,0x00000000e0f80000)
  from space 2560K, 98% used [0x00000000e1200000,0x00000000e1478020,0x00000000e1480000)
  to   space 2560K, 0% used [0x00000000e0f80000,0x00000000e0f80000,0x00000000e1200000)
 ParOldGen       total 42496K, used 1093K [0x00000000a0000000, 0x00000000a2980000, 0x00000000e0000000)
  object space 42496K, 2% used [0x00000000a0000000,0x00000000a01115d0,0x00000000a2980000)
 Metaspace       used 6951K, capacity 7192K, committed 7424K, reserved 1056768K
  class space    used 851K, capacity 916K, committed 1024K, reserved 1048576K
}
Event: 2.418 GC heap before
{Heap before GC invocations=5 (full 0):
 PSYoungGen      total 18432K, used 18400K [0x00000000e0000000, 0x00000000e1480000, 0x0000000100000000)
  eden space 15872K, 100% used [0x00000000e0000000,0x00000000e0f80000,0x00000000e0f80000)
  from space 2560K, 98% used [0x00000000e1200000,0x00000000e1478020,0x00000000e1480000)
  to   space 2560K, 0% used [0x00000000e0f80000,0x00000000e0f80000,0x00000000e1200000)
 ParOldGen       total 42496K, used 1093K [0x00000000a0000000, 0x00000000a2980000, 0x00000000e0000000)
  object space 42496K, 2% used [0x00000000a0000000,0x00000000a01115d0,0x00000000a2980000)
 Metaspace       used 8977K, capacity 9218K, committed 9472K, reserved 1056768K
  class space    used 1159K, capacity 1257K, committed 1280K, reserved 1048576K
Event: 2.423 GC heap after
Heap after GC invocations=5 (full 0):
 PSYoungGen      total 18432K, used 2528K [0x00000000e0000000, 0x00000000e1880000, 0x0000000100000000)
  eden space 15872K, 0% used [0x00000000e0000000,0x00000000e0000000,0x00000000e0f80000)
  from space 2560K, 98% used [0x00000000e0f80000,0x00000000e11f8020,0x00000000e1200000)
  to   space 4608K, 0% used [0x00000000e1400000,0x00000000e1400000,0x00000000e1880000)
 ParOldGen       total 42496K, used 2663K [0x00000000a0000000, 0x00000000a2980000, 0x00000000e0000000)
  object space 42496K, 6% used [0x00000000a0000000,0x00000000a0299ff0,0x00000000a2980000)
 Metaspace       used 8977K, capacity 9218K, committed 9472K, reserved 1056768K
  class space    used 1159K, capacity 1257K, committed 1280K, reserved 1048576K
}
Event: 3.945 GC heap before
{Heap before GC invocations=6 (full 0):
 PSYoungGen      total 18432K, used 18400K [0x00000000e0000000, 0x00000000e1880000, 0x0000000100000000)
  eden space 15872K, 100% used [0x00000000e0000000,0x00000000e0f80000,0x00000000e0f80000)
  from space 2560K, 98% used [0x00000000e0f80000,0x00000000e11f8020,0x00000000e1200000)
  to   space 4608K, 0% used [0x00000000e1400000,0x00000000e1400000,0x00000000e1880000)
 ParOldGen       total 42496K, used 2663K [0x00000000a0000000, 0x00000000a2980000, 0x00000000e0000000)
  object space 42496K, 6% used [0x00000000a0000000,0x00000000a0299ff0,0x00000000a2980000)
 Metaspace       used 12248K, capacity 12686K, committed 12928K, reserved 1060864K
  class space    used 1637K, capacity 1793K, committed 1920K, reserved 1048576K
Event: 3.951 GC heap after
Heap after GC invocations=6 (full 0):
 PSYoungGen      total 19456K, used 4592K [0x00000000e0000000, 0x00000000e1a80000, 0x0000000100000000)
  eden space 14848K, 0% used [0x00000000e0000000,0x00000000e0000000,0x00000000e0e80000)
  from space 4608K, 99% used [0x00000000e1400000,0x00000000e187c010,0x00000000e1880000)
  to   space 5632K, 0% used [0x00000000e0e80000,0x00000000e0e80000,0x00000000e1400000)
 ParOldGen       total 42496K, used 2905K [0x00000000a0000000, 0x00000000a2980000, 0x00000000e0000000)
  object space 42496K, 6% used [0x00000000a0000000,0x00000000a02d6648,0x00000000a2980000)
 Metaspace       used 12248K, capacity 12686K, committed 12928K, reserved 1060864K
  class space    used 1637K, capacity 1793K, committed 1920K, reserved 1048576K
}
Event: 4.155 GC heap before
{Heap before GC invocations=7 (full 0):
 PSYoungGen      total 19456K, used 19440K [0x00000000e0000000, 0x00000000e1a80000, 0x0000000100000000)
  eden space 14848K, 100% used [0x00000000e0000000,0x00000000e0e80000,0x00000000e0e80000)
  from space 4608K, 99% used [0x00000000e1400000,0x00000000e187c010,0x00000000e1880000)
  to   space 5632K, 0% used [0x00000000e0e80000,0x00000000e0e80000,0x00000000e1400000)
 ParOldGen       total 42496K, used 2905K [0x00000000a0000000, 0x00000000a2980000, 0x00000000e0000000)
  object space 42496K, 6% used [0x00000000a0000000,0x00000000a02d6648,0x00000000a2980000)
 Metaspace       used 13325K, capacity 13684K, committed 13824K, reserved 1060864K
  class space    used 1822K, capacity 1956K, committed 2048K, reserved 1048576K
Event: 4.162 GC heap after
Heap after GC invocations=7 (full 0):
 PSYoungGen      total 20480K, used 3585K [0x00000000e0000000, 0x00000000e1a80000, 0x0000000100000000)
  eden space 14848K, 0% used [0x00000000e0000000,0x00000000e0000000,0x00000000e0e80000)
  from space 5632K, 63% used [0x00000000e0e80000,0x00000000e1200618,0x00000000e1400000)
  to   space 4608K, 0% used [0x00000000e1400000,0x00000000e1400000,0x00000000e1880000)
 ParOldGen       total 42496K, used 4281K [0x00000000a0000000, 0x00000000a2980000, 0x00000000e0000000)
  object space 42496K, 10% used [0x00000000a0000000,0x00000000a042e698,0x00000000a2980000)
 Metaspace       used 13325K, capacity 13684K, committed 13824K, reserved 1060864K
  class space    used 1822K, capacity 1956K, committed 2048K, reserved 1048576K
}
Event: 4.344 GC heap before
{Heap before GC invocations=8 (full 0):
 PSYoungGen      total 20480K, used 18433K [0x00000000e0000000, 0x00000000e1a80000, 0x0000000100000000)
  eden space 14848K, 100% used [0x00000000e0000000,0x00000000e0e80000,0x00000000e0e80000)
  from space 5632K, 63% used [0x00000000e0e80000,0x00000000e1200618,0x00000000e1400000)
  to   space 4608K, 0% used [0x00000000e1400000,0x00000000e1400000,0x00000000e1880000)
 ParOldGen       total 42496K, used 4281K [0x00000000a0000000, 0x00000000a2980000, 0x00000000e0000000)
  object space 42496K, 10% used [0x00000000a0000000,0x00000000a042e698,0x00000000a2980000)
 Metaspace       used 14516K, capacity 14902K, committed 15232K, reserved 1062912K
  class space    used 2019K, capacity 2149K, committed 2176K, reserved 1048576K
Event: 4.348 GC heap after
Heap after GC invocations=8 (full 0):
 PSYoungGen      total 19456K, used 3607K [0x00000000e0000000, 0x00000000e1a80000, 0x0000000100000000)
  eden space 14848K, 0% used [0x00000000e0000000,0x00000000e0000000,0x00000000e0e80000)
  from space 4608K, 78% used [0x00000000e1400000,0x00000000e1785fb8,0x00000000e1880000)
  to   space 5632K, 0% used [0x00000000e0e80000,0x00000000e0e80000,0x00000000e1400000)
 ParOldGen       total 42496K, used 4873K [0x00000000a0000000, 0x00000000a2980000, 0x00000000e0000000)
  object space 42496K, 11% used [0x00000000a0000000,0x00000000a04c2698,0x00000000a2980000)
 Metaspace       used 14516K, capacity 14902K, committed 15232K, reserved 1062912K
  class space    used 2019K, capacity 2149K, committed 2176K, reserved 1048576K
}

Deoptimization events (10 events):
Event: 2.475 Thread 0x00000000022ae000 Uncommon trap: reason=bimorphic action=maybe_recompile pc=0x0000000002715dcc method=java.util.HashMap.putVal(ILjava/lang/Object;Ljava/lang/Object;ZZ)Ljava/lang/Object; @ 203
Event: 2.988 Thread 0x00000000022ae000 Uncommon trap: reason=unstable_if action=reinterpret pc=0x0000000002757470 method=java.io.WinNTFileSystem.normalize(Ljava/lang/String;)Ljava/lang/String; @ 128
Event: 3.798 Thread 0x000000001953d000 Uncommon trap: reason=unstable_if action=reinterpret pc=0x000000000288b6ac method=java.util.concurrent.ConcurrentHashMap.putVal(Ljava/lang/Object;Ljava/lang/Object;Z)Ljava/lang/Object; @ 206
Event: 3.871 Thread 0x00000000196cd000 Uncommon trap: reason=bimorphic action=maybe_recompile pc=0x0000000002715d80 method=java.util.HashMap.putVal(ILjava/lang/Object;Ljava/lang/Object;ZZ)Ljava/lang/Object; @ 253
Event: 3.872 Thread 0x00000000196cd000 Uncommon trap: reason=bimorphic action=maybe_recompile pc=0x0000000002715d80 method=java.util.HashMap.putVal(ILjava/lang/Object;Ljava/lang/Object;ZZ)Ljava/lang/Object; @ 253
Event: 3.873 Thread 0x00000000196cd000 Uncommon trap: reason=bimorphic action=maybe_recompile pc=0x0000000002715d80 method=java.util.HashMap.putVal(ILjava/lang/Object;Ljava/lang/Object;ZZ)Ljava/lang/Object; @ 253
Event: 4.183 Thread 0x00000000196cd000 Uncommon trap: reason=class_check action=maybe_recompile pc=0x0000000002788d84 method=java.util.regex.Matcher.match(II)Z @ 86
Event: 4.200 Thread 0x00000000196cd000 Uncommon trap: reason=class_check action=maybe_recompile pc=0x0000000002788d84 method=java.util.regex.Matcher.match(II)Z @ 86
Event: 4.201 Thread 0x00000000196cd000 Uncommon trap: reason=class_check action=maybe_recompile pc=0x0000000002788d84 method=java.util.regex.Matcher.match(II)Z @ 86
Event: 4.201 Thread 0x00000000196cd000 Uncommon trap: reason=class_check action=maybe_recompile pc=0x000000000261920c method=java.util.regex.Matcher.match(II)Z @ 86

Classes redefined (0 events):
No events

Internal exceptions (10 events):
Event: 2.433 Thread 0x00000000022ae000 Exception <a 'java/lang/NoSuchFieldError': method resolution failed> (0x00000000e0034690) thrown at [D:\src\AOSP-openjdk-cygwin\jdk8u\hotspot\src\share\vm\prims\methodHandles.cpp, line 1167]
Event: 2.436 Thread 0x00000000022ae000 Exception <a 'java/lang/NoSuchFieldError': method resolution failed> (0x00000000e00423c0) thrown at [D:\src\AOSP-openjdk-cygwin\jdk8u\hotspot\src\share\vm\prims\methodHandles.cpp, line 1167]
Event: 3.670 Thread 0x00000000022ae000 Exception <a 'java/io/IOException'> (0x00000000e07badb8) thrown at [D:\src\AOSP-openjdk-cygwin\jdk8u\hotspot\src\share\vm\prims\jni.cpp, line 710]
Event: 3.799 Thread 0x000000001953d000 Exception <a 'java/lang/NoSuchMethodError': <clinit>> (0x00000000e097e1f8) thrown at [D:\src\AOSP-openjdk-cygwin\jdk8u\hotspot\src\share\vm\prims\jni.cpp, line 1614]
Event: 3.800 Thread 0x000000001953d000 Exception <a 'java/lang/NoSuchMethodError': <clinit>> (0x00000000e0987fc8) thrown at [D:\src\AOSP-openjdk-cygwin\jdk8u\hotspot\src\share\vm\prims\jni.cpp, line 1614]
Event: 3.803 Thread 0x000000001953d000 Exception <a 'java/lang/NoSuchMethodError': <clinit>> (0x00000000e099c9e8) thrown at [D:\src\AOSP-openjdk-cygwin\jdk8u\hotspot\src\share\vm\prims\jni.cpp, line 1614]
Event: 3.816 Thread 0x000000001953d000 Exception <a 'java/lang/NoSuchMethodError': <clinit>> (0x00000000e09f8be8) thrown at [D:\src\AOSP-openjdk-cygwin\jdk8u\hotspot\src\share\vm\prims\jni.cpp, line 1614]
Event: 3.825 Thread 0x000000001953d000 Exception <a 'java/lang/NoSuchMethodError': <clinit>> (0x00000000e0a306a8) thrown at [D:\src\AOSP-openjdk-cygwin\jdk8u\hotspot\src\share\vm\prims\jni.cpp, line 1614]
Event: 3.832 Thread 0x000000001953d000 Exception <a 'java/lang/NoSuchMethodError': <clinit>> (0x00000000e0a669f8) thrown at [D:\src\AOSP-openjdk-cygwin\jdk8u\hotspot\src\share\vm\prims\jni.cpp, line 1614]
Event: 3.833 Thread 0x000000001953d000 Exception <a 'java/lang/NoSuchMethodError': <clinit>> (0x00000000e0a71d90) thrown at [D:\src\AOSP-openjdk-cygwin\jdk8u\hotspot\src\share\vm\prims\jni.cpp, line 1614]

Events (10 events):
Event: 4.431 loading class org/gradle/api/internal/changedetection/state/DefaultResourceSnapshotterCacheService done
Event: 4.431 loading class org/gradle/api/internal/changedetection/state/CachingResourceHasher
Event: 4.431 loading class org/gradle/api/internal/changedetection/state/CachingResourceHasher done
Event: 4.432 loading class org/gradle/api/internal/changedetection/state/ResourceHasher
Event: 4.432 loading class org/gradle/api/internal/changedetection/state/ResourceHasher done
Event: 4.432 loading class org/gradle/api/internal/changedetection/state/ConfigurableNormalizer
Event: 4.432 loading class org/gradle/api/internal/changedetection/state/ConfigurableNormalizer done
Event: 4.432 loading class org/gradle/api/internal/changedetection/state/RegularFileHasher
Event: 4.432 loading class org/gradle/api/internal/changedetection/state/RegularFileHasher done
Event: 4.433 loading class org/gradle/api/internal/changedetection/state/DefaultWellKnownFileLocations


Dynamic libraries:
0x00007ff6f0b50000 - 0x00007ff6f0b81000 	C:\Program Files\Android\Android Studio\jre\bin\java.exe
0x00007ffd165e0000 - 0x00007ffd167d0000 	C:\WINDOWS\SYSTEM32\ntdll.dll
0x00007ffd000a0000 - 0x00007ffd000b2000 	C:\Program Files\AVG\Antivirus\aswhook.dll
0x00007ffd14db0000 - 0x00007ffd14e62000 	C:\WINDOWS\System32\KERNEL32.DLL
0x00007ffd14290000 - 0x00007ffd14534000 	C:\WINDOWS\System32\KERNELBASE.dll
0x00007ffd15a80000 - 0x00007ffd15b23000 	C:\WINDOWS\System32\ADVAPI32.dll
0x00007ffd164a0000 - 0x00007ffd1653e000 	C:\WINDOWS\System32\msvcrt.dll
0x00007ffd15b30000 - 0x00007ffd15bc7000 	C:\WINDOWS\System32\sechost.dll
0x00007ffd15080000 - 0x00007ffd151a0000 	C:\WINDOWS\System32\RPCRT4.dll
0x00007ffd15f20000 - 0x00007ffd160b4000 	C:\WINDOWS\System32\USER32.dll
0x00007ffd13e70000 - 0x00007ffd13e91000 	C:\WINDOWS\System32\win32u.dll
0x00007ffd15400000 - 0x00007ffd15426000 	C:\WINDOWS\System32\GDI32.dll
0x00007ffd13ea0000 - 0x00007ffd14036000 	C:\WINDOWS\System32\gdi32full.dll
0x00007ffd14040000 - 0x00007ffd140de000 	C:\WINDOWS\System32\msvcp_win.dll
0x00007ffd14540000 - 0x00007ffd1463a000 	C:\WINDOWS\System32\ucrtbase.dll
0x00007ffd030f0000 - 0x00007ffd03374000 	C:\WINDOWS\WinSxS\amd64_microsoft.windows.common-controls_6595b64144ccf1df_6.0.18362.959_none_e6c7bbbf130c62bb\COMCTL32.dll
0x00007ffd160c0000 - 0x00007ffd163f5000 	C:\WINDOWS\System32\combase.dll
0x00007ffd13df0000 - 0x00007ffd13e70000 	C:\WINDOWS\System32\bcryptPrimitives.dll
0x00007ffd16400000 - 0x00007ffd1642e000 	C:\WINDOWS\System32\IMM32.DLL
0x0000000066950000 - 0x0000000066a22000 	C:\Program Files\Android\Android Studio\jre\jre\bin\msvcr100.dll
0x0000000066b10000 - 0x0000000067356000 	C:\Program Files\Android\Android Studio\jre\jre\bin\server\jvm.dll
0x00007ffd151a0000 - 0x00007ffd151a8000 	C:\WINDOWS\System32\PSAPI.DLL
0x00007ffd043e0000 - 0x00007ffd043e9000 	C:\WINDOWS\SYSTEM32\WSOCK32.dll
0x00007ffd15d80000 - 0x00007ffd15def000 	C:\WINDOWS\System32\WS2_32.dll
0x00007ffd11470000 - 0x00007ffd11494000 	C:\WINDOWS\SYSTEM32\WINMM.dll
0x00007ffd0b260000 - 0x00007ffd0b26a000 	C:\WINDOWS\SYSTEM32\VERSION.dll
0x00007ffd11440000 - 0x00007ffd1146d000 	C:\WINDOWS\SYSTEM32\WINMMBASE.dll
0x00007ffd13610000 - 0x00007ffd1365a000 	C:\WINDOWS\System32\cfgmgr32.dll
0x00007ffd07880000 - 0x00007ffd0788f000 	C:\Program Files\Android\Android Studio\jre\jre\bin\verify.dll
0x00007ffceb980000 - 0x00007ffceb9a9000 	C:\Program Files\Android\Android Studio\jre\jre\bin\java.dll
0x00007ffceb960000 - 0x00007ffceb976000 	C:\Program Files\Android\Android Studio\jre\jre\bin\zip.dll
0x00007ffd14690000 - 0x00007ffd14d76000 	C:\WINDOWS\System32\SHELL32.dll
0x00007ffd159d0000 - 0x00007ffd15a79000 	C:\WINDOWS\System32\shcore.dll
0x00007ffd13660000 - 0x00007ffd13de2000 	C:\WINDOWS\System32\windows.storage.dll
0x00007ffd13530000 - 0x00007ffd13553000 	C:\WINDOWS\System32\profapi.dll
0x00007ffd134c0000 - 0x00007ffd1350a000 	C:\WINDOWS\System32\powrprof.dll
0x00007ffd13490000 - 0x00007ffd134a0000 	C:\WINDOWS\System32\UMPDC.dll
0x00007ffd16540000 - 0x00007ffd16592000 	C:\WINDOWS\System32\shlwapi.dll
0x00007ffd134a0000 - 0x00007ffd134b1000 	C:\WINDOWS\System32\kernel.appcore.dll
0x00007ffd14640000 - 0x00007ffd14657000 	C:\WINDOWS\System32\cryptsp.dll
0x00007ffceed90000 - 0x00007ffceedaa000 	C:\Program Files\Android\Android Studio\jre\jre\bin\net.dll
0x00007ffd06bf0000 - 0x00007ffd06dc6000 	C:\WINDOWS\SYSTEM32\urlmon.dll
0x00007ffd06ef0000 - 0x00007ffd07196000 	C:\WINDOWS\SYSTEM32\iertutil.dll
0x00007ffd12ed0000 - 0x00007ffd12edc000 	C:\WINDOWS\SYSTEM32\CRYPTBASE.DLL
0x00007ffd12ca0000 - 0x00007ffd12d07000 	C:\WINDOWS\system32\mswsock.dll
0x00007ffcea580000 - 0x00007ffcea593000 	C:\Program Files\Android\Android Studio\jre\jre\bin\nio.dll
0x00007ffd05dc0000 - 0x00007ffd05de6000 	C:\Users\basker\.gradle\native\30\windows-amd64\native-platform.dll
0x00007ffd071a0000 - 0x00007ffd071ad000 	C:\Program Files\Android\Android Studio\jre\jre\bin\management.dll
0x00007ffd12810000 - 0x00007ffd12843000 	C:\WINDOWS\system32\rsaenh.dll
0x00007ffd14660000 - 0x00007ffd14686000 	C:\WINDOWS\System32\bcrypt.dll
0x00007ffd133b0000 - 0x00007ffd133d5000 	C:\WINDOWS\SYSTEM32\USERENV.dll
0x00007ffd129b0000 - 0x00007ffd129ea000 	C:\WINDOWS\SYSTEM32\IPHLPAPI.DLL
0x00007ffd16430000 - 0x00007ffd16438000 	C:\WINDOWS\System32\NSI.dll
0x00007ffd09be0000 - 0x00007ffd09bf6000 	C:\WINDOWS\SYSTEM32\dhcpcsvc6.DLL
0x00007ffd09cb0000 - 0x00007ffd09ccc000 	C:\WINDOWS\SYSTEM32\dhcpcsvc.DLL
0x00007ffd12a00000 - 0x00007ffd12acb000 	C:\WINDOWS\SYSTEM32\DNSAPI.dll

VM Arguments:
jvm_args: -Xmx1536m -Dfile.encoding=windows-1252 -Duser.country=US -Duser.language=en -Duser.variant 
java_command: org.gradle.launcher.daemon.bootstrap.GradleDaemon 5.6.4
java_class_path (initial): C:\Users\basker\.gradle\wrapper\dists\gradle-5.6.4-all\ankdp27end7byghfw1q2sw75f\gradle-5.6.4\lib\gradle-launcher-5.6.4.jar
Launcher Type: SUN_STANDARD

Environment Variables:
PATH=C:\Program Files (x86)\Common Files\Oracle\Java\javapath;C:\Program Files (x86)\NVIDIA Corporation\PhysX\Common;C:\Program Files (x86)\Intel\iCLS Client\;C:\Program Files\Intel\iCLS Client\;C:\WINDOWS\system32;C:\WINDOWS;C:\WINDOWS\System32\Wbem;C:\WINDOWS\System32\WindowsPowerShell\v1.0\;C:\Program Files\Intel\Intel(R) Management Engine Components\DAL;C:\Program Files\Intel\Intel(R) Management Engine Components\IPT;C:\Program Files (x86)\Intel\Intel(R) Management Engine Components\DAL;C:\Program Files (x86)\Intel\Intel(R) Management Engine Components\IPT;C:\Program Files (x86)\Intel\OpenCL SDK\2.0\bin\x86;C:\Program Files (x86)\Intel\OpenCL SDK\2.0\bin\x64;C:\Program Files\Lenovo\Bluetooth Software\;C:\Program Files\Lenovo\Bluetooth Software\syswow64;C:\WINDOWS\System32\OpenSSH\;C:\Program Files\nodejs\;C:\Users\basker\AppData\Local\Android\Sdk\platforms;C:\Users\basker\AppData\Local\Android\Sdk\platform-tools;C:\Users\basker\.gradle\wrapper\dists\gradle-5.6.4-all\ankdp27end7byghfw1q2sw75f\gradle-5.6.4\bin;C:\Program Files\Git\cmd;C:\Program Files\MySQL\MySQL Shell 8.0\bin\;C:\Users\basker\AppData\Local\Microsoft\WindowsApps;C:\Users\basker\AppData\Roaming\npm;C:\Users\basker\AppData\Local\Programs\Microsoft VS Code\bin;C:\Users\basker\.gradle\wrapper\dists\gradle-5.6.4-all\ankdp27end7byghfw1q2sw75f\gradle-5.6.4\bin;
USERNAME=basker
OS=Windows_NT
PROCESSOR_IDENTIFIER=Intel64 Family 6 Model 58 Stepping 9, GenuineIntel



---------------  S Y S T E M  ---------------

OS: Windows 10.0 , 64 bit Build 18362 (10.0.18362.959)

CPU:total 4 (initial active 4) (2 cores per cpu, 2 threads per core) family 6 model 58 stepping 9, cmov, cx8, fxsr, mmx, sse, sse2, sse3, ssse3, sse4.1, sse4.2, popcnt, avx, aes, clmul, erms, ht, tsc, tscinvbit, tscinv

Memory: 4k page, physical 4056852k(359560k free), swap 5481236k(2268k free)

vm_info: OpenJDK 64-Bit Server VM (25.212-b04) for windows-amd64 JRE (1.8.0_212-release-1586-b04), built by "builder" with MS VC++ 10.0 (VS2010)

time: Thu Aug 20 00:43:57 2020
timezone: India Standard Time
elapsed time: 4 seconds (0d 0h 0m 4s)

