#
# There is insufficient memory for the Java Runtime Environment to continue.
# Native memory allocation (malloc) failed to allocate 32744 bytes for ChunkPool::allocate
# Possible reasons:
#   The system is out of physical RAM or swap space
#   The process is running with CompressedOops enabled, and the Java Heap may be blocking the growth of the native heap
# Possible solutions:
#   Reduce memory load on the system
#   Increase physical memory or swap space
#   Check if swap backing store is full
#   Decrease Java heap size (-Xmx/-Xms)
#   Decrease number of Java threads
#   Decrease Java thread stack sizes (-Xss)
#   Set larger code cache with -XX:ReservedCodeCacheSize=
#   JVM is running with Unscaled Compressed Oops mode in which the Java heap is
#     placed in the first 4GB address space. The Java Heap base address is the
#     maximum limit for the native heap growth. Please use -XX:HeapBaseMinAddress
#     to set the Java Heap base and to place the Java Heap above 4GB virtual address.
# This output file may be truncated or incomplete.
#
#  Out of Memory Error (allocation.cpp:272), pid=6288, tid=0x00000000000022e8
#
# JRE version: OpenJDK Runtime Environment (8.0_212-b04) (build 1.8.0_212-release-1586-b04)
# Java VM: OpenJDK 64-Bit Server VM (25.212-b04 mixed mode windows-amd64 compressed oops)
# Failed to write core dump. Minidumps are not enabled by default on client versions of Windows
#

---------------  T H R E A D  ---------------

Current thread (0x00000000163d1000):  JavaThread "C2 CompilerThread1" daemon [_thread_in_native, id=8936, stack(0x0000000017b50000,0x0000000017c50000)]

Stack: [0x0000000017b50000,0x0000000017c50000]
[error occurred during error reporting (printing stack bounds), id 0xc0000005]

Native frames: (J=compiled Java code, j=interpreted, Vv=VM code, C=native code)


Current CompileTask:
C2:  38392 4414   !   4       com.sun.beans.TypeResolver::resolve (274 bytes)


---------------  P R O C E S S  ---------------

Java Threads: ( => current thread )
  0x000000001ced2000 JavaThread "Cache worker for Build Output Cleanup Cache (C:\Users\basker\Desktop\adminapp\.gradle\buildOutputCleanup)" [_thread_blocked, id=9280, stack(0x00000000220f0000,0x00000000221f0000)]
  0x000000001ced1800 JavaThread "Build operations Thread 4" [_thread_blocked, id=5052, stack(0x00000000219f0000,0x0000000021af0000)]
  0x000000001cecf000 JavaThread "Build operations Thread 3" [_thread_blocked, id=544, stack(0x00000000218f0000,0x00000000219f0000)]
  0x000000001cece800 JavaThread "Build operations Thread 2" [_thread_blocked, id=6348, stack(0x00000000217f0000,0x00000000218f0000)]
  0x000000001cec7000 JavaThread "Build operations" [_thread_blocked, id=9672, stack(0x00000000216f0000,0x00000000217f0000)]
  0x000000001cecd800 JavaThread "Cache worker for execution history cache (C:\Users\basker\.gradle\caches\5.6.4\executionHistory)" [_thread_blocked, id=8020, stack(0x00000000213f0000,0x00000000214f0000)]
  0x000000001cecd000 JavaThread "Cache worker for cache directory md-rule (C:\Users\basker\.gradle\caches\5.6.4\md-rule)" [_thread_blocked, id=7328, stack(0x00000000212f0000,0x00000000213f0000)]
  0x000000001cec6000 JavaThread "Cache worker for cache directory md-supplier (C:\Users\basker\.gradle\caches\5.6.4\md-supplier)" [_thread_blocked, id=6720, stack(0x00000000211f0000,0x00000000212f0000)]
  0x000000001cecc000 JavaThread "Cache worker for file hash cache (C:\Users\basker\Desktop\adminapp\.gradle\5.6.4\fileHashes)" [_thread_blocked, id=11248, stack(0x0000000020ef0000,0x0000000020ff0000)]
  0x000000001cecb800 JavaThread "Thread-17" [_thread_blocked, id=7724, stack(0x0000000020df0000,0x0000000020ef0000)]
  0x000000001cec7800 JavaThread "Stdin handler" [_thread_blocked, id=212, stack(0x000000001e510000,0x000000001e610000)]
  0x000000001ceca800 JavaThread "Asynchronous log dispatcher for DefaultDaemonConnection: socket connection from /127.0.0.1:52976 to /127.0.0.1:52983" [_thread_blocked, id=7040, stack(0x000000001bc70000,0x000000001bd70000)]
  0x000000001ceca000 JavaThread "Cancel handler" [_thread_blocked, id=10908, stack(0x000000001b870000,0x000000001b970000)]
  0x00000000190f3800 JavaThread "Handler for socket connection from /127.0.0.1:52976 to /127.0.0.1:52983" [_thread_in_native, id=1076, stack(0x000000001b570000,0x000000001b670000)]
  0x00000000190f7800 JavaThread "Cache worker for journal cache (C:\Users\basker\.gradle\caches\journal-1)" [_thread_blocked, id=4808, stack(0x000000001c170000,0x000000001c270000)]
  0x00000000190f3000 JavaThread "File lock request listener" [_thread_in_native, id=9380, stack(0x000000001c070000,0x000000001c170000)]
  0x00000000190f4800 JavaThread "Cache worker for file hash cache (C:\Users\basker\.gradle\caches\5.6.4\fileHashes)" [_thread_blocked, id=8556, stack(0x000000001bf70000,0x000000001c070000)]
  0x000000001943c000 JavaThread "Daemon worker" [_thread_in_native, id=4996, stack(0x000000001b970000,0x000000001ba70000)]
  0x0000000018ab4800 JavaThread "Daemon" [_thread_blocked, id=2860, stack(0x000000001b470000,0x000000001b570000)]
  0x0000000018845800 JavaThread "Daemon periodic checks" [_thread_blocked, id=6588, stack(0x000000001b370000,0x000000001b470000)]
  0x0000000018e02000 JavaThread "Incoming local TCP Connector on port 52976" [_thread_in_native, id=2472, stack(0x000000001b130000,0x000000001b230000)]
  0x0000000019c5d800 JavaThread "Daemon health stats" [_thread_blocked, id=232, stack(0x000000001aaf0000,0x000000001abf0000)]
  0x0000000017d76800 JavaThread "Service Thread" daemon [_thread_blocked, id=220, stack(0x0000000018150000,0x0000000018250000)]
  0x00000000163d9000 JavaThread "C1 CompilerThread2" daemon [_thread_blocked, id=8844, stack(0x0000000017c50000,0x0000000017d50000)]
=>0x00000000163d1000 JavaThread "C2 CompilerThread1" daemon [_thread_in_native, id=8936, stack(0x0000000017b50000,0x0000000017c50000)]
  0x00000000163cd800 JavaThread "C2 CompilerThread0" daemon [_thread_in_native, id=6740, stack(0x0000000017a50000,0x0000000017b50000)]
  0x00000000163cb000 JavaThread "Attach Listener" daemon [_thread_blocked, id=372, stack(0x0000000017950000,0x0000000017a50000)]
  0x0000000002a5e800 JavaThread "Signal Dispatcher" daemon [_thread_blocked, id=8392, stack(0x0000000017850000,0x0000000017950000)]
  0x0000000002a55800 JavaThread "Finalizer" daemon [_thread_blocked, id=8452, stack(0x0000000017650000,0x0000000017750000)]
  0x00000000163b9000 JavaThread "Reference Handler" daemon [_thread_blocked, id=8644, stack(0x0000000017550000,0x0000000017650000)]
  0x00000000027de000 JavaThread "main" [_thread_blocked, id=6672, stack(0x00000000027e0000,0x00000000028e0000)]

Other Threads:
  0x0000000016396800 VMThread [stack: 0x0000000017450000,0x0000000017550000] [id=10716]
  0x0000000017d78800 WatcherThread [stack: 0x0000000018250000,0x0000000018350000] [id=3452]

VM state:not at safepoint (normal execution)

VM Mutex/Monitor currently owned by a thread: None

heap address: 0x00000000a0000000, size: 1536 MB, Compressed Oops mode: 32-bit
Narrow klass base: 0x0000000000000000, Narrow klass shift: 3
Compressed class space size: 1073741824 Address: 0x0000000100000000

Heap:
 PSYoungGen      total 87552K, used 23251K [0x00000000e0000000, 0x00000000e6d80000, 0x0000000100000000)
  eden space 79360K, 18% used [0x00000000e0000000,0x00000000e0eb7bb0,0x00000000e4d80000)
  from space 8192K, 99% used [0x00000000e4d80000,0x00000000e557d120,0x00000000e5580000)
  to   space 11264K, 0% used [0x00000000e6280000,0x00000000e6280000,0x00000000e6d80000)
 ParOldGen       total 51200K, used 23925K [0x00000000a0000000, 0x00000000a3200000, 0x00000000e0000000)
  object space 51200K, 46% used [0x00000000a0000000,0x00000000a175d5b0,0x00000000a3200000)
 Metaspace       used 48118K, capacity 49384K, committed 49536K, reserved 1091584K
  class space    used 6425K, capacity 6755K, committed 6784K, reserved 1048576K

Card table byte_map: [0x0000000011e20000,0x0000000012130000] byte_map_base: 0x0000000011920000

Marking Bits: (ParMarkBitMap*) 0x00000000672d9f30
 Begin Bits: [0x0000000012730000, 0x0000000013f30000)
 End Bits:   [0x0000000013f30000, 0x0000000015730000)

Polling page: 0x00000000027a0000

CodeCache: size=245760Kb used=14227Kb max_used=14227Kb free=231532Kb
 bounds [0x0000000002a60000, 0x0000000003860000, 0x0000000011a60000]
 total_blobs=4895 nmethods=4128 adapters=680
 compilation: enabled

Compilation events (10 events):
Event: 38.242 Thread 0x00000000163d9000 4456       3       org.gradle.tooling.internal.provider.runner.BuildOperationParentTracker::finished (15 bytes)
Event: 38.242 Thread 0x00000000163d9000 nmethod 4456 0x000000000384db90 code [0x000000000384dd00, 0x000000000384dfa8]
Event: 38.242 Thread 0x00000000163d9000 4457       3       org.gradle.api.internal.tasks.compile.tooling.JavaCompileTaskSuccessResultPostProcessor::finished (56 bytes)
Event: 38.243 Thread 0x00000000163d9000 nmethod 4457 0x000000000384e090 code [0x000000000384e280, 0x000000000384ed68]
Event: 38.243 Thread 0x00000000163d9000 4458       3       org.gradle.internal.operations.DefaultBuildOperationExecutor$3::close (37 bytes)
Event: 38.245 Thread 0x00000000163d9000 nmethod 4458 0x000000000384f0d0 code [0x000000000384f320, 0x0000000003850348]
Event: 38.249 Thread 0x00000000163d9000 4459       3       jdk.internal.org.objectweb.asm.MethodVisitor::visitVarInsn (17 bytes)
Event: 38.249 Thread 0x00000000163d9000 nmethod 4459 0x0000000003850cd0 code [0x0000000003850e40, 0x00000000038510a8]
Event: 38.373 Thread 0x00000000163d9000 4461       3       java.security.CodeSource::getCertificates (98 bytes)
Event: 38.373 Thread 0x00000000163d9000 nmethod 4461 0x0000000003851190 code [0x00000000038513a0, 0x0000000003852088]

GC Heap History (10 events):
Event: 20.685 GC heap before
{Heap before GC invocations=15 (full 1):
 PSYoungGen      total 52736K, used 49972K [0x00000000e0000000, 0x00000000e4a80000, 0x0000000100000000)
  eden space 46080K, 100% used [0x00000000e0000000,0x00000000e2d00000,0x00000000e2d00000)
  from space 6656K, 58% used [0x00000000e2d00000,0x00000000e30cd0b8,0x00000000e3380000)
  to   space 6656K, 0% used [0x00000000e4400000,0x00000000e4400000,0x00000000e4a80000)
 ParOldGen       total 31744K, used 12094K [0x00000000a0000000, 0x00000000a1f00000, 0x00000000e0000000)
  object space 31744K, 38% used [0x00000000a0000000,0x00000000a0bcfbc0,0x00000000a1f00000)
 Metaspace       used 32653K, capacity 33302K, committed 33408K, reserved 1077248K
  class space    used 4474K, capacity 4710K, committed 4736K, reserved 1048576K
Event: 20.698 GC heap after
Heap after GC invocations=15 (full 1):
 PSYoungGen      total 68608K, used 3306K [0x00000000e0000000, 0x00000000e4a00000, 0x0000000100000000)
  eden space 62464K, 0% used [0x00000000e0000000,0x00000000e0000000,0x00000000e3d00000)
  from space 6144K, 53% used [0x00000000e4400000,0x00000000e473aa18,0x00000000e4a00000)
  to   space 6656K, 0% used [0x00000000e3d00000,0x00000000e3d00000,0x00000000e4380000)
 ParOldGen       total 31744K, used 13977K [0x00000000a0000000, 0x00000000a1f00000, 0x00000000e0000000)
  object space 31744K, 44% used [0x00000000a0000000,0x00000000a0da6518,0x00000000a1f00000)
 Metaspace       used 32653K, capacity 33302K, committed 33408K, reserved 1077248K
  class space    used 4474K, capacity 4710K, committed 4736K, reserved 1048576K
}
Event: 22.391 GC heap before
{Heap before GC invocations=16 (full 1):
 PSYoungGen      total 68608K, used 42947K [0x00000000e0000000, 0x00000000e4a00000, 0x0000000100000000)
  eden space 62464K, 63% used [0x00000000e0000000,0x00000000e26b6440,0x00000000e3d00000)
  from space 6144K, 53% used [0x00000000e4400000,0x00000000e473aa18,0x00000000e4a00000)
  to   space 6656K, 0% used [0x00000000e3d00000,0x00000000e3d00000,0x00000000e4380000)
 ParOldGen       total 31744K, used 13977K [0x00000000a0000000, 0x00000000a1f00000, 0x00000000e0000000)
  object space 31744K, 44% used [0x00000000a0000000,0x00000000a0da6518,0x00000000a1f00000)
 Metaspace       used 34622K, capacity 35384K, committed 35456K, reserved 1079296K
  class space    used 4745K, capacity 4969K, committed 4992K, reserved 1048576K
Event: 22.398 GC heap after
Heap after GC invocations=16 (full 1):
 PSYoungGen      total 69120K, used 2642K [0x00000000e0000000, 0x00000000e5d80000, 0x0000000100000000)
  eden space 62464K, 0% used [0x00000000e0000000,0x00000000e0000000,0x00000000e3d00000)
  from space 6656K, 39% used [0x00000000e3d00000,0x00000000e3f94918,0x00000000e4380000)
  to   space 6144K, 0% used [0x00000000e5780000,0x00000000e5780000,0x00000000e5d80000)
 ParOldGen       total 31744K, used 14960K [0x00000000a0000000, 0x00000000a1f00000, 0x00000000e0000000)
  object space 31744K, 47% used [0x00000000a0000000,0x00000000a0e9c0d8,0x00000000a1f00000)
 Metaspace       used 34622K, capacity 35384K, committed 35456K, reserved 1079296K
  class space    used 4745K, capacity 4969K, committed 4992K, reserved 1048576K
}
Event: 22.398 GC heap before
{Heap before GC invocations=17 (full 2):
 PSYoungGen      total 69120K, used 2642K [0x00000000e0000000, 0x00000000e5d80000, 0x0000000100000000)
  eden space 62464K, 0% used [0x00000000e0000000,0x00000000e0000000,0x00000000e3d00000)
  from space 6656K, 39% used [0x00000000e3d00000,0x00000000e3f94918,0x00000000e4380000)
  to   space 6144K, 0% used [0x00000000e5780000,0x00000000e5780000,0x00000000e5d80000)
 ParOldGen       total 31744K, used 14960K [0x00000000a0000000, 0x00000000a1f00000, 0x00000000e0000000)
  object space 31744K, 47% used [0x00000000a0000000,0x00000000a0e9c0d8,0x00000000a1f00000)
 Metaspace       used 34622K, capacity 35384K, committed 35456K, reserved 1079296K
  class space    used 4745K, capacity 4969K, committed 4992K, reserved 1048576K
Event: 22.509 GC heap after
Heap after GC invocations=17 (full 2):
 PSYoungGen      total 69120K, used 0K [0x00000000e0000000, 0x00000000e5d80000, 0x0000000100000000)
  eden space 62464K, 0% used [0x00000000e0000000,0x00000000e0000000,0x00000000e3d00000)
  from space 6656K, 0% used [0x00000000e3d00000,0x00000000e3d00000,0x00000000e4380000)
  to   space 6144K, 0% used [0x00000000e5780000,0x00000000e5780000,0x00000000e5d80000)
 ParOldGen       total 51200K, used 14990K [0x00000000a0000000, 0x00000000a3200000, 0x00000000e0000000)
  object space 51200K, 29% used [0x00000000a0000000,0x00000000a0ea3a00,0x00000000a3200000)
 Metaspace       used 34622K, capacity 35384K, committed 35456K, reserved 1079296K
  class space    used 4745K, capacity 4969K, committed 4992K, reserved 1048576K
}
Event: 30.391 GC heap before
{Heap before GC invocations=18 (full 2):
 PSYoungGen      total 69120K, used 62464K [0x00000000e0000000, 0x00000000e5d80000, 0x0000000100000000)
  eden space 62464K, 100% used [0x00000000e0000000,0x00000000e3d00000,0x00000000e3d00000)
  from space 6656K, 0% used [0x00000000e3d00000,0x00000000e3d00000,0x00000000e4380000)
  to   space 6144K, 0% used [0x00000000e5780000,0x00000000e5780000,0x00000000e5d80000)
 ParOldGen       total 51200K, used 14990K [0x00000000a0000000, 0x00000000a3200000, 0x00000000e0000000)
  object space 51200K, 29% used [0x00000000a0000000,0x00000000a0ea3a00,0x00000000a3200000)
 Metaspace       used 40872K, capacity 41900K, committed 42240K, reserved 1085440K
  class space    used 5499K, capacity 5784K, committed 5888K, reserved 1048576K
Event: 30.403 GC heap after
Heap after GC invocations=18 (full 2):
 PSYoungGen      total 83968K, used 6132K [0x00000000e0000000, 0x00000000e5d80000, 0x0000000100000000)
  eden space 77824K, 0% used [0x00000000e0000000,0x00000000e0000000,0x00000000e4c00000)
  from space 6144K, 99% used [0x00000000e5780000,0x00000000e5d7d230,0x00000000e5d80000)
  to   space 8192K, 0% used [0x00000000e4d80000,0x00000000e4d80000,0x00000000e5580000)
 ParOldGen       total 51200K, used 17683K [0x00000000a0000000, 0x00000000a3200000, 0x00000000e0000000)
  object space 51200K, 34% used [0x00000000a0000000,0x00000000a1144f90,0x00000000a3200000)
 Metaspace       used 40872K, capacity 41900K, committed 42240K, reserved 1085440K
  class space    used 5499K, capacity 5784K, committed 5888K, reserved 1048576K
}
Event: 38.020 GC heap before
{Heap before GC invocations=19 (full 2):
 PSYoungGen      total 83968K, used 83956K [0x00000000e0000000, 0x00000000e5d80000, 0x0000000100000000)
  eden space 77824K, 100% used [0x00000000e0000000,0x00000000e4c00000,0x00000000e4c00000)
  from space 6144K, 99% used [0x00000000e5780000,0x00000000e5d7d230,0x00000000e5d80000)
  to   space 8192K, 0% used [0x00000000e4d80000,0x00000000e4d80000,0x00000000e5580000)
 ParOldGen       total 51200K, used 17683K [0x00000000a0000000, 0x00000000a3200000, 0x00000000e0000000)
  object space 51200K, 34% used [0x00000000a0000000,0x00000000a1144f90,0x00000000a3200000)
 Metaspace       used 47874K, capacity 49042K, committed 49280K, reserved 1091584K
  class space    used 6381K, capacity 6684K, committed 6784K, reserved 1048576K
Event: 38.041 GC heap after
Heap after GC invocations=19 (full 2):
 PSYoungGen      total 87552K, used 8180K [0x00000000e0000000, 0x00000000e6d80000, 0x0000000100000000)
  eden space 79360K, 0% used [0x00000000e0000000,0x00000000e0000000,0x00000000e4d80000)
  from space 8192K, 99% used [0x00000000e4d80000,0x00000000e557d120,0x00000000e5580000)
  to   space 11264K, 0% used [0x00000000e6280000,0x00000000e6280000,0x00000000e6d80000)
 ParOldGen       total 51200K, used 23925K [0x00000000a0000000, 0x00000000a3200000, 0x00000000e0000000)
  object space 51200K, 46% used [0x00000000a0000000,0x00000000a175d5b0,0x00000000a3200000)
 Metaspace       used 47874K, capacity 49042K, committed 49280K, reserved 1091584K
  class space    used 6381K, capacity 6684K, committed 6784K, reserved 1048576K
}

Deoptimization events (10 events):
Event: 33.310 Thread 0x000000001943c000 Uncommon trap: reason=unstable_if action=reinterpret pc=0x00000000034cb7b8 method=java.util.LinkedHashMap.get(Ljava/lang/Object;)Ljava/lang/Object; @ 20
Event: 33.574 Thread 0x000000001943c000 Uncommon trap: reason=unstable_if action=reinterpret pc=0x0000000002f68528 method=org.objectweb.asm.ByteVector.putUTF8(Ljava/lang/String;)Lorg/objectweb/asm/ByteVector; @ 93
Event: 35.227 Thread 0x000000001943c000 Uncommon trap: reason=unstable_if action=reinterpret pc=0x0000000002f853d4 method=org.gradle.internal.reflect.PropertyAccessorType.of(Ljava/lang/reflect/Method;)Lorg/gradle/internal/reflect/PropertyAccessorType; @ 56
Event: 37.509 Thread 0x000000001943c000 Uncommon trap: reason=speculate_class_check action=maybe_recompile pc=0x000000000347a868 method=com.google.common.collect.AbstractIndexedListIterator.next()Ljava/lang/Object; @ 27
Event: 37.509 Thread 0x000000001943c000 Uncommon trap: reason=speculate_class_check action=maybe_recompile pc=0x000000000347a868 method=com.google.common.collect.AbstractIndexedListIterator.next()Ljava/lang/Object; @ 27
Event: 37.510 Thread 0x000000001943c000 Uncommon trap: reason=speculate_class_check action=maybe_recompile pc=0x000000000347a868 method=com.google.common.collect.AbstractIndexedListIterator.next()Ljava/lang/Object; @ 27
Event: 37.510 Thread 0x000000001943c000 Uncommon trap: reason=speculate_class_check action=maybe_recompile pc=0x000000000347a868 method=com.google.common.collect.AbstractIndexedListIterator.next()Ljava/lang/Object; @ 27
Event: 37.688 Thread 0x000000001943c000 Uncommon trap: reason=unstable_if action=reinterpret pc=0x000000000360f1b0 method=org.gradle.internal.instantiation.AbstractClassGenerator$InjectionAnnotationValidator.validateMethod(Ljava/lang/reflect/Method;Lorg/gradle/internal/reflect/PropertyAccessorT
Event: 37.688 Thread 0x000000001943c000 Uncommon trap: reason=unstable_if action=reinterpret pc=0x0000000003694fc4 method=org.gradle.internal.instantiation.AbstractClassGenerator$InjectionAnnotationValidator.validateMethod(Ljava/lang/reflect/Method;Lorg/gradle/internal/reflect/PropertyAccessorT
Event: 38.175 Thread 0x000000001943c000 Uncommon trap: reason=unstable_if action=reinterpret pc=0x0000000003599fe8 method=java.util.WeakHashMap.put(Ljava/lang/Object;Ljava/lang/Object;)Ljava/lang/Object; @ 59

Classes redefined (0 events):
No events

Internal exceptions (10 events):
Event: 38.188 Thread 0x000000001943c000 Exception <a 'java/lang/ClassNotFoundException': build_264i9p85rx8cnkezc3ovrd3ww$_run_closure1BeanInfo> (0x00000000e08c4630) thrown at [D:\src\AOSP-openjdk-cygwin\jdk8u\hotspot\src\share\vm\classfile\systemDictionary.cpp, line 210]
Event: 38.189 Thread 0x000000001943c000 Exception <a 'java/lang/ClassNotFoundException': build_264i9p85rx8cnkezc3ovrd3ww$_run_closure1Customizer> (0x00000000e08d5a00) thrown at [D:\src\AOSP-openjdk-cygwin\jdk8u\hotspot\src\share\vm\classfile\systemDictionary.cpp, line 210]
Event: 38.206 Thread 0x000000001943c000 Exception <a 'java/lang/ClassNotFoundException': org/gradle/api/internal/file/collections/DefaultConfigurableFileTreeBeanInfo> (0x00000000e0a818f8) thrown at [D:\src\AOSP-openjdk-cygwin\jdk8u\hotspot\src\share\vm\classfile\systemDictionary.cpp, line 210]
Event: 38.207 Thread 0x000000001943c000 Exception <a 'java/lang/ClassNotFoundException': org/gradle/api/internal/file/CompositeFileTreeBeanInfo> (0x00000000e0ab9ac0) thrown at [D:\src\AOSP-openjdk-cygwin\jdk8u\hotspot\src\share\vm\classfile\systemDictionary.cpp, line 210]
Event: 38.208 Thread 0x000000001943c000 Exception <a 'java/lang/ClassNotFoundException': org/gradle/api/internal/file/CompositeFileCollectionBeanInfo> (0x00000000e0af61f8) thrown at [D:\src\AOSP-openjdk-cygwin\jdk8u\hotspot\src\share\vm\classfile\systemDictionary.cpp, line 210]
Event: 38.209 Thread 0x000000001943c000 Exception <a 'java/lang/ClassNotFoundException': org/gradle/api/internal/file/AbstractFileCollectionBeanInfo> (0x00000000e0b33040) thrown at [D:\src\AOSP-openjdk-cygwin\jdk8u\hotspot\src\share\vm\classfile\systemDictionary.cpp, line 210]
Event: 38.212 Thread 0x000000001943c000 Exception <a 'java/lang/ClassNotFoundException': org/gradle/api/internal/file/AbstractFileCollectionCustomizer> (0x00000000e0b708d0) thrown at [D:\src\AOSP-openjdk-cygwin\jdk8u\hotspot\src\share\vm\classfile\systemDictionary.cpp, line 210]
Event: 38.214 Thread 0x000000001943c000 Exception <a 'java/lang/ClassNotFoundException': org/gradle/api/internal/file/CompositeFileCollectionCustomizer> (0x00000000e0bbe148) thrown at [D:\src\AOSP-openjdk-cygwin\jdk8u\hotspot\src\share\vm\classfile\systemDictionary.cpp, line 210]
Event: 38.219 Thread 0x000000001943c000 Exception <a 'java/lang/ClassNotFoundException': org/gradle/api/internal/file/CompositeFileTreeCustomizer> (0x00000000e0c08070) thrown at [D:\src\AOSP-openjdk-cygwin\jdk8u\hotspot\src\share\vm\classfile\systemDictionary.cpp, line 210]
Event: 38.221 Thread 0x000000001943c000 Exception <a 'java/lang/ClassNotFoundException': org/gradle/api/internal/file/collections/DefaultConfigurableFileTreeCustomizer> (0x00000000e0c5cd68) thrown at [D:\src\AOSP-openjdk-cygwin\jdk8u\hotspot\src\share\vm\classfile\systemDictionary.cpp, line 210

Events (10 events):
Event: 38.372 loading class org/gradle/api/internal/provider/AbstractCollectionProperty$PlusCollector
Event: 38.372 loading class org/gradle/api/internal/provider/AbstractCollectionProperty$PlusCollector done
Event: 38.373 loading class com/android/build/gradle/internal/scope/ProducersMap$PropertyBasedProducer
Event: 38.373 loading class com/android/build/gradle/internal/scope/ProducersMap$PropertyBasedProducer done
Event: 38.373 loading class com/android/build/gradle/internal/scope/ProducersMap$Producer
Event: 38.373 loading class com/android/build/gradle/internal/scope/ProducersMap$Producer done
Event: 38.373 loading class com/android/build/gradle/internal/scope/BuildArtifactsHolder$produces$1
Event: 38.373 loading class com/android/build/gradle/internal/scope/BuildArtifactsHolder$produces$1 done
Event: 38.374 loading class com/android/build/gradle/internal/tasks/PrepareLintJarForPublish
Event: 38.374 loading class com/android/build/gradle/internal/tasks/PrepareLintJarForPublish done


Dynamic libraries:
0x00007ff6f0b50000 - 0x00007ff6f0b81000 	C:\Program Files\Android\Android Studio\jre\bin\java.exe
0x00007ffd165e0000 - 0x00007ffd167d0000 	C:\WINDOWS\SYSTEM32\ntdll.dll
0x00007ffd000a0000 - 0x00007ffd000b2000 	C:\Program Files\AVG\Antivirus\aswhook.dll
0x00007ffd14db0000 - 0x00007ffd14e62000 	C:\WINDOWS\System32\KERNEL32.DLL
0x00007ffd14290000 - 0x00007ffd14534000 	C:\WINDOWS\System32\KERNELBASE.dll
0x00007ffd15a80000 - 0x00007ffd15b23000 	C:\WINDOWS\System32\ADVAPI32.dll
0x00007ffd164a0000 - 0x00007ffd1653e000 	C:\WINDOWS\System32\msvcrt.dll
0x00007ffd15b30000 - 0x00007ffd15bc7000 	C:\WINDOWS\System32\sechost.dll
0x00007ffd15080000 - 0x00007ffd151a0000 	C:\WINDOWS\System32\RPCRT4.dll
0x00007ffd15f20000 - 0x00007ffd160b4000 	C:\WINDOWS\System32\USER32.dll
0x00007ffd13e70000 - 0x00007ffd13e91000 	C:\WINDOWS\System32\win32u.dll
0x00007ffd15400000 - 0x00007ffd15426000 	C:\WINDOWS\System32\GDI32.dll
0x00007ffd13ea0000 - 0x00007ffd14036000 	C:\WINDOWS\System32\gdi32full.dll
0x00007ffd14040000 - 0x00007ffd140de000 	C:\WINDOWS\System32\msvcp_win.dll
0x00007ffd14540000 - 0x00007ffd1463a000 	C:\WINDOWS\System32\ucrtbase.dll
0x00007ffd030f0000 - 0x00007ffd03374000 	C:\WINDOWS\WinSxS\amd64_microsoft.windows.common-controls_6595b64144ccf1df_6.0.18362.959_none_e6c7bbbf130c62bb\COMCTL32.dll
0x00007ffd160c0000 - 0x00007ffd163f5000 	C:\WINDOWS\System32\combase.dll
0x00007ffd13df0000 - 0x00007ffd13e70000 	C:\WINDOWS\System32\bcryptPrimitives.dll
0x00007ffd16400000 - 0x00007ffd1642e000 	C:\WINDOWS\System32\IMM32.DLL
0x0000000066950000 - 0x0000000066a22000 	C:\Program Files\Android\Android Studio\jre\jre\bin\msvcr100.dll
0x0000000066b10000 - 0x0000000067356000 	C:\Program Files\Android\Android Studio\jre\jre\bin\server\jvm.dll
0x00007ffd151a0000 - 0x00007ffd151a8000 	C:\WINDOWS\System32\PSAPI.DLL
0x00007ffd043e0000 - 0x00007ffd043e9000 	C:\WINDOWS\SYSTEM32\WSOCK32.dll
0x00007ffd15d80000 - 0x00007ffd15def000 	C:\WINDOWS\System32\WS2_32.dll
0x00007ffd11470000 - 0x00007ffd11494000 	C:\WINDOWS\SYSTEM32\WINMM.dll
0x00007ffd0b260000 - 0x00007ffd0b26a000 	C:\WINDOWS\SYSTEM32\VERSION.dll
0x00007ffd11440000 - 0x00007ffd1146d000 	C:\WINDOWS\SYSTEM32\WINMMBASE.dll
0x00007ffd13610000 - 0x00007ffd1365a000 	C:\WINDOWS\System32\cfgmgr32.dll
0x00007ffd07880000 - 0x00007ffd0788f000 	C:\Program Files\Android\Android Studio\jre\jre\bin\verify.dll
0x00007ffceb980000 - 0x00007ffceb9a9000 	C:\Program Files\Android\Android Studio\jre\jre\bin\java.dll
0x00007ffceb960000 - 0x00007ffceb976000 	C:\Program Files\Android\Android Studio\jre\jre\bin\zip.dll
0x00007ffd14690000 - 0x00007ffd14d76000 	C:\WINDOWS\System32\SHELL32.dll
0x00007ffd159d0000 - 0x00007ffd15a79000 	C:\WINDOWS\System32\shcore.dll
0x00007ffd13660000 - 0x00007ffd13de2000 	C:\WINDOWS\System32\windows.storage.dll
0x00007ffd13530000 - 0x00007ffd13553000 	C:\WINDOWS\System32\profapi.dll
0x00007ffd134c0000 - 0x00007ffd1350a000 	C:\WINDOWS\System32\powrprof.dll
0x00007ffd13490000 - 0x00007ffd134a0000 	C:\WINDOWS\System32\UMPDC.dll
0x00007ffd16540000 - 0x00007ffd16592000 	C:\WINDOWS\System32\shlwapi.dll
0x00007ffd134a0000 - 0x00007ffd134b1000 	C:\WINDOWS\System32\kernel.appcore.dll
0x00007ffd14640000 - 0x00007ffd14657000 	C:\WINDOWS\System32\cryptsp.dll
0x00007ffceed90000 - 0x00007ffceedaa000 	C:\Program Files\Android\Android Studio\jre\jre\bin\net.dll
0x00007ffd06bf0000 - 0x00007ffd06dc6000 	C:\WINDOWS\SYSTEM32\urlmon.dll
0x00007ffd06ef0000 - 0x00007ffd07196000 	C:\WINDOWS\SYSTEM32\iertutil.dll
0x00007ffd12ed0000 - 0x00007ffd12edc000 	C:\WINDOWS\SYSTEM32\CRYPTBASE.DLL
0x00007ffd12ca0000 - 0x00007ffd12d07000 	C:\WINDOWS\system32\mswsock.dll
0x00007ffcea580000 - 0x00007ffcea593000 	C:\Program Files\Android\Android Studio\jre\jre\bin\nio.dll
0x00007ffd05dc0000 - 0x00007ffd05de6000 	C:\Users\basker\.gradle\native\30\windows-amd64\native-platform.dll
0x00007ffd071a0000 - 0x00007ffd071ad000 	C:\Program Files\Android\Android Studio\jre\jre\bin\management.dll
0x00007ffd12810000 - 0x00007ffd12843000 	C:\WINDOWS\system32\rsaenh.dll
0x00007ffd14660000 - 0x00007ffd14686000 	C:\WINDOWS\System32\bcrypt.dll
0x00007ffd133b0000 - 0x00007ffd133d5000 	C:\WINDOWS\SYSTEM32\USERENV.dll
0x00007ffd129b0000 - 0x00007ffd129ea000 	C:\WINDOWS\SYSTEM32\IPHLPAPI.DLL
0x00007ffd16430000 - 0x00007ffd16438000 	C:\WINDOWS\System32\NSI.dll
0x00007ffd09be0000 - 0x00007ffd09bf6000 	C:\WINDOWS\SYSTEM32\dhcpcsvc6.DLL
0x00007ffd09cb0000 - 0x00007ffd09ccc000 	C:\WINDOWS\SYSTEM32\dhcpcsvc.DLL
0x00007ffd12a00000 - 0x00007ffd12acb000 	C:\WINDOWS\SYSTEM32\DNSAPI.dll

VM Arguments:
jvm_args: -Xmx1536m -Dfile.encoding=windows-1252 -Duser.country=US -Duser.language=en -Duser.variant 
java_command: org.gradle.launcher.daemon.bootstrap.GradleDaemon 5.6.4
java_class_path (initial): C:\Users\basker\.gradle\wrapper\dists\gradle-5.6.4-all\ankdp27end7byghfw1q2sw75f\gradle-5.6.4\lib\gradle-launcher-5.6.4.jar
Launcher Type: SUN_STANDARD

Environment Variables:
PATH=C:\Program Files (x86)\Common Files\Oracle\Java\javapath;C:\Program Files (x86)\NVIDIA Corporation\PhysX\Common;C:\Program Files (x86)\Intel\iCLS Client\;C:\Program Files\Intel\iCLS Client\;C:\WINDOWS\system32;C:\WINDOWS;C:\WINDOWS\System32\Wbem;C:\WINDOWS\System32\WindowsPowerShell\v1.0\;C:\Program Files\Intel\Intel(R) Management Engine Components\DAL;C:\Program Files\Intel\Intel(R) Management Engine Components\IPT;C:\Program Files (x86)\Intel\Intel(R) Management Engine Components\DAL;C:\Program Files (x86)\Intel\Intel(R) Management Engine Components\IPT;C:\Program Files (x86)\Intel\OpenCL SDK\2.0\bin\x86;C:\Program Files (x86)\Intel\OpenCL SDK\2.0\bin\x64;C:\Program Files\Lenovo\Bluetooth Software\;C:\Program Files\Lenovo\Bluetooth Software\syswow64;C:\WINDOWS\System32\OpenSSH\;C:\Program Files\nodejs\;C:\Users\basker\AppData\Local\Android\Sdk\platforms;C:\Users\basker\AppData\Local\Android\Sdk\platform-tools;C:\Users\basker\.gradle\wrapper\dists\gradle-5.6.4-all\ankdp27end7byghfw1q2sw75f\gradle-5.6.4\bin;C:\Program Files\Git\cmd;C:\Program Files\MySQL\MySQL Shell 8.0\bin\;C:\Users\basker\AppData\Local\Microsoft\WindowsApps;C:\Users\basker\AppData\Roaming\npm;C:\Users\basker\AppData\Local\Programs\Microsoft VS Code\bin;C:\Users\basker\.gradle\wrapper\dists\gradle-5.6.4-all\ankdp27end7byghfw1q2sw75f\gradle-5.6.4\bin;
USERNAME=basker
OS=Windows_NT
PROCESSOR_IDENTIFIER=Intel64 Family 6 Model 58 Stepping 9, GenuineIntel



---------------  S Y S T E M  ---------------

OS: Windows 10.0 , 64 bit Build 18362 (10.0.18362.959)

CPU:total 4 (initial active 4) (2 cores per cpu, 2 threads per core) family 6 model 58 stepping 9, cmov, cx8, fxsr, mmx, sse, sse2, sse3, ssse3, sse4.1, sse4.2, popcnt, avx, aes, clmul, erms, ht, tsc, tscinvbit, tscinv

Memory: 4k page, physical 4056852k(382772k free), swap 5481236k(4228k free)

vm_info: OpenJDK 64-Bit Server VM (25.212-b04) for windows-amd64 JRE (1.8.0_212-release-1586-b04), built by "builder" with MS VC++ 10.0 (VS2010)

time: Thu Aug 20 00:43:26 2020
timezone: India Standard Time
elapsed time: 38 seconds (0d 0h 0m 38s)

