#
# There is insufficient memory for the Java Runtime Environment to continue.
# Native memory allocation (malloc) failed to allocate 909120 bytes for Chunk::new
# Possible reasons:
#   The system is out of physical RAM or swap space
#   The process is running with CompressedOops enabled, and the Java Heap may be blocking the growth of the native heap
# Possible solutions:
#   Reduce memory load on the system
#   Increase physical memory or swap space
#   Check if swap backing store is full
#   Decrease Java heap size (-Xmx/-Xms)
#   Decrease number of Java threads
#   Decrease Java thread stack sizes (-Xss)
#   Set larger code cache with -XX:ReservedCodeCacheSize=
#   JVM is running with Unscaled Compressed Oops mode in which the Java heap is
#     placed in the first 4GB address space. The Java Heap base address is the
#     maximum limit for the native heap growth. Please use -XX:HeapBaseMinAddress
#     to set the Java Heap base and to place the Java Heap above 4GB virtual address.
# This output file may be truncated or incomplete.
#
#  Out of Memory Error (allocation.cpp:389), pid=840, tid=0x00000000000006dc
#
# JRE version: OpenJDK Runtime Environment (8.0_212-b04) (build 1.8.0_212-release-1586-b04)
# Java VM: OpenJDK 64-Bit Server VM (25.212-b04 mixed mode windows-amd64 compressed oops)
# Failed to write core dump. Minidumps are not enabled by default on client versions of Windows
#

---------------  T H R E A D  ---------------

Current thread (0x000000001638b800):  JavaThread "C2 CompilerThread0" daemon [_thread_in_native, id=1756, stack(0x00000000179f0000,0x0000000017af0000)]

Stack: [0x00000000179f0000,0x0000000017af0000]
[error occurred during error reporting (printing stack bounds), id 0xc0000005]

Native frames: (J=compiled Java code, j=interpreted, Vv=VM code, C=native code)


Current CompileTask:
C2:  24350 3731   !   4       java.util.jar.Attributes::read (380 bytes)


---------------  P R O C E S S  ---------------

Java Threads: ( => current thread )
  0x000000001c7bc800 JavaThread "Cache worker for Build Output Cleanup Cache (C:\Users\basker\Desktop\adminapp\.gradle\buildOutputCleanup)" [_thread_blocked, id=10676, stack(0x0000000021b00000,0x0000000021c00000)]
  0x000000001c7ba000 JavaThread "Build operations Thread 4" [_thread_blocked, id=10064, stack(0x0000000021a00000,0x0000000021b00000)]
  0x000000001c7c0000 JavaThread "Build operations Thread 3" [_thread_blocked, id=7964, stack(0x0000000021900000,0x0000000021a00000)]
  0x000000001c7bb800 JavaThread "Build operations Thread 2" [_thread_blocked, id=4248, stack(0x0000000021800000,0x0000000021900000)]
  0x000000001c7bd000 JavaThread "Build operations" [_thread_blocked, id=1780, stack(0x0000000021700000,0x0000000021800000)]
  0x000000001c7bf800 JavaThread "Cache worker for execution history cache (C:\Users\basker\.gradle\caches\5.6.4\executionHistory)" [_thread_blocked, id=10496, stack(0x0000000021cf0000,0x0000000021df0000)]
  0x0000000019feb800 JavaThread "Cache worker for cache directory md-rule (C:\Users\basker\.gradle\caches\5.6.4\md-rule)" [_thread_blocked, id=10856, stack(0x0000000021400000,0x0000000021500000)]
  0x0000000019fea000 JavaThread "Cache worker for cache directory md-supplier (C:\Users\basker\.gradle\caches\5.6.4\md-supplier)" [_thread_blocked, id=11088, stack(0x0000000021300000,0x0000000021400000)]
  0x0000000019fef000 JavaThread "Cache worker for file hash cache (C:\Users\basker\Desktop\adminapp\.gradle\5.6.4\fileHashes)" [_thread_blocked, id=11184, stack(0x000000001e780000,0x000000001e880000)]
  0x0000000019fea800 JavaThread "Cache worker for journal cache (C:\Users\basker\.gradle\caches\journal-1)" [_thread_blocked, id=10832, stack(0x000000001c110000,0x000000001c210000)]
  0x0000000019fec000 JavaThread "File lock request listener" [_thread_in_native, id=6084, stack(0x000000001c010000,0x000000001c110000)]
  0x0000000019fee800 JavaThread "Cache worker for file hash cache (C:\Users\basker\.gradle\caches\5.6.4\fileHashes)" [_thread_blocked, id=10700, stack(0x000000001bf10000,0x000000001c010000)]
  0x0000000019df7800 JavaThread "Thread-9" [_thread_blocked, id=10712, stack(0x000000001bc10000,0x000000001bd10000)]
  0x0000000019e16800 JavaThread "Stdin handler" [_thread_blocked, id=7092, stack(0x000000001bb10000,0x000000001bc10000)]
  0x0000000019e10800 JavaThread "Asynchronous log dispatcher for DefaultDaemonConnection: socket connection from /127.0.0.1:50895 to /127.0.0.1:50896" [_thread_blocked, id=11096, stack(0x000000001ba10000,0x000000001bb10000)]
  0x0000000019e1d000 JavaThread "Daemon worker" [_thread_in_Java, id=10580, stack(0x000000001b910000,0x000000001ba10000)]
  0x0000000019ddc800 JavaThread "Cancel handler" [_thread_blocked, id=8920, stack(0x000000001b810000,0x000000001b910000)]
  0x0000000019db9000 JavaThread "Handler for socket connection from /127.0.0.1:50895 to /127.0.0.1:50896" [_thread_in_native, id=10948, stack(0x000000001b510000,0x000000001b610000)]
  0x0000000019db4800 JavaThread "Daemon" [_thread_blocked, id=1548, stack(0x000000001b410000,0x000000001b510000)]
  0x0000000019d57000 JavaThread "Daemon periodic checks" [_thread_blocked, id=9904, stack(0x000000001b310000,0x000000001b410000)]
  0x0000000019d4d000 JavaThread "Incoming local TCP Connector on port 50895" [_thread_in_native, id=2724, stack(0x000000001b0d0000,0x000000001b1d0000)]
  0x0000000019c4e800 JavaThread "Daemon health stats" [_thread_blocked, id=7796, stack(0x000000001aa90000,0x000000001ab90000)]
  0x00000000163ee800 JavaThread "Service Thread" daemon [_thread_blocked, id=9520, stack(0x00000000180f0000,0x00000000181f0000)]
  0x0000000016396800 JavaThread "C1 CompilerThread2" daemon [_thread_blocked, id=8488, stack(0x0000000017bf0000,0x0000000017cf0000)]
  0x0000000016392000 JavaThread "C2 CompilerThread1" daemon [_thread_in_native, id=8008, stack(0x0000000017af0000,0x0000000017bf0000)]
=>0x000000001638b800 JavaThread "C2 CompilerThread0" daemon [_thread_in_native, id=1756, stack(0x00000000179f0000,0x0000000017af0000)]
  0x0000000016399000 JavaThread "Attach Listener" daemon [_thread_blocked, id=9284, stack(0x00000000178f0000,0x00000000179f0000)]
  0x0000000016398000 JavaThread "Signal Dispatcher" daemon [_thread_blocked, id=2936, stack(0x00000000177f0000,0x00000000178f0000)]
  0x0000000002a1e000 JavaThread "Finalizer" daemon [_thread_blocked, id=10724, stack(0x00000000175f0000,0x00000000176f0000)]
  0x0000000016379000 JavaThread "Reference Handler" daemon [_thread_blocked, id=8600, stack(0x00000000174f0000,0x00000000175f0000)]
  0x000000000291e000 JavaThread "main" [_thread_blocked, id=10608, stack(0x0000000002740000,0x0000000002840000)]

Other Threads:
  0x0000000016356800 VMThread [stack: 0x00000000173f0000,0x00000000174f0000] [id=10796]
  0x0000000017d19000 WatcherThread [stack: 0x00000000181f0000,0x00000000182f0000] [id=9116]

VM state:not at safepoint (normal execution)

VM Mutex/Monitor currently owned by a thread: None

heap address: 0x00000000a0000000, size: 1536 MB, Compressed Oops mode: 32-bit
Narrow klass base: 0x0000000000000000, Narrow klass shift: 3
Compressed class space size: 1073741824 Address: 0x0000000100000000

Heap:
 PSYoungGen      total 99840K, used 72225K [0x00000000e0000000, 0x00000000e8e80000, 0x0000000100000000)
  eden space 92160K, 78% used [0x00000000e0000000,0x00000000e46884d8,0x00000000e5a00000)
  from space 7680K, 0% used [0x00000000e5a00000,0x00000000e5a00000,0x00000000e6180000)
  to   space 7680K, 0% used [0x00000000e8700000,0x00000000e8700000,0x00000000e8e80000)
 ParOldGen       total 47104K, used 15499K [0x00000000a0000000, 0x00000000a2e00000, 0x00000000e0000000)
  object space 47104K, 32% used [0x00000000a0000000,0x00000000a0f22cf0,0x00000000a2e00000)
 Metaspace       used 42849K, capacity 43930K, committed 44288K, reserved 1087488K
  class space    used 5784K, capacity 6085K, committed 6144K, reserved 1048576K

Card table byte_map: [0x0000000011de0000,0x00000000120f0000] byte_map_base: 0x00000000118e0000

Marking Bits: (ParMarkBitMap*) 0x000000006dff9f30
 Begin Bits: [0x00000000126f0000, 0x0000000013ef0000)
 End Bits:   [0x0000000013ef0000, 0x00000000156f0000)

Polling page: 0x0000000000e60000

CodeCache: size=245760Kb used=11934Kb max_used=12002Kb free=233825Kb
 bounds [0x0000000002a20000, 0x00000000035f0000, 0x0000000011a20000]
 total_blobs=4234 nmethods=3488 adapters=659
 compilation: enabled

Compilation events (10 events):
Event: 24.210 Thread 0x0000000016396800 nmethod 3785 0x0000000002d85dd0 code [0x0000000002d86020, 0x0000000002d86e08]
Event: 24.210 Thread 0x0000000016392000 nmethod 3787 0x0000000002b3e590 code [0x0000000002b3e6c0, 0x0000000002b3e718]
Event: 24.210 Thread 0x0000000016392000 3786       4       sun.security.provider.SHA2::lf_sigma1 (21 bytes)
Event: 24.210 Thread 0x0000000016392000 nmethod 3786 0x0000000002bdea90 code [0x0000000002bdebc0, 0x0000000002bdec18]
Event: 24.211 Thread 0x0000000016392000 3788 %     4       sun.security.provider.SHA2::implCompress @ 142 (331 bytes)
Event: 24.224 Thread 0x0000000016392000 nmethod 3788% 0x0000000003034e10 code [0x0000000003034f60, 0x0000000003035798]
Event: 24.264 Thread 0x0000000016396800 3789       3       sun.security.util.SignatureFileVerifier::updateSigners (132 bytes)
Event: 24.265 Thread 0x0000000016396800 nmethod 3789 0x0000000002e1c950 code [0x0000000002e1cbe0, 0x0000000002e1dcc8]
Event: 24.265 Thread 0x0000000016396800 3790       3       sun.security.util.SignatureFileVerifier::matches (93 bytes)
Event: 24.266 Thread 0x0000000016396800 nmethod 3790 0x0000000002fefa90 code [0x0000000002fefd00, 0x0000000002ff0e38]

GC Heap History (10 events):
Event: 8.881 GC heap before
{Heap before GC invocations=13 (full 1):
 PSYoungGen      total 52736K, used 47104K [0x00000000e0000000, 0x00000000e5500000, 0x0000000100000000)
  eden space 47104K, 100% used [0x00000000e0000000,0x00000000e2e00000,0x00000000e2e00000)
  from space 5632K, 0% used [0x00000000e2e00000,0x00000000e2e00000,0x00000000e3380000)
  to   space 5632K, 0% used [0x00000000e4f80000,0x00000000e4f80000,0x00000000e5500000)
 ParOldGen       total 31232K, used 7993K [0x00000000a0000000, 0x00000000a1e80000, 0x00000000e0000000)
  object space 31232K, 25% used [0x00000000a0000000,0x00000000a07ce638,0x00000000a1e80000)
 Metaspace       used 27464K, capacity 27920K, committed 28288K, reserved 1073152K
  class space    used 3736K, capacity 3903K, committed 3968K, reserved 1048576K
Event: 8.900 GC heap after
Heap after GC invocations=13 (full 1):
 PSYoungGen      total 72192K, used 5620K [0x00000000e0000000, 0x00000000e5500000, 0x0000000100000000)
  eden space 66560K, 0% used [0x00000000e0000000,0x00000000e0000000,0x00000000e4100000)
  from space 5632K, 99% used [0x00000000e4f80000,0x00000000e54fd1a8,0x00000000e5500000)
  to   space 6656K, 0% used [0x00000000e4800000,0x00000000e4800000,0x00000000e4e80000)
 ParOldGen       total 31232K, used 8881K [0x00000000a0000000, 0x00000000a1e80000, 0x00000000e0000000)
  object space 31232K, 28% used [0x00000000a0000000,0x00000000a08ac470,0x00000000a1e80000)
 Metaspace       used 27464K, capacity 27920K, committed 28288K, reserved 1073152K
  class space    used 3736K, capacity 3903K, committed 3968K, reserved 1048576K
}
Event: 11.048 GC heap before
{Heap before GC invocations=14 (full 1):
 PSYoungGen      total 72192K, used 72180K [0x00000000e0000000, 0x00000000e5500000, 0x0000000100000000)
  eden space 66560K, 100% used [0x00000000e0000000,0x00000000e4100000,0x00000000e4100000)
  from space 5632K, 99% used [0x00000000e4f80000,0x00000000e54fd1a8,0x00000000e5500000)
  to   space 6656K, 0% used [0x00000000e4800000,0x00000000e4800000,0x00000000e4e80000)
 ParOldGen       total 31232K, used 8881K [0x00000000a0000000, 0x00000000a1e80000, 0x00000000e0000000)
  object space 31232K, 28% used [0x00000000a0000000,0x00000000a08ac470,0x00000000a1e80000)
 Metaspace       used 31233K, capacity 31788K, committed 31872K, reserved 1077248K
  class space    used 4258K, capacity 4463K, committed 4480K, reserved 1048576K
Event: 11.067 GC heap after
Heap after GC invocations=14 (full 1):
 PSYoungGen      total 80384K, used 5044K [0x00000000e0000000, 0x00000000e6880000, 0x0000000100000000)
  eden space 73728K, 0% used [0x00000000e0000000,0x00000000e0000000,0x00000000e4800000)
  from space 6656K, 75% used [0x00000000e4800000,0x00000000e4ced3c0,0x00000000e4e80000)
  to   space 7168K, 0% used [0x00000000e6180000,0x00000000e6180000,0x00000000e6880000)
 ParOldGen       total 31232K, used 11969K [0x00000000a0000000, 0x00000000a1e80000, 0x00000000e0000000)
  object space 31232K, 38% used [0x00000000a0000000,0x00000000a0bb0490,0x00000000a1e80000)
 Metaspace       used 31233K, capacity 31788K, committed 31872K, reserved 1077248K
  class space    used 4258K, capacity 4463K, committed 4480K, reserved 1048576K
}
Event: 17.571 GC heap before
{Heap before GC invocations=15 (full 1):
 PSYoungGen      total 80384K, used 78772K [0x00000000e0000000, 0x00000000e6880000, 0x0000000100000000)
  eden space 73728K, 100% used [0x00000000e0000000,0x00000000e4800000,0x00000000e4800000)
  from space 6656K, 75% used [0x00000000e4800000,0x00000000e4ced3c0,0x00000000e4e80000)
  to   space 7168K, 0% used [0x00000000e6180000,0x00000000e6180000,0x00000000e6880000)
 ParOldGen       total 31232K, used 11969K [0x00000000a0000000, 0x00000000a1e80000, 0x00000000e0000000)
  object space 31232K, 38% used [0x00000000a0000000,0x00000000a0bb0490,0x00000000a1e80000)
 Metaspace       used 34520K, capacity 35304K, committed 35456K, reserved 1079296K
  class space    used 4732K, capacity 4957K, committed 4992K, reserved 1048576K
Event: 17.583 GC heap after
Heap after GC invocations=15 (full 1):
 PSYoungGen      total 99328K, used 6302K [0x00000000e0000000, 0x00000000e7100000, 0x0000000100000000)
  eden space 92160K, 0% used [0x00000000e0000000,0x00000000e0000000,0x00000000e5a00000)
  from space 7168K, 87% used [0x00000000e6180000,0x00000000e67a7af8,0x00000000e6880000)
  to   space 7680K, 0% used [0x00000000e5a00000,0x00000000e5a00000,0x00000000e6180000)
 ParOldGen       total 31232K, used 13818K [0x00000000a0000000, 0x00000000a1e80000, 0x00000000e0000000)
  object space 31232K, 44% used [0x00000000a0000000,0x00000000a0d7ebd0,0x00000000a1e80000)
 Metaspace       used 34520K, capacity 35304K, committed 35456K, reserved 1079296K
  class space    used 4732K, capacity 4957K, committed 4992K, reserved 1048576K
}
Event: 17.712 GC heap before
{Heap before GC invocations=16 (full 1):
 PSYoungGen      total 99328K, used 9924K [0x00000000e0000000, 0x00000000e7100000, 0x0000000100000000)
  eden space 92160K, 3% used [0x00000000e0000000,0x00000000e0389860,0x00000000e5a00000)
  from space 7168K, 87% used [0x00000000e6180000,0x00000000e67a7af8,0x00000000e6880000)
  to   space 7680K, 0% used [0x00000000e5a00000,0x00000000e5a00000,0x00000000e6180000)
 ParOldGen       total 31232K, used 13818K [0x00000000a0000000, 0x00000000a1e80000, 0x00000000e0000000)
  object space 31232K, 44% used [0x00000000a0000000,0x00000000a0d7ebd0,0x00000000a1e80000)
 Metaspace       used 34584K, capacity 35380K, committed 35456K, reserved 1079296K
  class space    used 4744K, capacity 4961K, committed 4992K, reserved 1048576K
Event: 17.717 GC heap after
Heap after GC invocations=16 (full 1):
 PSYoungGen      total 99840K, used 480K [0x00000000e0000000, 0x00000000e8e80000, 0x0000000100000000)
  eden space 92160K, 0% used [0x00000000e0000000,0x00000000e0000000,0x00000000e5a00000)
  from space 7680K, 6% used [0x00000000e5a00000,0x00000000e5a78000,0x00000000e6180000)
  to   space 7680K, 0% used [0x00000000e8700000,0x00000000e8700000,0x00000000e8e80000)
 ParOldGen       total 31232K, used 17009K [0x00000000a0000000, 0x00000000a1e80000, 0x00000000e0000000)
  object space 31232K, 54% used [0x00000000a0000000,0x00000000a109c4b0,0x00000000a1e80000)
 Metaspace       used 34584K, capacity 35380K, committed 35456K, reserved 1079296K
  class space    used 4744K, capacity 4961K, committed 4992K, reserved 1048576K
}
Event: 17.717 GC heap before
{Heap before GC invocations=17 (full 2):
 PSYoungGen      total 99840K, used 480K [0x00000000e0000000, 0x00000000e8e80000, 0x0000000100000000)
  eden space 92160K, 0% used [0x00000000e0000000,0x00000000e0000000,0x00000000e5a00000)
  from space 7680K, 6% used [0x00000000e5a00000,0x00000000e5a78000,0x00000000e6180000)
  to   space 7680K, 0% used [0x00000000e8700000,0x00000000e8700000,0x00000000e8e80000)
 ParOldGen       total 31232K, used 17009K [0x00000000a0000000, 0x00000000a1e80000, 0x00000000e0000000)
  object space 31232K, 54% used [0x00000000a0000000,0x00000000a109c4b0,0x00000000a1e80000)
 Metaspace       used 34584K, capacity 35380K, committed 35456K, reserved 1079296K
  class space    used 4744K, capacity 4961K, committed 4992K, reserved 1048576K
Event: 17.800 GC heap after
Heap after GC invocations=17 (full 2):
 PSYoungGen      total 99840K, used 0K [0x00000000e0000000, 0x00000000e8e80000, 0x0000000100000000)
  eden space 92160K, 0% used [0x00000000e0000000,0x00000000e0000000,0x00000000e5a00000)
  from space 7680K, 0% used [0x00000000e5a00000,0x00000000e5a00000,0x00000000e6180000)
  to   space 7680K, 0% used [0x00000000e8700000,0x00000000e8700000,0x00000000e8e80000)
 ParOldGen       total 47104K, used 15499K [0x00000000a0000000, 0x00000000a2e00000, 0x00000000e0000000)
  object space 47104K, 32% used [0x00000000a0000000,0x00000000a0f22cf0,0x00000000a2e00000)
 Metaspace       used 34576K, capacity 35356K, committed 35456K, reserved 1079296K
  class space    used 4742K, capacity 4957K, committed 4992K, reserved 1048576K
}

Deoptimization events (10 events):
Event: 23.790 Thread 0x0000000019e1d000 Uncommon trap: reason=unstable_if action=reinterpret pc=0x000000000332a6ec method=java.util.jar.JarFile.maybeInstantiateVerifier()V @ 75
Event: 23.790 Thread 0x0000000019e1d000 Uncommon trap: reason=unstable_if action=reinterpret pc=0x0000000002c8b860 method=java.util.jar.Manifest$FastInputStream.readLine([BII)I @ 87
Event: 23.790 Thread 0x0000000019e1d000 Uncommon trap: reason=unstable_if action=reinterpret pc=0x0000000002f6f7cc method=java.util.jar.Attributes$Name.isDigit(C)Z @ 3
Event: 23.811 Thread 0x0000000019e1d000 Uncommon trap: reason=unstable_if action=reinterpret pc=0x00000000035d5a2c method=java.lang.ThreadLocal.get()Ljava/lang/Object; @ 11
Event: 23.899 Thread 0x0000000019e1d000 Uncommon trap: reason=speculate_class_check action=maybe_recompile pc=0x00000000035ca978 method=java.util.HashMap.putVal(ILjava/lang/Object;Ljava/lang/Object;ZZ)Ljava/lang/Object; @ 56
Event: 23.899 Thread 0x0000000019e1d000 Uncommon trap: reason=speculate_class_check action=maybe_recompile pc=0x00000000035ca978 method=java.util.HashMap.putVal(ILjava/lang/Object;Ljava/lang/Object;ZZ)Ljava/lang/Object; @ 56
Event: 23.899 Thread 0x0000000019e1d000 Uncommon trap: reason=speculate_class_check action=maybe_recompile pc=0x00000000035ca978 method=java.util.HashMap.putVal(ILjava/lang/Object;Ljava/lang/Object;ZZ)Ljava/lang/Object; @ 56
Event: 23.899 Thread 0x0000000019e1d000 Uncommon trap: reason=speculate_class_check action=maybe_recompile pc=0x00000000035ca978 method=java.util.HashMap.putVal(ILjava/lang/Object;Ljava/lang/Object;ZZ)Ljava/lang/Object; @ 56
Event: 24.101 Thread 0x0000000019e1d000 Uncommon trap: reason=unstable_if action=reinterpret pc=0x0000000002f00c3c method=java.lang.CharacterDataLatin1.isWhitespace(I)Z @ 14
Event: 24.265 Thread 0x0000000019e1d000 Uncommon trap: reason=unstable_if action=reinterpret pc=0x0000000002f05070 method=java.util.jar.JarFile.maybeInstantiateVerifier()V @ 4

Classes redefined (0 events):
No events

Internal exceptions (10 events):
Event: 18.032 Thread 0x0000000019e1d000 Exception <a 'java/lang/ClassNotFoundException': org/gradle/api/internal/ConventionTaskCustomizer> (0x00000000e057df48) thrown at [D:\src\AOSP-openjdk-cygwin\jdk8u\hotspot\src\share\vm\classfile\systemDictionary.cpp, line 210]
Event: 18.035 Thread 0x0000000019e1d000 Exception <a 'java/lang/ClassNotFoundException': org/gradle/api/tasks/DeleteCustomizer> (0x00000000e05bcf90) thrown at [D:\src\AOSP-openjdk-cygwin\jdk8u\hotspot\src\share\vm\classfile\systemDictionary.cpp, line 210]
Event: 18.038 Thread 0x0000000019e1d000 Exception <a 'java/lang/ClassNotFoundException': org/gradle/api/tasks/Delete_DecoratedCustomizer> (0x00000000e0609ab0) thrown at [D:\src\AOSP-openjdk-cygwin\jdk8u\hotspot\src\share\vm\classfile\systemDictionary.cpp, line 210]
Event: 18.265 Thread 0x0000000019e1d000 Exception <a 'java/lang/ClassNotFoundException': build_264i9p85rx8cnkezc3ovrd3wwBeanInfo> (0x00000000e0716958) thrown at [D:\src\AOSP-openjdk-cygwin\jdk8u\hotspot\src\share\vm\classfile\systemDictionary.cpp, line 210]
Event: 18.265 Thread 0x0000000019e1d000 Exception <a 'java/lang/ClassNotFoundException': build_264i9p85rx8cnkezc3ovrd3wwCustomizer> (0x00000000e0723380) thrown at [D:\src\AOSP-openjdk-cygwin\jdk8u\hotspot\src\share\vm\classfile\systemDictionary.cpp, line 210]
Event: 18.271 Thread 0x0000000019e1d000 Exception <a 'java/lang/ClassNotFoundException': org/gradle/api/internal/plugins/DefaultObjectConfigurationActionBeanInfo> (0x00000000e0799940) thrown at [D:\src\AOSP-openjdk-cygwin\jdk8u\hotspot\src\share\vm\classfile\systemDictionary.cpp, line 210]
Event: 18.272 Thread 0x0000000019e1d000 Exception <a 'java/lang/ClassNotFoundException': org/gradle/api/internal/plugins/DefaultObjectConfigurationActionCustomizer> (0x00000000e07dc7a0) thrown at [D:\src\AOSP-openjdk-cygwin\jdk8u\hotspot\src\share\vm\classfile\systemDictionary.cpp, line 210]
Event: 20.605 Thread 0x0000000019e1d000 Implicit null exception at 0x0000000003400ad4 to 0x0000000003409e91
Event: 20.606 Thread 0x0000000019e1d000 Implicit null exception at 0x00000000032e3615 to 0x00000000032e38fd
Event: 23.811 Thread 0x0000000019e1d000 Implicit null exception at 0x00000000035d54e8 to 0x00000000035d5a15

Events (10 events):
Event: 24.215 loading class sun/nio/cs/ISO_8859_1$Encoder
Event: 24.235 loading class sun/nio/cs/ISO_8859_1$Encoder done
Event: 24.235 loading class sun/nio/cs/Surrogate$Parser
Event: 24.263 loading class sun/nio/cs/Surrogate$Parser done
Event: 24.264 loading class sun/nio/cs/Surrogate
Event: 24.264 loading class sun/nio/cs/Surrogate done
Event: 24.265 Thread 0x0000000019e1d000 Uncommon trap: trap_request=0xffffff65 fr.pc=0x0000000002f05070
Event: 24.265 Thread 0x0000000019e1d000 DEOPT PACKING pc=0x0000000002f05070 sp=0x000000001ba06f00
Event: 24.265 Thread 0x0000000019e1d000 DEOPT UNPACKING pc=0x0000000002a6557b sp=0x000000001ba06e98 mode 2
Event: 24.265 loading class java/util/jar/JarVerifier$VerifierStream


Dynamic libraries:
0x00007ff624ae0000 - 0x00007ff624b11000 	C:\Program Files\Android\Android Studio\jre\bin\java.exe
0x00007ffed4b40000 - 0x00007ffed4d30000 	C:\WINDOWS\SYSTEM32\ntdll.dll
0x00007ffeb7cf0000 - 0x00007ffeb7d02000 	C:\Program Files\AVG\Antivirus\aswhook.dll
0x00007ffed3fc0000 - 0x00007ffed4072000 	C:\WINDOWS\System32\KERNEL32.DLL
0x00007ffed1c40000 - 0x00007ffed1ee4000 	C:\WINDOWS\System32\KERNELBASE.dll
0x00007ffed32c0000 - 0x00007ffed3363000 	C:\WINDOWS\System32\ADVAPI32.dll
0x00007ffed3c90000 - 0x00007ffed3d2e000 	C:\WINDOWS\System32\msvcrt.dll
0x00007ffed3f20000 - 0x00007ffed3fb7000 	C:\WINDOWS\System32\sechost.dll
0x00007ffed4330000 - 0x00007ffed4450000 	C:\WINDOWS\System32\RPCRT4.dll
0x00007ffed2c00000 - 0x00007ffed2d95000 	C:\WINDOWS\System32\USER32.dll
0x00007ffed2850000 - 0x00007ffed2871000 	C:\WINDOWS\System32\win32u.dll
0x00007ffed2da0000 - 0x00007ffed2dc6000 	C:\WINDOWS\System32\GDI32.dll
0x00007ffed2880000 - 0x00007ffed2a16000 	C:\WINDOWS\System32\gdi32full.dll
0x00007ffed2780000 - 0x00007ffed281e000 	C:\WINDOWS\System32\msvcp_win.dll
0x00007ffed2680000 - 0x00007ffed277a000 	C:\WINDOWS\System32\ucrtbase.dll
0x00007ffec0d60000 - 0x00007ffec0fe4000 	C:\WINDOWS\WinSxS\amd64_microsoft.windows.common-controls_6595b64144ccf1df_6.0.18362.1016_none_9e7a36bbe461dae4\COMCTL32.dll
0x00007ffed2dd0000 - 0x00007ffed3105000 	C:\WINDOWS\System32\combase.dll
0x00007ffed1b70000 - 0x00007ffed1bf0000 	C:\WINDOWS\System32\bcryptPrimitives.dll
0x00007ffed4080000 - 0x00007ffed40ae000 	C:\WINDOWS\System32\IMM32.DLL
0x000000006d670000 - 0x000000006d742000 	C:\Program Files\Android\Android Studio\jre\jre\bin\msvcr100.dll
0x000000006d830000 - 0x000000006e076000 	C:\Program Files\Android\Android Studio\jre\jre\bin\server\jvm.dll
0x00007ffed3580000 - 0x00007ffed3588000 	C:\WINDOWS\System32\PSAPI.DLL
0x00007ffec78d0000 - 0x00007ffec78d9000 	C:\WINDOWS\SYSTEM32\WSOCK32.dll
0x00007ffed3eb0000 - 0x00007ffed3f1f000 	C:\WINDOWS\System32\WS2_32.dll
0x00007ffec8390000 - 0x00007ffec83b4000 	C:\WINDOWS\SYSTEM32\WINMM.dll
0x00007ffec9e20000 - 0x00007ffec9e2a000 	C:\WINDOWS\SYSTEM32\VERSION.dll
0x00007ffec8360000 - 0x00007ffec838d000 	C:\WINDOWS\SYSTEM32\WINMMBASE.dll
0x00007ffed1bf0000 - 0x00007ffed1c3a000 	C:\WINDOWS\System32\cfgmgr32.dll
0x00007ffecd470000 - 0x00007ffecd47f000 	C:\Program Files\Android\Android Studio\jre\jre\bin\verify.dll
0x00007ffebfa30000 - 0x00007ffebfa59000 	C:\Program Files\Android\Android Studio\jre\jre\bin\java.dll
0x00007ffec29b0000 - 0x00007ffec29c6000 	C:\Program Files\Android\Android Studio\jre\jre\bin\zip.dll
0x00007ffed35a0000 - 0x00007ffed3c87000 	C:\WINDOWS\System32\SHELL32.dll
0x00007ffed3370000 - 0x00007ffed3419000 	C:\WINDOWS\System32\shcore.dll
0x00007ffed1ef0000 - 0x00007ffed2672000 	C:\WINDOWS\System32\windows.storage.dll
0x00007ffed1a20000 - 0x00007ffed1a43000 	C:\WINDOWS\System32\profapi.dll
0x00007ffed1a70000 - 0x00007ffed1aba000 	C:\WINDOWS\System32\powrprof.dll
0x00007ffed19f0000 - 0x00007ffed1a00000 	C:\WINDOWS\System32\UMPDC.dll
0x00007ffed44d0000 - 0x00007ffed4522000 	C:\WINDOWS\System32\shlwapi.dll
0x00007ffed1a50000 - 0x00007ffed1a61000 	C:\WINDOWS\System32\kernel.appcore.dll
0x00007ffed2a80000 - 0x00007ffed2a97000 	C:\WINDOWS\System32\cryptsp.dll
0x00007ffec2170000 - 0x00007ffec218a000 	C:\Program Files\Android\Android Studio\jre\jre\bin\net.dll
0x00007ffecc8f0000 - 0x00007ffeccac6000 	C:\WINDOWS\SYSTEM32\urlmon.dll
0x00007ffec1650000 - 0x00007ffec18f6000 	C:\WINDOWS\SYSTEM32\iertutil.dll
0x00007ffed13c0000 - 0x00007ffed13cc000 	C:\WINDOWS\SYSTEM32\CRYPTBASE.DLL
0x00007ffed11f0000 - 0x00007ffed1257000 	C:\WINDOWS\system32\mswsock.dll
0x00007ffebf820000 - 0x00007ffebf833000 	C:\Program Files\Android\Android Studio\jre\jre\bin\nio.dll
0x00007ffebe610000 - 0x00007ffebe636000 	C:\Users\basker\.gradle\native\30\windows-amd64\native-platform.dll
0x00007ffecad20000 - 0x00007ffecad2d000 	C:\Program Files\Android\Android Studio\jre\jre\bin\management.dll
0x00007ffed0d60000 - 0x00007ffed0d93000 	C:\WINDOWS\system32\rsaenh.dll
0x00007ffed2820000 - 0x00007ffed2846000 	C:\WINDOWS\System32\bcrypt.dll
0x00007ffed1910000 - 0x00007ffed1935000 	C:\WINDOWS\SYSTEM32\USERENV.dll
0x00007ffed0f00000 - 0x00007ffed0f3a000 	C:\WINDOWS\SYSTEM32\IPHLPAPI.DLL
0x00007ffed2bf0000 - 0x00007ffed2bf8000 	C:\WINDOWS\System32\NSI.dll
0x00007ffeccb50000 - 0x00007ffeccb66000 	C:\WINDOWS\SYSTEM32\dhcpcsvc6.DLL
0x00007ffeccb90000 - 0x00007ffeccbac000 	C:\WINDOWS\SYSTEM32\dhcpcsvc.DLL
0x00007ffed0f40000 - 0x00007ffed100b000 	C:\WINDOWS\SYSTEM32\DNSAPI.dll

VM Arguments:
jvm_args: -Xmx1536m -Dfile.encoding=windows-1252 -Duser.country=US -Duser.language=en -Duser.variant 
java_command: org.gradle.launcher.daemon.bootstrap.GradleDaemon 5.6.4
java_class_path (initial): C:\Users\basker\.gradle\wrapper\dists\gradle-5.6.4-all\ankdp27end7byghfw1q2sw75f\gradle-5.6.4\lib\gradle-launcher-5.6.4.jar
Launcher Type: SUN_STANDARD

Environment Variables:
PATH=C:\Program Files (x86)\Common Files\Oracle\Java\javapath;C:\Program Files (x86)\NVIDIA Corporation\PhysX\Common;C:\Program Files (x86)\Intel\iCLS Client\;C:\Program Files\Intel\iCLS Client\;C:\WINDOWS\system32;C:\WINDOWS;C:\WINDOWS\System32\Wbem;C:\WINDOWS\System32\WindowsPowerShell\v1.0\;C:\Program Files\Intel\Intel(R) Management Engine Components\DAL;C:\Program Files\Intel\Intel(R) Management Engine Components\IPT;C:\Program Files (x86)\Intel\Intel(R) Management Engine Components\DAL;C:\Program Files (x86)\Intel\Intel(R) Management Engine Components\IPT;C:\Program Files (x86)\Intel\OpenCL SDK\2.0\bin\x86;C:\Program Files (x86)\Intel\OpenCL SDK\2.0\bin\x64;C:\Program Files\Lenovo\Bluetooth Software\;C:\Program Files\Lenovo\Bluetooth Software\syswow64;C:\WINDOWS\System32\OpenSSH\;C:\Program Files\nodejs\;C:\Users\basker\AppData\Local\Android\Sdk\platforms;C:\Users\basker\AppData\Local\Android\Sdk\platform-tools;C:\Users\basker\.gradle\wrapper\dists\gradle-5.6.4-all\ankdp27end7byghfw1q2sw75f\gradle-5.6.4\bin;C:\Program Files\Git\cmd;C:\Program Files\MySQL\MySQL Shell 8.0\bin\;C:\Users\basker\AppData\Local\Microsoft\WindowsApps;C:\Users\basker\AppData\Roaming\npm;C:\Users\basker\AppData\Local\Programs\Microsoft VS Code\bin;C:\Users\basker\.gradle\wrapper\dists\gradle-5.6.4-all\ankdp27end7byghfw1q2sw75f\gradle-5.6.4\bin;
USERNAME=basker
OS=Windows_NT
PROCESSOR_IDENTIFIER=Intel64 Family 6 Model 58 Stepping 9, GenuineIntel



---------------  S Y S T E M  ---------------

OS: Windows 10.0 , 64 bit Build 18362 (10.0.18362.959)

CPU:total 4 (initial active 4) (2 cores per cpu, 2 threads per core) family 6 model 58 stepping 9, cmov, cx8, fxsr, mmx, sse, sse2, sse3, ssse3, sse4.1, sse4.2, popcnt, avx, aes, clmul, erms, ht, tsc, tscinvbit, tscinv

Memory: 4k page, physical 4056852k(327096k free), swap 5481236k(6852k free)

vm_info: OpenJDK 64-Bit Server VM (25.212-b04) for windows-amd64 JRE (1.8.0_212-release-1586-b04), built by "builder" with MS VC++ 10.0 (VS2010)

time: Thu Aug 27 23:02:50 2020
timezone: India Standard Time
elapsed time: 24 seconds (0d 0h 0m 24s)

