#
# There is insufficient memory for the Java Runtime Environment to continue.
# Native memory allocation (malloc) failed to allocate 981296 bytes for Chunk::new
# Possible reasons:
#   The system is out of physical RAM or swap space
#   The process is running with CompressedOops enabled, and the Java Heap may be blocking the growth of the native heap
# Possible solutions:
#   Reduce memory load on the system
#   Increase physical memory or swap space
#   Check if swap backing store is full
#   Decrease Java heap size (-Xmx/-Xms)
#   Decrease number of Java threads
#   Decrease Java thread stack sizes (-Xss)
#   Set larger code cache with -XX:ReservedCodeCacheSize=
#   JVM is running with Unscaled Compressed Oops mode in which the Java heap is
#     placed in the first 4GB address space. The Java Heap base address is the
#     maximum limit for the native heap growth. Please use -XX:HeapBaseMinAddress
#     to set the Java Heap base and to place the Java Heap above 4GB virtual address.
# This output file may be truncated or incomplete.
#
#  Out of Memory Error (allocation.cpp:389), pid=3840, tid=0x0000000000003048
#
# JRE version: OpenJDK Runtime Environment (8.0_212-b04) (build 1.8.0_212-release-1586-b04)
# Java VM: OpenJDK 64-Bit Server VM (25.212-b04 mixed mode windows-amd64 compressed oops)
# Failed to write core dump. Minidumps are not enabled by default on client versions of Windows
#

---------------  T H R E A D  ---------------

Current thread (0x0000000015eef000):  JavaThread "C2 CompilerThread1" daemon [_thread_in_native, id=12360, stack(0x0000000017650000,0x0000000017750000)]

Stack: [0x0000000017650000,0x0000000017750000]
[error occurred during error reporting (printing stack bounds), id 0xc0000005]

Native frames: (J=compiled Java code, j=interpreted, Vv=VM code, C=native code)


Current CompileTask:
C2:   4155 1444   !   4       java.net.URLClassLoader$1::run (63 bytes)


---------------  P R O C E S S  ---------------

Java Threads: ( => current thread )
  0x0000000019684000 JavaThread "Cache worker for journal cache (C:\Users\basker\.gradle\caches\journal-1)" [_thread_blocked, id=6028, stack(0x000000001bc70000,0x000000001bd70000)]
  0x000000001967d800 JavaThread "File lock request listener" [_thread_in_native, id=6828, stack(0x000000001bb70000,0x000000001bc70000)]
  0x000000001967e000 JavaThread "Cache worker for file hash cache (C:\Users\basker\.gradle\caches\5.6.4\fileHashes)" [_thread_blocked, id=8184, stack(0x000000001ba70000,0x000000001bb70000)]
  0x00000000197e4800 JavaThread "Thread-9" [_thread_blocked, id=12416, stack(0x000000001b770000,0x000000001b870000)]
  0x00000000197ed800 JavaThread "Stdin handler" [_thread_blocked, id=9036, stack(0x000000001b670000,0x000000001b770000)]
  0x00000000197ea800 JavaThread "Asynchronous log dispatcher for DefaultDaemonConnection: socket connection from /127.0.0.1:60354 to /127.0.0.1:60355" [_thread_blocked, id=8672, stack(0x000000001b570000,0x000000001b670000)]
  0x00000000197e6000 JavaThread "Daemon worker" [_thread_in_vm, id=11584, stack(0x000000001b470000,0x000000001b570000)]
  0x00000000197d5000 JavaThread "Cancel handler" [_thread_blocked, id=10188, stack(0x000000001b370000,0x000000001b470000)]
  0x00000000197c9000 JavaThread "Handler for socket connection from /127.0.0.1:60354 to /127.0.0.1:60355" [_thread_in_native, id=6720, stack(0x000000001b070000,0x000000001b170000)]
  0x00000000197c1800 JavaThread "Daemon" [_thread_blocked, id=11276, stack(0x000000001af70000,0x000000001b070000)]
  0x0000000019759800 JavaThread "Daemon periodic checks" [_thread_blocked, id=868, stack(0x000000001ae70000,0x000000001af70000)]
  0x0000000019755000 JavaThread "Incoming local TCP Connector on port 60354" [_thread_in_native, id=10748, stack(0x000000001ac30000,0x000000001ad30000)]
  0x000000001964d000 JavaThread "Daemon health stats" [_thread_blocked, id=6676, stack(0x000000001a5f0000,0x000000001a6f0000)]
  0x0000000017878800 JavaThread "Service Thread" daemon [_thread_blocked, id=10020, stack(0x0000000017c50000,0x0000000017d50000)]
  0x0000000015ef5000 JavaThread "C1 CompilerThread2" daemon [_thread_blocked, id=11696, stack(0x0000000017750000,0x0000000017850000)]
=>0x0000000015eef000 JavaThread "C2 CompilerThread1" daemon [_thread_in_native, id=12360, stack(0x0000000017650000,0x0000000017750000)]
  0x0000000015eeb800 JavaThread "C2 CompilerThread0" daemon [_thread_in_native, id=7244, stack(0x0000000017550000,0x0000000017650000)]
  0x0000000015ef9000 JavaThread "Attach Listener" daemon [_thread_blocked, id=8208, stack(0x0000000017450000,0x0000000017550000)]
  0x0000000015ef8000 JavaThread "Signal Dispatcher" daemon [_thread_blocked, id=2108, stack(0x0000000017350000,0x0000000017450000)]
  0x00000000024cd000 JavaThread "Finalizer" daemon [_thread_blocked, id=6276, stack(0x0000000017150000,0x0000000017250000)]
  0x0000000015ed9000 JavaThread "Reference Handler" daemon [_thread_blocked, id=592, stack(0x0000000017050000,0x0000000017150000)]
  0x000000000257e000 JavaThread "main" [_thread_blocked, id=11632, stack(0x0000000002250000,0x0000000002350000)]

Other Threads:
  0x0000000015eb6800 VMThread [stack: 0x0000000016f50000,0x0000000017050000] [id=4448]
  0x0000000017879000 WatcherThread [stack: 0x0000000017d50000,0x0000000017e50000] [id=6556]

VM state:not at safepoint (normal execution)

VM Mutex/Monitor currently owned by a thread: None

heap address: 0x00000000a0000000, size: 1536 MB, Compressed Oops mode: 32-bit
Narrow klass base: 0x0000000000000000, Narrow klass shift: 3
Compressed class space size: 1073741824 Address: 0x0000000100000000

Heap:
 PSYoungGen      total 35328K, used 6758K [0x00000000e0000000, 0x00000000e2a00000, 0x0000000100000000)
  eden space 29696K, 5% used [0x00000000e0000000,0x00000000e01b4ad8,0x00000000e1d00000)
  from space 5632K, 88% used [0x00000000e2480000,0x00000000e2964fb8,0x00000000e2a00000)
  to   space 5632K, 0% used [0x00000000e1d00000,0x00000000e1d00000,0x00000000e2280000)
 ParOldGen       total 42496K, used 4982K [0x00000000a0000000, 0x00000000a2980000, 0x00000000e0000000)
  object space 42496K, 11% used [0x00000000a0000000,0x00000000a04dd830,0x00000000a2980000)
 Metaspace       used 15919K, capacity 16350K, committed 16640K, reserved 1062912K
  class space    used 2257K, capacity 2435K, committed 2560K, reserved 1048576K

Card table byte_map: [0x0000000011940000,0x0000000011c50000] byte_map_base: 0x0000000011440000

Marking Bits: (ParMarkBitMap*) 0x00000000630e9f30
 Begin Bits: [0x0000000012250000, 0x0000000013a50000)
 End Bits:   [0x0000000013a50000, 0x0000000015250000)

Polling page: 0x0000000002350000

CodeCache: size=245760Kb used=5386Kb max_used=5386Kb free=240373Kb
 bounds [0x0000000002580000, 0x0000000002ad0000, 0x0000000011580000]
 total_blobs=1912 nmethods=1520 adapters=305
 compilation: enabled

Compilation events (10 events):
Event: 4.123 Thread 0x0000000015ef5000 nmethod 1499 0x0000000002ab4790 code [0x0000000002ab4a40, 0x0000000002ab5d08]
Event: 4.123 Thread 0x0000000015ef5000 1498       3       com.google.common.base.Splitter$SplittingIterator::computeNext (5 bytes)
Event: 4.123 Thread 0x0000000015ef5000 nmethod 1498 0x0000000002ab6350 code [0x0000000002ab64c0, 0x0000000002ab66c8]
Event: 4.123 Thread 0x0000000015ef5000 1500       3       com.google.common.base.Splitter$1$1::separatorStart (16 bytes)
Event: 4.123 Thread 0x0000000015ef5000 nmethod 1500 0x0000000002ab6750 code [0x0000000002ab68c0, 0x0000000002ab6ae8]
Event: 4.123 Thread 0x0000000015ef5000 1501       3       com.google.common.base.AbstractIterator::tryToComputeNext (36 bytes)
Event: 4.124 Thread 0x0000000015ef5000 nmethod 1501 0x0000000002ab6bd0 code [0x0000000002ab6d40, 0x0000000002ab7028]
Event: 4.124 Thread 0x0000000015ef5000 1502       3       java.util.Collections$UnmodifiableCollection::<init> (22 bytes)
Event: 4.124 Thread 0x0000000015ef5000 nmethod 1502 0x0000000002ab70d0 code [0x0000000002ab7240, 0x0000000002ab7508]
Event: 4.124 Thread 0x0000000015ef5000 1503       3       java.util.Collections::unmodifiableList (27 bytes)

GC Heap History (10 events):
Event: 1.721 GC heap before
{Heap before GC invocations=3 (full 0):
 PSYoungGen      total 18432K, used 18427K [0x00000000e0000000, 0x00000000e1480000, 0x0000000100000000)
  eden space 15872K, 100% used [0x00000000e0000000,0x00000000e0f80000,0x00000000e0f80000)
  from space 2560K, 99% used [0x00000000e1200000,0x00000000e147edd0,0x00000000e1480000)
  to   space 2560K, 0% used [0x00000000e0f80000,0x00000000e0f80000,0x00000000e1200000)
 ParOldGen       total 42496K, used 564K [0x00000000a0000000, 0x00000000a2980000, 0x00000000e0000000)
  object space 42496K, 1% used [0x00000000a0000000,0x00000000a008d1e0,0x00000000a2980000)
 Metaspace       used 6736K, capacity 6944K, committed 7040K, reserved 1056768K
  class space    used 817K, capacity 876K, committed 896K, reserved 1048576K
Event: 1.723 GC heap after
Heap after GC invocations=3 (full 0):
 PSYoungGen      total 18432K, used 2000K [0x00000000e0000000, 0x00000000e1480000, 0x0000000100000000)
  eden space 15872K, 0% used [0x00000000e0000000,0x00000000e0000000,0x00000000e0f80000)
  from space 2560K, 78% used [0x00000000e0f80000,0x00000000e1174030,0x00000000e1200000)
  to   space 2560K, 0% used [0x00000000e1200000,0x00000000e1200000,0x00000000e1480000)
 ParOldGen       total 42496K, used 572K [0x00000000a0000000, 0x00000000a2980000, 0x00000000e0000000)
  object space 42496K, 1% used [0x00000000a0000000,0x00000000a008f1e0,0x00000000a2980000)
 Metaspace       used 6736K, capacity 6944K, committed 7040K, reserved 1056768K
  class space    used 817K, capacity 876K, committed 896K, reserved 1048576K
}
Event: 1.940 GC heap before
{Heap before GC invocations=4 (full 0):
 PSYoungGen      total 18432K, used 17872K [0x00000000e0000000, 0x00000000e1480000, 0x0000000100000000)
  eden space 15872K, 100% used [0x00000000e0000000,0x00000000e0f80000,0x00000000e0f80000)
  from space 2560K, 78% used [0x00000000e0f80000,0x00000000e1174030,0x00000000e1200000)
  to   space 2560K, 0% used [0x00000000e1200000,0x00000000e1200000,0x00000000e1480000)
 ParOldGen       total 42496K, used 572K [0x00000000a0000000, 0x00000000a2980000, 0x00000000e0000000)
  object space 42496K, 1% used [0x00000000a0000000,0x00000000a008f1e0,0x00000000a2980000)
 Metaspace       used 6956K, capacity 7192K, committed 7424K, reserved 1056768K
  class space    used 851K, capacity 916K, committed 1024K, reserved 1048576K
Event: 1.943 GC heap after
Heap after GC invocations=4 (full 0):
 PSYoungGen      total 18432K, used 2544K [0x00000000e0000000, 0x00000000e1480000, 0x0000000100000000)
  eden space 15872K, 0% used [0x00000000e0000000,0x00000000e0000000,0x00000000e0f80000)
  from space 2560K, 99% used [0x00000000e1200000,0x00000000e147c030,0x00000000e1480000)
  to   space 2560K, 0% used [0x00000000e0f80000,0x00000000e0f80000,0x00000000e1200000)
 ParOldGen       total 42496K, used 1081K [0x00000000a0000000, 0x00000000a2980000, 0x00000000e0000000)
  object space 42496K, 2% used [0x00000000a0000000,0x00000000a010e6f8,0x00000000a2980000)
 Metaspace       used 6956K, capacity 7192K, committed 7424K, reserved 1056768K
  class space    used 851K, capacity 916K, committed 1024K, reserved 1048576K
}
Event: 2.136 GC heap before
{Heap before GC invocations=5 (full 0):
 PSYoungGen      total 18432K, used 18416K [0x00000000e0000000, 0x00000000e1480000, 0x0000000100000000)
  eden space 15872K, 100% used [0x00000000e0000000,0x00000000e0f80000,0x00000000e0f80000)
  from space 2560K, 99% used [0x00000000e1200000,0x00000000e147c030,0x00000000e1480000)
  to   space 2560K, 0% used [0x00000000e0f80000,0x00000000e0f80000,0x00000000e1200000)
 ParOldGen       total 42496K, used 1081K [0x00000000a0000000, 0x00000000a2980000, 0x00000000e0000000)
  object space 42496K, 2% used [0x00000000a0000000,0x00000000a010e6f8,0x00000000a2980000)
 Metaspace       used 8989K, capacity 9224K, committed 9472K, reserved 1056768K
  class space    used 1161K, capacity 1260K, committed 1280K, reserved 1048576K
Event: 2.140 GC heap after
Heap after GC invocations=5 (full 0):
 PSYoungGen      total 18432K, used 2528K [0x00000000e0000000, 0x00000000e2800000, 0x0000000100000000)
  eden space 15872K, 0% used [0x00000000e0000000,0x00000000e0000000,0x00000000e0f80000)
  from space 2560K, 98% used [0x00000000e0f80000,0x00000000e11f8040,0x00000000e1200000)
  to   space 4608K, 0% used [0x00000000e2380000,0x00000000e2380000,0x00000000e2800000)
 ParOldGen       total 42496K, used 2641K [0x00000000a0000000, 0x00000000a2980000, 0x00000000e0000000)
  object space 42496K, 6% used [0x00000000a0000000,0x00000000a0294488,0x00000000a2980000)
 Metaspace       used 8989K, capacity 9224K, committed 9472K, reserved 1056768K
  class space    used 1161K, capacity 1260K, committed 1280K, reserved 1048576K
}
Event: 3.560 GC heap before
{Heap before GC invocations=6 (full 0):
 PSYoungGen      total 18432K, used 18400K [0x00000000e0000000, 0x00000000e2800000, 0x0000000100000000)
  eden space 15872K, 100% used [0x00000000e0000000,0x00000000e0f80000,0x00000000e0f80000)
  from space 2560K, 98% used [0x00000000e0f80000,0x00000000e11f8040,0x00000000e1200000)
  to   space 4608K, 0% used [0x00000000e2380000,0x00000000e2380000,0x00000000e2800000)
 ParOldGen       total 42496K, used 2641K [0x00000000a0000000, 0x00000000a2980000, 0x00000000e0000000)
  object space 42496K, 6% used [0x00000000a0000000,0x00000000a0294488,0x00000000a2980000)
 Metaspace       used 12280K, capacity 12682K, committed 12928K, reserved 1060864K
  class space    used 1645K, capacity 1803K, committed 1920K, reserved 1048576K
Event: 3.568 GC heap after
Heap after GC invocations=6 (full 0):
 PSYoungGen      total 20480K, used 4576K [0x00000000e0000000, 0x00000000e2800000, 0x0000000100000000)
  eden space 15872K, 0% used [0x00000000e0000000,0x00000000e0000000,0x00000000e0f80000)
  from space 4608K, 99% used [0x00000000e2380000,0x00000000e27f8020,0x00000000e2800000)
  to   space 5632K, 0% used [0x00000000e1d00000,0x00000000e1d00000,0x00000000e2280000)
 ParOldGen       total 42496K, used 2929K [0x00000000a0000000, 0x00000000a2980000, 0x00000000e0000000)
  object space 42496K, 6% used [0x00000000a0000000,0x00000000a02dc7d0,0x00000000a2980000)
 Metaspace       used 12280K, capacity 12682K, committed 12928K, reserved 1060864K
  class space    used 1645K, capacity 1803K, committed 1920K, reserved 1048576K
}
Event: 3.739 GC heap before
{Heap before GC invocations=7 (full 0):
 PSYoungGen      total 20480K, used 20448K [0x00000000e0000000, 0x00000000e2800000, 0x0000000100000000)
  eden space 15872K, 100% used [0x00000000e0000000,0x00000000e0f80000,0x00000000e0f80000)
  from space 4608K, 99% used [0x00000000e2380000,0x00000000e27f8020,0x00000000e2800000)
  to   space 5632K, 0% used [0x00000000e1d00000,0x00000000e1d00000,0x00000000e2280000)
 ParOldGen       total 42496K, used 2929K [0x00000000a0000000, 0x00000000a2980000, 0x00000000e0000000)
  object space 42496K, 6% used [0x00000000a0000000,0x00000000a02dc7d0,0x00000000a2980000)
 Metaspace       used 13459K, capacity 13904K, committed 14080K, reserved 1060864K
  class space    used 1848K, capacity 1998K, committed 2048K, reserved 1048576K
Event: 3.745 GC heap after
Heap after GC invocations=7 (full 0):
 PSYoungGen      total 35328K, used 3841K [0x00000000e0000000, 0x00000000e2a00000, 0x0000000100000000)
  eden space 29696K, 0% used [0x00000000e0000000,0x00000000e0000000,0x00000000e1d00000)
  from space 5632K, 68% used [0x00000000e1d00000,0x00000000e20c0618,0x00000000e2280000)
  to   space 5632K, 0% used [0x00000000e2480000,0x00000000e2480000,0x00000000e2a00000)
 ParOldGen       total 42496K, used 4294K [0x00000000a0000000, 0x00000000a2980000, 0x00000000e0000000)
  object space 42496K, 10% used [0x00000000a0000000,0x00000000a0431830,0x00000000a2980000)
 Metaspace       used 13459K, capacity 13904K, committed 14080K, reserved 1060864K
  class space    used 1848K, capacity 1998K, committed 2048K, reserved 1048576K
}

Deoptimization events (10 events):
Event: 3.495 Thread 0x00000000197e6000 Uncommon trap: reason=class_check action=maybe_recompile pc=0x000000000284651c method=java.util.HashMap.putVal(ILjava/lang/Object;Ljava/lang/Object;ZZ)Ljava/lang/Object; @ 203
Event: 3.495 Thread 0x00000000197e6000 Uncommon trap: reason=class_check action=maybe_recompile pc=0x000000000284651c method=java.util.HashMap.putVal(ILjava/lang/Object;Ljava/lang/Object;ZZ)Ljava/lang/Object; @ 203
Event: 3.495 Thread 0x00000000197e6000 Uncommon trap: reason=bimorphic action=maybe_recompile pc=0x000000000284602c method=java.util.HashMap.putVal(ILjava/lang/Object;Ljava/lang/Object;ZZ)Ljava/lang/Object; @ 253
Event: 3.495 Thread 0x00000000197e6000 Uncommon trap: reason=bimorphic action=maybe_recompile pc=0x000000000284602c method=java.util.HashMap.putVal(ILjava/lang/Object;Ljava/lang/Object;ZZ)Ljava/lang/Object; @ 253
Event: 3.495 Thread 0x00000000197e6000 Uncommon trap: reason=bimorphic action=maybe_recompile pc=0x000000000283dea4 method=java.util.HashMap.putVal(ILjava/lang/Object;Ljava/lang/Object;ZZ)Ljava/lang/Object; @ 253
Event: 3.753 Thread 0x00000000197e6000 Uncommon trap: reason=class_check action=maybe_recompile pc=0x0000000002862018 method=java.util.regex.Matcher.match(II)Z @ 86
Event: 3.768 Thread 0x00000000197e6000 Uncommon trap: reason=class_check action=maybe_recompile pc=0x0000000002862018 method=java.util.regex.Matcher.match(II)Z @ 86
Event: 3.768 Thread 0x00000000197e6000 Uncommon trap: reason=class_check action=maybe_recompile pc=0x0000000002862018 method=java.util.regex.Matcher.match(II)Z @ 86
Event: 3.768 Thread 0x00000000197e6000 Uncommon trap: reason=class_check action=maybe_recompile pc=0x00000000028073dc method=java.util.regex.Matcher.match(II)Z @ 86
Event: 4.074 Thread 0x00000000197e6000 Uncommon trap: reason=unstable_if action=reinterpret pc=0x0000000002a14f74 method=java.lang.String.lastIndexOf([CII[CIII)I @ 66

Classes redefined (0 events):
No events

Internal exceptions (10 events):
Event: 3.433 Thread 0x00000000197c9000 Exception <a 'java/lang/NoSuchMethodError': <clinit>> (0x00000000e09b3eb0) thrown at [D:\src\AOSP-openjdk-cygwin\jdk8u\hotspot\src\share\vm\prims\jni.cpp, line 1614]
Event: 3.434 Thread 0x00000000197c9000 Exception <a 'java/lang/NoSuchMethodError': <clinit>> (0x00000000e09bcb78) thrown at [D:\src\AOSP-openjdk-cygwin\jdk8u\hotspot\src\share\vm\prims\jni.cpp, line 1614]
Event: 3.437 Thread 0x00000000197c9000 Exception <a 'java/lang/NoSuchMethodError': <clinit>> (0x00000000e09d3160) thrown at [D:\src\AOSP-openjdk-cygwin\jdk8u\hotspot\src\share\vm\prims\jni.cpp, line 1614]
Event: 3.447 Thread 0x00000000197c9000 Exception <a 'java/lang/NoSuchMethodError': <clinit>> (0x00000000e0a31278) thrown at [D:\src\AOSP-openjdk-cygwin\jdk8u\hotspot\src\share\vm\prims\jni.cpp, line 1614]
Event: 3.452 Thread 0x00000000197c9000 Exception <a 'java/lang/NoSuchMethodError': <clinit>> (0x00000000e0a5dfb8) thrown at [D:\src\AOSP-openjdk-cygwin\jdk8u\hotspot\src\share\vm\prims\jni.cpp, line 1614]
Event: 3.459 Thread 0x00000000197c9000 Exception <a 'java/lang/NoSuchMethodError': <clinit>> (0x00000000e0a8c3e0) thrown at [D:\src\AOSP-openjdk-cygwin\jdk8u\hotspot\src\share\vm\prims\jni.cpp, line 1614]
Event: 3.460 Thread 0x00000000197c9000 Exception <a 'java/lang/NoSuchMethodError': <clinit>> (0x00000000e0a977e8) thrown at [D:\src\AOSP-openjdk-cygwin\jdk8u\hotspot\src\share\vm\prims\jni.cpp, line 1614]
Event: 4.026 Thread 0x00000000197e6000 Exception <a 'java/lang/NoSuchMethodError': java.lang.Object.lambda$and$0(Ljava/util/function/Predicate;Ljava/lang/Object;)Z> (0x00000000e1905758) thrown at [D:\src\AOSP-openjdk-cygwin\jdk8u\hotspot\src\share\vm\interpreter\linkResolver.cpp, line 620]
Event: 4.036 Thread 0x00000000197e6000 Exception <a 'java/lang/IncompatibleClassChangeError': Found class java.lang.Object, but interface was expected> (0x00000000e191ba48) thrown at [D:\src\AOSP-openjdk-cygwin\jdk8u\hotspot\src\share\vm\interpreter\linkResolver.cpp, line 653]
Event: 4.039 Thread 0x00000000197e6000 Exception <a 'java/lang/NoSuchMethodError': java.lang.Object.lambda$or$2(Ljava/util/function/Predicate;Ljava/lang/Object;)Z> (0x00000000e1920a00) thrown at [D:\src\AOSP-openjdk-cygwin\jdk8u\hotspot\src\share\vm\interpreter\linkResolver.cpp, line 620]

Events (10 events):
Event: 4.110 loading class com/google/common/base/Splitter$SplittingIterator
Event: 4.110 loading class com/google/common/base/Splitter$SplittingIterator done
Event: 4.111 loading class com/google/common/base/AbstractIterator
Event: 4.111 loading class com/google/common/base/AbstractIterator done
Event: 4.111 loading class com/google/common/base/Splitter$1$1
Event: 4.111 loading class com/google/common/base/Splitter$1$1 done
Event: 4.112 loading class com/google/common/base/AbstractIterator$State
Event: 4.112 loading class com/google/common/base/AbstractIterator$State done
Event: 4.113 loading class com/google/common/base/AbstractIterator$1
Event: 4.113 loading class com/google/common/base/AbstractIterator$1 done


Dynamic libraries:
0x00007ff6fac70000 - 0x00007ff6faca1000 	C:\Program Files\Android\Android Studio\jre\bin\java.exe
0x00007ffd56be0000 - 0x00007ffd56dd0000 	C:\WINDOWS\SYSTEM32\ntdll.dll
0x00007ffd4e340000 - 0x00007ffd4e352000 	C:\Program Files\AVG\Antivirus\aswhook.dll
0x00007ffd56090000 - 0x00007ffd56142000 	C:\WINDOWS\System32\KERNEL32.DLL
0x00007ffd54960000 - 0x00007ffd54c04000 	C:\WINDOWS\System32\KERNELBASE.dll
0x00007ffd562d0000 - 0x00007ffd56373000 	C:\WINDOWS\System32\ADVAPI32.dll
0x00007ffd56520000 - 0x00007ffd565be000 	C:\WINDOWS\System32\msvcrt.dll
0x00007ffd565c0000 - 0x00007ffd56657000 	C:\WINDOWS\System32\sechost.dll
0x00007ffd55f70000 - 0x00007ffd56090000 	C:\WINDOWS\System32\RPCRT4.dll
0x00007ffd550a0000 - 0x00007ffd55235000 	C:\WINDOWS\System32\USER32.dll
0x00007ffd53be0000 - 0x00007ffd53c01000 	C:\WINDOWS\System32\win32u.dll
0x00007ffd55380000 - 0x00007ffd553a6000 	C:\WINDOWS\System32\GDI32.dll
0x00007ffd54710000 - 0x00007ffd548a6000 	C:\WINDOWS\System32\gdi32full.dll
0x00007ffd54670000 - 0x00007ffd5470e000 	C:\WINDOWS\System32\msvcp_win.dll
0x00007ffd53c10000 - 0x00007ffd53d0a000 	C:\WINDOWS\System32\ucrtbase.dll
0x00007ffd3f380000 - 0x00007ffd3f604000 	C:\WINDOWS\WinSxS\amd64_microsoft.windows.common-controls_6595b64144ccf1df_6.0.18362.1016_none_9e7a36bbe461dae4\COMCTL32.dll
0x00007ffd54c90000 - 0x00007ffd54fc5000 	C:\WINDOWS\System32\combase.dll
0x00007ffd53b60000 - 0x00007ffd53be0000 	C:\WINDOWS\System32\bcryptPrimitives.dll
0x00007ffd564f0000 - 0x00007ffd5651e000 	C:\WINDOWS\System32\IMM32.DLL
0x0000000062540000 - 0x0000000062612000 	C:\Program Files\Android\Android Studio\jre\jre\bin\msvcr100.dll
0x0000000062920000 - 0x0000000063166000 	C:\Program Files\Android\Android Studio\jre\jre\bin\server\jvm.dll
0x00007ffd56880000 - 0x00007ffd56888000 	C:\WINDOWS\System32\PSAPI.DLL
0x00007ffd43c00000 - 0x00007ffd43c09000 	C:\WINDOWS\SYSTEM32\WSOCK32.dll
0x00007ffd55310000 - 0x00007ffd5537f000 	C:\WINDOWS\System32\WS2_32.dll
0x00007ffd51a60000 - 0x00007ffd51a84000 	C:\WINDOWS\SYSTEM32\WINMM.dll
0x00007ffd4a700000 - 0x00007ffd4a70a000 	C:\WINDOWS\SYSTEM32\VERSION.dll
0x00007ffd51a30000 - 0x00007ffd51a5d000 	C:\WINDOWS\SYSTEM32\WINMMBASE.dll
0x00007ffd545f0000 - 0x00007ffd5463a000 	C:\WINDOWS\System32\cfgmgr32.dll
0x00007ffd51dd0000 - 0x00007ffd51ddf000 	C:\Program Files\Android\Android Studio\jre\jre\bin\verify.dll
0x00007ffd4f750000 - 0x00007ffd4f779000 	C:\Program Files\Android\Android Studio\jre\jre\bin\java.dll
0x00007ffd51cc0000 - 0x00007ffd51cd6000 	C:\Program Files\Android\Android Studio\jre\jre\bin\zip.dll
0x00007ffd55410000 - 0x00007ffd55af7000 	C:\WINDOWS\System32\SHELL32.dll
0x00007ffd56390000 - 0x00007ffd56439000 	C:\WINDOWS\System32\shcore.dll
0x00007ffd53d10000 - 0x00007ffd54492000 	C:\WINDOWS\System32\windows.storage.dll
0x00007ffd53ac0000 - 0x00007ffd53ae3000 	C:\WINDOWS\System32\profapi.dll
0x00007ffd53b10000 - 0x00007ffd53b5a000 	C:\WINDOWS\System32\powrprof.dll
0x00007ffd53a90000 - 0x00007ffd53aa0000 	C:\WINDOWS\System32\UMPDC.dll
0x00007ffd553b0000 - 0x00007ffd55402000 	C:\WINDOWS\System32\shlwapi.dll
0x00007ffd53aa0000 - 0x00007ffd53ab1000 	C:\WINDOWS\System32\kernel.appcore.dll
0x00007ffd54c10000 - 0x00007ffd54c27000 	C:\WINDOWS\System32\cryptsp.dll
0x00007ffd51970000 - 0x00007ffd5198a000 	C:\Program Files\Android\Android Studio\jre\jre\bin\net.dll
0x00007ffd47440000 - 0x00007ffd47616000 	C:\WINDOWS\SYSTEM32\urlmon.dll
0x00007ffd47750000 - 0x00007ffd479f6000 	C:\WINDOWS\SYSTEM32\iertutil.dll
0x00007ffd534c0000 - 0x00007ffd534cc000 	C:\WINDOWS\SYSTEM32\CRYPTBASE.DLL
0x00007ffd532f0000 - 0x00007ffd53357000 	C:\WINDOWS\system32\mswsock.dll
0x00007ffd4c9d0000 - 0x00007ffd4c9e3000 	C:\Program Files\Android\Android Studio\jre\jre\bin\nio.dll
0x00007ffd2b290000 - 0x00007ffd2b2b6000 	C:\Users\basker\.gradle\native\30\windows-amd64\native-platform.dll
0x00007ffd51b00000 - 0x00007ffd51b0d000 	C:\Program Files\Android\Android Studio\jre\jre\bin\management.dll
0x00007ffd52e00000 - 0x00007ffd52e33000 	C:\WINDOWS\system32\rsaenh.dll
0x00007ffd54640000 - 0x00007ffd54666000 	C:\WINDOWS\System32\bcrypt.dll
0x00007ffd53980000 - 0x00007ffd539a5000 	C:\WINDOWS\SYSTEM32\USERENV.dll
0x00007ffd53000000 - 0x00007ffd5303a000 	C:\WINDOWS\SYSTEM32\IPHLPAPI.DLL
0x00007ffd56b20000 - 0x00007ffd56b28000 	C:\WINDOWS\System32\NSI.dll
0x00007ffd4ac20000 - 0x00007ffd4ac36000 	C:\WINDOWS\SYSTEM32\dhcpcsvc6.DLL
0x00007ffd4ac60000 - 0x00007ffd4ac7c000 	C:\WINDOWS\SYSTEM32\dhcpcsvc.DLL
0x00007ffd53040000 - 0x00007ffd5310b000 	C:\WINDOWS\SYSTEM32\DNSAPI.dll

VM Arguments:
jvm_args: -Xmx1536m -Dfile.encoding=windows-1252 -Duser.country=US -Duser.language=en -Duser.variant 
java_command: org.gradle.launcher.daemon.bootstrap.GradleDaemon 5.6.4
java_class_path (initial): C:\Users\basker\.gradle\wrapper\dists\gradle-5.6.4-all\ankdp27end7byghfw1q2sw75f\gradle-5.6.4\lib\gradle-launcher-5.6.4.jar
Launcher Type: SUN_STANDARD

Environment Variables:
PATH=C:\Program Files (x86)\Common Files\Oracle\Java\javapath;C:\Program Files (x86)\NVIDIA Corporation\PhysX\Common;C:\Program Files (x86)\Intel\iCLS Client\;C:\Program Files\Intel\iCLS Client\;C:\WINDOWS\system32;C:\WINDOWS;C:\WINDOWS\System32\Wbem;C:\WINDOWS\System32\WindowsPowerShell\v1.0\;C:\Program Files\Intel\Intel(R) Management Engine Components\DAL;C:\Program Files\Intel\Intel(R) Management Engine Components\IPT;C:\Program Files (x86)\Intel\Intel(R) Management Engine Components\DAL;C:\Program Files (x86)\Intel\Intel(R) Management Engine Components\IPT;C:\Program Files (x86)\Intel\OpenCL SDK\2.0\bin\x86;C:\Program Files (x86)\Intel\OpenCL SDK\2.0\bin\x64;C:\Program Files\Lenovo\Bluetooth Software\;C:\Program Files\Lenovo\Bluetooth Software\syswow64;C:\WINDOWS\System32\OpenSSH\;C:\Program Files\nodejs\;C:\Users\basker\AppData\Local\Android\Sdk\platforms;C:\Users\basker\AppData\Local\Android\Sdk\platform-tools;C:\Users\basker\.gradle\wrapper\dists\gradle-5.6.4-all\ankdp27end7byghfw1q2sw75f\gradle-5.6.4\bin;C:\Program Files\Git\cmd;C:\Program Files\MySQL\MySQL Shell 8.0\bin\;C:\Users\basker\AppData\Local\Microsoft\WindowsApps;C:\Users\basker\AppData\Roaming\npm;C:\Users\basker\AppData\Local\Programs\Microsoft VS Code\bin;C:\Users\basker\.gradle\wrapper\dists\gradle-5.6.4-all\ankdp27end7byghfw1q2sw75f\gradle-5.6.4\bin;
USERNAME=basker
OS=Windows_NT
PROCESSOR_IDENTIFIER=Intel64 Family 6 Model 58 Stepping 9, GenuineIntel



---------------  S Y S T E M  ---------------

OS: Windows 10.0 , 64 bit Build 18362 (10.0.18362.959)

CPU:total 4 (initial active 4) (2 cores per cpu, 2 threads per core) family 6 model 58 stepping 9, cmov, cx8, fxsr, mmx, sse, sse2, sse3, ssse3, sse4.1, sse4.2, popcnt, avx, aes, clmul, erms, ht, tsc, tscinvbit, tscinv

Memory: 4k page, physical 4056852k(321828k free), swap 5481236k(5368k free)

vm_info: OpenJDK 64-Bit Server VM (25.212-b04) for windows-amd64 JRE (1.8.0_212-release-1586-b04), built by "builder" with MS VC++ 10.0 (VS2010)

time: Fri Sep 04 00:07:47 2020
timezone: India Standard Time
elapsed time: 4 seconds (0d 0h 0m 4s)

