#
# There is insufficient memory for the Java Runtime Environment to continue.
# Native memory allocation (malloc) failed to allocate 1611808 bytes for Chunk::new
# Possible reasons:
#   The system is out of physical RAM or swap space
#   The process is running with CompressedOops enabled, and the Java Heap may be blocking the growth of the native heap
# Possible solutions:
#   Reduce memory load on the system
#   Increase physical memory or swap space
#   Check if swap backing store is full
#   Decrease Java heap size (-Xmx/-Xms)
#   Decrease number of Java threads
#   Decrease Java thread stack sizes (-Xss)
#   Set larger code cache with -XX:ReservedCodeCacheSize=
#   JVM is running with Unscaled Compressed Oops mode in which the Java heap is
#     placed in the first 4GB address space. The Java Heap base address is the
#     maximum limit for the native heap growth. Please use -XX:HeapBaseMinAddress
#     to set the Java Heap base and to place the Java Heap above 4GB virtual address.
# This output file may be truncated or incomplete.
#
#  Out of Memory Error (allocation.cpp:389), pid=2580, tid=0x0000000000002b90
#
# JRE version: OpenJDK Runtime Environment (8.0_212-b04) (build 1.8.0_212-release-1586-b04)
# Java VM: OpenJDK 64-Bit Server VM (25.212-b04 mixed mode windows-amd64 compressed oops)
# Failed to write core dump. Minidumps are not enabled by default on client versions of Windows
#

---------------  T H R E A D  ---------------

Current thread (0x00000000169a2000):  JavaThread "C2 CompilerThread1" daemon [_thread_in_native, id=11152, stack(0x0000000018100000,0x0000000018200000)]

Stack: [0x0000000018100000,0x0000000018200000]
[error occurred during error reporting (printing stack bounds), id 0xc0000005]

Native frames: (J=compiled Java code, j=interpreted, Vv=VM code, C=native code)


Current CompileTask:
C2:1555689 15721       4       com.android.tools.r8.B.a.a.f::a (6094 bytes)


---------------  P R O C E S S  ---------------

Java Threads: ( => current thread )
  0x0000000018d5f000 JavaThread "WorkerExecutor Queue Thread 6" [_thread_in_Java, id=8560, stack(0x000000002c710000,0x000000002c810000)]
  0x0000000018d55800 JavaThread "Cache worker for Java compile cache (C:\Users\basker\Desktop\adminapp\.gradle\5.6.4\javaCompile)" [_thread_blocked, id=8028, stack(0x0000000025500000,0x0000000025600000)]
  0x0000000018d5c000 JavaThread "Cache worker for Java compile cache (C:\Users\basker\.gradle\caches\5.6.4\javaCompile)" [_thread_blocked, id=10792, stack(0x0000000020480000,0x0000000020580000)]
  0x0000000018d57800 JavaThread "WorkerExecutor Queue Thread 4" [_thread_in_vm, id=1004, stack(0x0000000025e30000,0x0000000025f30000)]
  0x0000000018d5b800 JavaThread "stdout" [_thread_in_native, id=1492, stack(0x0000000025d30000,0x0000000025e30000)]
  0x0000000018d5a800 JavaThread "stdout" [_thread_in_native, id=6752, stack(0x0000000025c30000,0x0000000025d30000)]
  0x0000000018d53800 JavaThread "stderr" [_thread_in_native, id=544, stack(0x0000000025b30000,0x0000000025c30000)]
  0x0000000018d56000 JavaThread "stderr" [_thread_in_native, id=916, stack(0x0000000025a30000,0x0000000025b30000)]
  0x0000000018d5a000 JavaThread "stdout" [_thread_in_native, id=4088, stack(0x0000000025930000,0x0000000025a30000)]
  0x0000000018d58800 JavaThread "stderr" [_thread_in_native, id=4456, stack(0x0000000025700000,0x0000000025800000)]
  0x00000000198e8800 JavaThread "pool-6-thread-1" [_thread_blocked, id=480, stack(0x0000000025830000,0x0000000025930000)]
  0x00000000198e4800 JavaThread "WorkerExecutor Queue Thread 3" [_thread_in_Java, id=5340, stack(0x0000000025600000,0x0000000025700000)]
  0x0000000019d96800 JavaThread "WorkerExecutor Queue" [_thread_in_vm, id=7224, stack(0x0000000024e50000,0x0000000024f50000)]
  0x0000000019d8d000 JavaThread "Cache worker for execution history cache (C:\Users\basker\Desktop\adminapp\.gradle\5.6.4\executionHistory)" [_thread_blocked, id=8356, stack(0x0000000024d50000,0x0000000024e50000)]
  0x0000000019d8c800 JavaThread "Execution worker for ':' Thread 3" [_thread_blocked, id=9380, stack(0x0000000025200000,0x0000000025300000)]
  0x0000000019d88000 JavaThread "Execution worker for ':' Thread 2" [_thread_blocked, id=8344, stack(0x0000000025100000,0x0000000025200000)]
  0x0000000019d8e800 JavaThread "Execution worker for ':'" [_thread_blocked, id=9536, stack(0x0000000025000000,0x0000000025100000)]
  0x000000001d0cd800 JavaThread "Cache worker for file content cache (C:\Users\basker\Desktop\adminapp\.gradle\5.6.4\fileContent)" [_thread_blocked, id=9976, stack(0x0000000024c50000,0x0000000024d50000)]
  0x000000001d0c6000 JavaThread "Cache worker for file content cache (C:\Users\basker\.gradle\caches\5.6.4\fileContent)" [_thread_blocked, id=2808, stack(0x0000000024950000,0x0000000024a50000)]
  0x000000001d0cc800 JavaThread "Cache worker for Build Output Cleanup Cache (C:\Users\basker\Desktop\adminapp\.gradle\buildOutputCleanup)" [_thread_blocked, id=2664, stack(0x0000000024050000,0x0000000024150000)]
  0x000000001d0cc000 JavaThread "Build operations Thread 4" [_thread_blocked, id=6356, stack(0x0000000023950000,0x0000000023a50000)]
  0x000000001d0cb000 JavaThread "Build operations Thread 3" [_thread_blocked, id=7848, stack(0x0000000023850000,0x0000000023950000)]
  0x000000001d0ca800 JavaThread "Build operations Thread 2" [_thread_blocked, id=10872, stack(0x0000000022a30000,0x0000000022b30000)]
  0x000000001d0c9000 JavaThread "Build operations" [_thread_blocked, id=6528, stack(0x0000000022330000,0x0000000022430000)]
  0x000000001d0c9800 JavaThread "Cache worker for cache directory md-rule (C:\Users\basker\.gradle\caches\5.6.4\md-rule)" [_thread_blocked, id=11124, stack(0x0000000021180000,0x0000000021280000)]
  0x000000001d0c1800 JavaThread "Cache worker for cache directory md-supplier (C:\Users\basker\.gradle\caches\5.6.4\md-supplier)" [_thread_blocked, id=10856, stack(0x0000000021080000,0x0000000021180000)]
  0x000000001d0c8000 JavaThread "Cache worker for file hash cache (C:\Users\basker\Desktop\adminapp\.gradle\5.6.4\fileHashes)" [_thread_blocked, id=2776, stack(0x0000000020f80000,0x0000000021080000)]
  0x000000001d0c7800 JavaThread "Thread-42" [_thread_blocked, id=2240, stack(0x0000000020580000,0x0000000020680000)]
  0x000000001d0c0000 JavaThread "Asynchronous log dispatcher for DefaultDaemonConnection: socket connection from /127.0.0.1:52638 to /127.0.0.1:52714" [_thread_blocked, id=9200, stack(0x000000001eac0000,0x000000001ebc0000)]
  0x000000001d0c5000 JavaThread "Daemon worker Thread 3" [_thread_blocked, id=1776, stack(0x000000001c220000,0x000000001c320000)]
  0x000000001d0c3800 JavaThread "Cancel handler" [_thread_blocked, id=1568, stack(0x000000001bf20000,0x000000001c020000)]
  0x000000001d0c0800 JavaThread "Handler for socket connection from /127.0.0.1:52638 to /127.0.0.1:52714" [_thread_in_native, id=6344, stack(0x000000001be20000,0x000000001bf20000)]
  0x000000001d0bf000 JavaThread "Daemon Thread 3" [_thread_blocked, id=5520, stack(0x000000001bb20000,0x000000001bc20000)]
  0x0000000019d91800 JavaThread "Memory manager" [_thread_blocked, id=7156, stack(0x0000000022b30000,0x0000000022c30000)]
  0x0000000019d8b800 JavaThread "Cache worker for execution history cache (C:\Users\basker\.gradle\caches\5.6.4\executionHistory)" [_thread_blocked, id=3104, stack(0x0000000020680000,0x0000000020780000)]
  0x00000000198e7800 JavaThread "Cache worker for journal cache (C:\Users\basker\.gradle\caches\journal-1)" [_thread_blocked, id=8624, stack(0x000000001c720000,0x000000001c820000)]
  0x00000000198e9000 JavaThread "File lock request listener" [_thread_in_native, id=9756, stack(0x000000001c620000,0x000000001c720000)]
  0x00000000198ea000 JavaThread "Cache worker for file hash cache (C:\Users\basker\.gradle\caches\5.6.4\fileHashes)" [_thread_blocked, id=9944, stack(0x000000001c520000,0x000000001c620000)]
  0x000000001a1ec800 JavaThread "Daemon periodic checks" [_thread_blocked, id=10952, stack(0x000000001b920000,0x000000001ba20000)]
  0x000000001a196000 JavaThread "Incoming local TCP Connector on port 52638" [_thread_in_native, id=7860, stack(0x000000001b6e0000,0x000000001b7e0000)]
  0x000000001a0c7800 JavaThread "Daemon health stats" [_thread_blocked, id=9452, stack(0x000000001b0a0000,0x000000001b1a0000)]
  0x0000000018330800 JavaThread "Service Thread" daemon [_thread_blocked, id=8156, stack(0x0000000018700000,0x0000000018800000)]
  0x0000000016993000 JavaThread "C1 CompilerThread2" daemon [_thread_in_native, id=520, stack(0x0000000018200000,0x0000000018300000)]
=>0x00000000169a2000 JavaThread "C2 CompilerThread1" daemon [_thread_in_native, id=11152, stack(0x0000000018100000,0x0000000018200000)]
  0x0000000016999000 JavaThread "C2 CompilerThread0" daemon [_thread_in_native, id=6112, stack(0x0000000018000000,0x0000000018100000)]
  0x0000000016997800 JavaThread "Attach Listener" daemon [_thread_blocked, id=3124, stack(0x0000000017f00000,0x0000000018000000)]
  0x0000000016996800 JavaThread "Signal Dispatcher" daemon [_thread_blocked, id=6568, stack(0x0000000017e00000,0x0000000017f00000)]
  0x000000000301c800 JavaThread "Finalizer" daemon [_thread_blocked, id=10764, stack(0x0000000017c00000,0x0000000017d00000)]
  0x0000000016979000 JavaThread "Reference Handler" daemon [_thread_blocked, id=10072, stack(0x0000000017b00000,0x0000000017c00000)]
  0x000000000148e000 JavaThread "main" [_thread_blocked, id=7028, stack(0x0000000002db0000,0x0000000002eb0000)]

Other Threads:
  0x0000000016956800 VMThread [stack: 0x0000000017a00000,0x0000000017b00000] [id=9960]
  0x0000000016995000 WatcherThread [stack: 0x0000000018800000,0x0000000018900000] [id=10632]

VM state:not at safepoint (normal execution)

VM Mutex/Monitor currently owned by a thread:  ([mutex/lock_event])
[0x000000000148c7a0] CodeCache_lock - owner thread: 0x0000000018d57800
[0x000000000148d4f0] AdapterHandlerLibrary_lock - owner thread: 0x0000000018d57800

heap address: 0x00000000a0000000, size: 1536 MB, Compressed Oops mode: 32-bit
Narrow klass base: 0x0000000000000000, Narrow klass shift: 3
Compressed class space size: 1073741824 Address: 0x0000000100000000

Heap:
 PSYoungGen      total 152576K, used 85683K [0x00000000e0000000, 0x00000000ed080000, 0x0000000100000000)
  eden space 136704K, 62% used [0x00000000e0000000,0x00000000e53ace80,0x00000000e8580000)
  from space 15872K, 0% used [0x00000000e8a80000,0x00000000e8a80000,0x00000000e9a00000)
  to   space 38400K, 0% used [0x00000000eab00000,0x00000000eab00000,0x00000000ed080000)
 ParOldGen       total 147968K, used 59348K [0x00000000a0000000, 0x00000000a9080000, 0x00000000e0000000)
  object space 147968K, 40% used [0x00000000a0000000,0x00000000a39f5280,0x00000000a9080000)
 Metaspace       used 93133K, capacity 96704K, committed 97536K, reserved 1134592K
  class space    used 12143K, capacity 12904K, committed 13056K, reserved 1048576K

Card table byte_map: [0x00000000123e0000,0x00000000126f0000] byte_map_base: 0x0000000011ee0000

Marking Bits: (ParMarkBitMap*) 0x00000000672d9f30
 Begin Bits: [0x0000000012cf0000, 0x00000000144f0000)
 End Bits:   [0x00000000144f0000, 0x0000000015cf0000)

Polling page: 0x0000000001450000

CodeCache: size=245760Kb used=46138Kb max_used=46138Kb free=199621Kb
 bounds [0x0000000003020000, 0x0000000005d70000, 0x0000000012020000]
 total_blobs=14577 nmethods=13677 adapters=811
 compilation: enabled

Compilation events (10 events):
Event: 1555.640 Thread 0x0000000016993000 nmethod 16305 0x0000000005d45390 code [0x0000000005d45500, 0x0000000005d456c8]
Event: 1555.640 Thread 0x0000000016993000 16304       3       com.android.tools.r8.u.b.d0::w2 (8 bytes)
Event: 1555.641 Thread 0x0000000016993000 nmethod 16304 0x0000000005d45790 code [0x0000000005d45900, 0x0000000005d45b28]
Event: 1555.641 Thread 0x0000000016993000 16307       3       com.android.tools.r8.ir.regalloc.a::o (8 bytes)
Event: 1555.641 Thread 0x0000000016993000 nmethod 16307 0x0000000005d45bd0 code [0x0000000005d45d40, 0x0000000005d45f68]
Event: 1555.641 Thread 0x0000000016993000 16298       3       com.android.tools.r8.ir.optimize.I::a (282 bytes)
Event: 1555.644 Thread 0x0000000016993000 nmethod 16298 0x0000000005d46010 code [0x0000000005d46400, 0x0000000005d48db8]
Event: 1555.644 Thread 0x0000000016993000 16300       3       com.android.tools.r8.ir.optimize.Z::a (44 bytes)
Event: 1555.646 Thread 0x0000000016993000 nmethod 16300 0x0000000005d4a190 code [0x0000000005d4a3a0, 0x0000000005d4b008]
Event: 1555.646 Thread 0x0000000016993000 16302       3       com.android.tools.r8.ir.optimize.i::a (137 bytes)

GC Heap History (10 events):
Event: 1469.147 GC heap before
{Heap before GC invocations=21 (full 3):
 PSYoungGen      total 176128K, used 176103K [0x00000000e0000000, 0x00000000ed680000, 0x0000000100000000)
  eden space 158208K, 100% used [0x00000000e0000000,0x00000000e9a80000,0x00000000e9a80000)
  from space 17920K, 99% used [0x00000000e9a80000,0x00000000eabf9d08,0x00000000eac00000)
  to   space 21504K, 0% used [0x00000000ec180000,0x00000000ec180000,0x00000000ed680000)
 ParOldGen       total 90624K, used 38094K [0x00000000a0000000, 0x00000000a5880000, 0x00000000e0000000)
  object space 90624K, 42% used [0x00000000a0000000,0x00000000a2533b50,0x00000000a5880000)
 Metaspace       used 75662K, capacity 79036K, committed 79232K, reserved 1118208K
  class space    used 10025K, capacity 10777K, committed 10880K, reserved 1048576K
Event: 1469.733 GC heap after
Heap after GC invocations=21 (full 3):
 PSYoungGen      total 174080K, used 21239K [0x00000000e0000000, 0x00000000ed680000, 0x0000000100000000)
  eden space 152576K, 0% used [0x00000000e0000000,0x00000000e0000000,0x00000000e9500000)
  from space 21504K, 98% used [0x00000000ec180000,0x00000000ed63dc10,0x00000000ed680000)
  to   space 25088K, 0% used [0x00000000ea580000,0x00000000ea580000,0x00000000ebe00000)
 ParOldGen       total 90624K, used 38102K [0x00000000a0000000, 0x00000000a5880000, 0x00000000e0000000)
  object space 90624K, 42% used [0x00000000a0000000,0x00000000a2535b50,0x00000000a5880000)
 Metaspace       used 75662K, capacity 79036K, committed 79232K, reserved 1118208K
  class space    used 10025K, capacity 10777K, committed 10880K, reserved 1048576K
}
Event: 1484.125 GC heap before
{Heap before GC invocations=22 (full 3):
 PSYoungGen      total 174080K, used 173815K [0x00000000e0000000, 0x00000000ed680000, 0x0000000100000000)
  eden space 152576K, 100% used [0x00000000e0000000,0x00000000e9500000,0x00000000e9500000)
  from space 21504K, 98% used [0x00000000ec180000,0x00000000ed63dc10,0x00000000ed680000)
  to   space 25088K, 0% used [0x00000000ea580000,0x00000000ea580000,0x00000000ebe00000)
 ParOldGen       total 90624K, used 38102K [0x00000000a0000000, 0x00000000a5880000, 0x00000000e0000000)
  object space 90624K, 42% used [0x00000000a0000000,0x00000000a2535b50,0x00000000a5880000)
 Metaspace       used 78158K, capacity 81654K, committed 81792K, reserved 1120256K
  class space    used 10348K, capacity 11086K, committed 11136K, reserved 1048576K
Event: 1484.200 GC heap after
Heap after GC invocations=22 (full 3):
 PSYoungGen      total 172032K, used 25064K [0x00000000e0000000, 0x00000000ed280000, 0x0000000100000000)
  eden space 146944K, 0% used [0x00000000e0000000,0x00000000e0000000,0x00000000e8f80000)
  from space 25088K, 99% used [0x00000000ea580000,0x00000000ebdfa398,0x00000000ebe00000)
  to   space 20992K, 0% used [0x00000000ebe00000,0x00000000ebe00000,0x00000000ed280000)
 ParOldGen       total 90624K, used 52269K [0x00000000a0000000, 0x00000000a5880000, 0x00000000e0000000)
  object space 90624K, 57% used [0x00000000a0000000,0x00000000a330b608,0x00000000a5880000)
 Metaspace       used 78158K, capacity 81654K, committed 81792K, reserved 1120256K
  class space    used 10348K, capacity 11086K, committed 11136K, reserved 1048576K
}
Event: 1531.163 GC heap before
{Heap before GC invocations=23 (full 3):
 PSYoungGen      total 172032K, used 172008K [0x00000000e0000000, 0x00000000ed280000, 0x0000000100000000)
  eden space 146944K, 100% used [0x00000000e0000000,0x00000000e8f80000,0x00000000e8f80000)
  from space 25088K, 99% used [0x00000000ea580000,0x00000000ebdfa398,0x00000000ebe00000)
  to   space 20992K, 0% used [0x00000000ebe00000,0x00000000ebe00000,0x00000000ed280000)
 ParOldGen       total 90624K, used 52269K [0x00000000a0000000, 0x00000000a5880000, 0x00000000e0000000)
  object space 90624K, 57% used [0x00000000a0000000,0x00000000a330b608,0x00000000a5880000)
 Metaspace       used 80073K, capacity 83746K, committed 83840K, reserved 1122304K
  class space    used 10545K, capacity 11320K, committed 11392K, reserved 1048576K
Event: 1531.230 GC heap after
Heap after GC invocations=23 (full 3):
 PSYoungGen      total 162816K, used 20975K [0x00000000e0000000, 0x00000000ed980000, 0x0000000100000000)
  eden space 141824K, 0% used [0x00000000e0000000,0x00000000e0000000,0x00000000e8a80000)
  from space 20992K, 99% used [0x00000000ebe00000,0x00000000ed27bc28,0x00000000ed280000)
  to   space 40448K, 0% used [0x00000000e8a80000,0x00000000e8a80000,0x00000000eb200000)
 ParOldGen       total 90624K, used 67527K [0x00000000a0000000, 0x00000000a5880000, 0x00000000e0000000)
  object space 90624K, 74% used [0x00000000a0000000,0x00000000a41f1e98,0x00000000a5880000)
 Metaspace       used 80073K, capacity 83746K, committed 83840K, reserved 1122304K
  class space    used 10545K, capacity 11320K, committed 11392K, reserved 1048576K
}
Event: 1550.968 GC heap before
{Heap before GC invocations=24 (full 3):
 PSYoungGen      total 162816K, used 162799K [0x00000000e0000000, 0x00000000ed980000, 0x0000000100000000)
  eden space 141824K, 100% used [0x00000000e0000000,0x00000000e8a80000,0x00000000e8a80000)
  from space 20992K, 99% used [0x00000000ebe00000,0x00000000ed27bc28,0x00000000ed280000)
  to   space 40448K, 0% used [0x00000000e8a80000,0x00000000e8a80000,0x00000000eb200000)
 ParOldGen       total 90624K, used 67543K [0x00000000a0000000, 0x00000000a5880000, 0x00000000e0000000)
  object space 90624K, 74% used [0x00000000a0000000,0x00000000a41f5eb8,0x00000000a5880000)
 Metaspace       used 87255K, capacity 90934K, committed 91008K, reserved 1128448K
  class space    used 11365K, capacity 12156K, committed 12160K, reserved 1048576K
Event: 1551.032 GC heap after
Heap after GC invocations=24 (full 3):
 PSYoungGen      total 152576K, used 15385K [0x00000000e0000000, 0x00000000ed080000, 0x0000000100000000)
  eden space 136704K, 0% used [0x00000000e0000000,0x00000000e0000000,0x00000000e8580000)
  from space 15872K, 96% used [0x00000000e8a80000,0x00000000e99865a0,0x00000000e9a00000)
  to   space 38400K, 0% used [0x00000000eab00000,0x00000000eab00000,0x00000000ed080000)
 ParOldGen       total 90624K, used 79392K [0x00000000a0000000, 0x00000000a5880000, 0x00000000e0000000)
  object space 90624K, 87% used [0x00000000a0000000,0x00000000a4d88108,0x00000000a5880000)
 Metaspace       used 87255K, capacity 90934K, committed 91008K, reserved 1128448K
  class space    used 11365K, capacity 12156K, committed 12160K, reserved 1048576K
}
Event: 1551.032 GC heap before
{Heap before GC invocations=25 (full 4):
 PSYoungGen      total 152576K, used 15385K [0x00000000e0000000, 0x00000000ed080000, 0x0000000100000000)
  eden space 136704K, 0% used [0x00000000e0000000,0x00000000e0000000,0x00000000e8580000)
  from space 15872K, 96% used [0x00000000e8a80000,0x00000000e99865a0,0x00000000e9a00000)
  to   space 38400K, 0% used [0x00000000eab00000,0x00000000eab00000,0x00000000ed080000)
 ParOldGen       total 90624K, used 79392K [0x00000000a0000000, 0x00000000a5880000, 0x00000000e0000000)
  object space 90624K, 87% used [0x00000000a0000000,0x00000000a4d88108,0x00000000a5880000)
 Metaspace       used 87255K, capacity 90934K, committed 91008K, reserved 1128448K
  class space    used 11365K, capacity 12156K, committed 12160K, reserved 1048576K
Event: 1551.721 GC heap after
Heap after GC invocations=25 (full 4):
 PSYoungGen      total 152576K, used 0K [0x00000000e0000000, 0x00000000ed080000, 0x0000000100000000)
  eden space 136704K, 0% used [0x00000000e0000000,0x00000000e0000000,0x00000000e8580000)
  from space 15872K, 0% used [0x00000000e8a80000,0x00000000e8a80000,0x00000000e9a00000)
  to   space 38400K, 0% used [0x00000000eab00000,0x00000000eab00000,0x00000000ed080000)
 ParOldGen       total 147968K, used 59348K [0x00000000a0000000, 0x00000000a9080000, 0x00000000e0000000)
  object space 147968K, 40% used [0x00000000a0000000,0x00000000a39f5280,0x00000000a9080000)
 Metaspace       used 86233K, capacity 89056K, committed 91008K, reserved 1128448K
  class space    used 11164K, capacity 11794K, committed 12160K, reserved 1048576K
}

Deoptimization events (10 events):
Event: 1555.169 Thread 0x0000000018d5f000 Uncommon trap: reason=unstable_if action=reinterpret pc=0x0000000005bab284 method=com.android.tools.r8.u.c.o.h(I)Lcom/android/tools/r8/u/c/m; @ 14
Event: 1555.170 Thread 0x0000000018d5f000 Uncommon trap: reason=unstable_if action=reinterpret pc=0x000000000403d938 method=com.android.tools.r8.u.b.U.hasNext()Z @ 21
Event: 1555.170 Thread 0x0000000018d5f000 Uncommon trap: reason=unstable_if action=reinterpret pc=0x0000000004030164 method=com.android.tools.r8.u.b.U.next()Ljava/lang/Object; @ 9
Event: 1555.275 Thread 0x0000000018d5f000 Uncommon trap: reason=unstable_if action=reinterpret pc=0x0000000004715220 method=java.util.HashMap.computeIfAbsent(Ljava/lang/Object;Ljava/util/function/Function;)Ljava/lang/Object; @ 145
Event: 1555.570 Thread 0x0000000018d57800 Uncommon trap: reason=bimorphic action=maybe_recompile pc=0x0000000004c75068 method=java.util.Comparator.lambda$comparing$77a9974f$1(Ljava/util/function/Function;Ljava/lang/Object;Ljava/lang/Object;)I @ 17
Event: 1555.573 Thread 0x0000000018d5f000 Uncommon trap: reason=bimorphic action=maybe_recompile pc=0x0000000005bb41a8 method=com.android.tools.r8.u.c.q.<init>(Lcom/android/tools/r8/u/c/x;)V @ 5
Event: 1555.587 Thread 0x0000000018d5f000 Uncommon trap: reason=unstable_if action=reinterpret pc=0x0000000005ba6e20 method=com.android.tools.r8.u.c.o.b(Lcom/android/tools/r8/r/n/z;)Z @ 11
Event: 1555.588 Thread 0x0000000018d5f000 Uncommon trap: reason=bimorphic action=maybe_recompile pc=0x0000000005bb41a8 method=com.android.tools.r8.u.c.q.<init>(Lcom/android/tools/r8/u/c/x;)V @ 5
Event: 1555.588 Thread 0x0000000018d5f000 Uncommon trap: reason=unstable_if action=reinterpret pc=0x0000000005be47e4 method=com.android.tools.r8.u.c.o.b(Lcom/android/tools/r8/r/n/z;)Z @ 11
Event: 1555.593 Thread 0x0000000018d5f000 Uncommon trap: reason=bimorphic action=maybe_recompile pc=0x0000000005bb41a8 method=com.android.tools.r8.u.c.q.<init>(Lcom/android/tools/r8/u/c/x;)V @ 5

Classes redefined (0 events):
No events

Internal exceptions (10 events):
Event: 1529.104 Thread 0x0000000019d96800 Exception <a 'sun/nio/fs/WindowsException'> (0x00000000e5b9d670) thrown at [D:\src\AOSP-openjdk-cygwin\jdk8u\hotspot\src\share\vm\prims\jni.cpp, line 710]
Event: 1529.104 Thread 0x0000000019d96800 Exception <a 'sun/nio/fs/WindowsException'> (0x00000000e5b9db18) thrown at [D:\src\AOSP-openjdk-cygwin\jdk8u\hotspot\src\share\vm\prims\jni.cpp, line 710]
Event: 1543.691 Thread 0x000000001d0c7800 Exception <a 'java/lang/NoSuchMethodError': <clinit>> (0x00000000e73456c8) thrown at [D:\src\AOSP-openjdk-cygwin\jdk8u\hotspot\src\share\vm\prims\jni.cpp, line 1614]
Event: 1547.830 Thread 0x000000001d0c5000 Exception <a 'java/lang/NoSuchMethodError': <clinit>> (0x00000000e8279ea8) thrown at [D:\src\AOSP-openjdk-cygwin\jdk8u\hotspot\src\share\vm\prims\jni.cpp, line 1614]
Event: 1547.834 Thread 0x000000001d0c5000 Exception <a 'java/lang/NoSuchMethodError': <clinit>> (0x00000000e8292318) thrown at [D:\src\AOSP-openjdk-cygwin\jdk8u\hotspot\src\share\vm\prims\jni.cpp, line 1614]
Event: 1549.001 Thread 0x0000000018d57800 Exception <a 'java/lang/NoSuchMethodError': java.lang.Object.lambda$static$0(Ljava/lang/String;)Z> (0x00000000e8552300) thrown at [D:\src\AOSP-openjdk-cygwin\jdk8u\hotspot\src\share\vm\interpreter\linkResolver.cpp, line 620]
Event: 1551.783 Thread 0x0000000018d57800 Exception <a 'sun/nio/fs/WindowsException'> (0x00000000e0ae0a40) thrown at [D:\src\AOSP-openjdk-cygwin\jdk8u\hotspot\src\share\vm\prims\jni.cpp, line 710]
Event: 1552.123 Thread 0x0000000018d5f000 Exception <a 'sun/nio/fs/WindowsException'> (0x00000000e0c4a620) thrown at [D:\src\AOSP-openjdk-cygwin\jdk8u\hotspot\src\share\vm\prims\jni.cpp, line 710]
Event: 1554.802 Thread 0x0000000018d57800 Exception <a 'java/lang/NoSuchMethodError': java.lang.Object.lambda$maxBy$1(Ljava/util/Comparator;Ljava/lang/Object;Ljava/lang/Object;)Ljava/lang/Object;> (0x00000000e34b58a0) thrown at [D:\src\AOSP-openjdk-cygwin\jdk8u\hotspot\src\share\vm\interpreter\li
Event: 1554.802 Thread 0x0000000018d5f000 Exception <a 'java/lang/NoSuchMethodError': java.lang.Object.lambda$maxBy$1(Ljava/util/Comparator;Ljava/lang/Object;Ljava/lang/Object;)Ljava/lang/Object;> (0x00000000e34f3ce0) thrown at [D:\src\AOSP-openjdk-cygwin\jdk8u\hotspot\src\share\vm\interpreter\li

Events (10 events):
Event: 1555.644 loading class com/android/tools/r8/graph/E0$a
Event: 1555.644 loading class com/android/tools/r8/graph/E0$a done
Event: 1555.645 loading class com/android/tools/r8/graph/U
Event: 1555.645 loading class com/android/tools/r8/graph/U done
Event: 1555.645 loading class com/android/tools/r8/graph/b0
Event: 1555.645 loading class com/android/tools/r8/graph/b0 done
Event: 1555.645 loading class com/android/tools/r8/graph/E0
Event: 1555.645 loading class com/android/tools/r8/graph/E0 done
Event: 1555.646 loading class com/android/tools/r8/v/a/a/a/h/U0
Event: 1555.646 loading class com/android/tools/r8/v/a/a/a/h/U0 done


Dynamic libraries:
0x00007ff6f0b50000 - 0x00007ff6f0b81000 	C:\Program Files\Android\Android Studio\jre\bin\java.exe
0x00007ffd165e0000 - 0x00007ffd167d0000 	C:\WINDOWS\SYSTEM32\ntdll.dll
0x00007ffd000a0000 - 0x00007ffd000b2000 	C:\Program Files\AVG\Antivirus\aswhook.dll
0x00007ffd14db0000 - 0x00007ffd14e62000 	C:\WINDOWS\System32\KERNEL32.DLL
0x00007ffd14290000 - 0x00007ffd14534000 	C:\WINDOWS\System32\KERNELBASE.dll
0x00007ffd15a80000 - 0x00007ffd15b23000 	C:\WINDOWS\System32\ADVAPI32.dll
0x00007ffd164a0000 - 0x00007ffd1653e000 	C:\WINDOWS\System32\msvcrt.dll
0x00007ffd15b30000 - 0x00007ffd15bc7000 	C:\WINDOWS\System32\sechost.dll
0x00007ffd15080000 - 0x00007ffd151a0000 	C:\WINDOWS\System32\RPCRT4.dll
0x00007ffd15f20000 - 0x00007ffd160b4000 	C:\WINDOWS\System32\USER32.dll
0x00007ffd13e70000 - 0x00007ffd13e91000 	C:\WINDOWS\System32\win32u.dll
0x00007ffd15400000 - 0x00007ffd15426000 	C:\WINDOWS\System32\GDI32.dll
0x00007ffd13ea0000 - 0x00007ffd14036000 	C:\WINDOWS\System32\gdi32full.dll
0x00007ffd14040000 - 0x00007ffd140de000 	C:\WINDOWS\System32\msvcp_win.dll
0x00007ffd14540000 - 0x00007ffd1463a000 	C:\WINDOWS\System32\ucrtbase.dll
0x00007ffd030f0000 - 0x00007ffd03374000 	C:\WINDOWS\WinSxS\amd64_microsoft.windows.common-controls_6595b64144ccf1df_6.0.18362.959_none_e6c7bbbf130c62bb\COMCTL32.dll
0x00007ffd160c0000 - 0x00007ffd163f5000 	C:\WINDOWS\System32\combase.dll
0x00007ffd13df0000 - 0x00007ffd13e70000 	C:\WINDOWS\System32\bcryptPrimitives.dll
0x00007ffd16400000 - 0x00007ffd1642e000 	C:\WINDOWS\System32\IMM32.DLL
0x0000000066950000 - 0x0000000066a22000 	C:\Program Files\Android\Android Studio\jre\jre\bin\msvcr100.dll
0x0000000066b10000 - 0x0000000067356000 	C:\Program Files\Android\Android Studio\jre\jre\bin\server\jvm.dll
0x00007ffd151a0000 - 0x00007ffd151a8000 	C:\WINDOWS\System32\PSAPI.DLL
0x00007ffd043e0000 - 0x00007ffd043e9000 	C:\WINDOWS\SYSTEM32\WSOCK32.dll
0x00007ffd15d80000 - 0x00007ffd15def000 	C:\WINDOWS\System32\WS2_32.dll
0x00007ffd11470000 - 0x00007ffd11494000 	C:\WINDOWS\SYSTEM32\WINMM.dll
0x00007ffd0b260000 - 0x00007ffd0b26a000 	C:\WINDOWS\SYSTEM32\VERSION.dll
0x00007ffd11440000 - 0x00007ffd1146d000 	C:\WINDOWS\SYSTEM32\WINMMBASE.dll
0x00007ffd13610000 - 0x00007ffd1365a000 	C:\WINDOWS\System32\cfgmgr32.dll
0x00007ffd07880000 - 0x00007ffd0788f000 	C:\Program Files\Android\Android Studio\jre\jre\bin\verify.dll
0x00007ffceb980000 - 0x00007ffceb9a9000 	C:\Program Files\Android\Android Studio\jre\jre\bin\java.dll
0x00007ffceb960000 - 0x00007ffceb976000 	C:\Program Files\Android\Android Studio\jre\jre\bin\zip.dll
0x00007ffd14690000 - 0x00007ffd14d76000 	C:\WINDOWS\System32\SHELL32.dll
0x00007ffd159d0000 - 0x00007ffd15a79000 	C:\WINDOWS\System32\shcore.dll
0x00007ffd13660000 - 0x00007ffd13de2000 	C:\WINDOWS\System32\windows.storage.dll
0x00007ffd13530000 - 0x00007ffd13553000 	C:\WINDOWS\System32\profapi.dll
0x00007ffd134c0000 - 0x00007ffd1350a000 	C:\WINDOWS\System32\powrprof.dll
0x00007ffd13490000 - 0x00007ffd134a0000 	C:\WINDOWS\System32\UMPDC.dll
0x00007ffd16540000 - 0x00007ffd16592000 	C:\WINDOWS\System32\shlwapi.dll
0x00007ffd134a0000 - 0x00007ffd134b1000 	C:\WINDOWS\System32\kernel.appcore.dll
0x00007ffd14640000 - 0x00007ffd14657000 	C:\WINDOWS\System32\cryptsp.dll
0x00007ffceed90000 - 0x00007ffceedaa000 	C:\Program Files\Android\Android Studio\jre\jre\bin\net.dll
0x00007ffd06bf0000 - 0x00007ffd06dc6000 	C:\WINDOWS\SYSTEM32\urlmon.dll
0x00007ffd06ef0000 - 0x00007ffd07196000 	C:\WINDOWS\SYSTEM32\iertutil.dll
0x00007ffd12ed0000 - 0x00007ffd12edc000 	C:\WINDOWS\SYSTEM32\CRYPTBASE.DLL
0x00007ffd12ca0000 - 0x00007ffd12d07000 	C:\WINDOWS\system32\mswsock.dll
0x00007ffcea580000 - 0x00007ffcea593000 	C:\Program Files\Android\Android Studio\jre\jre\bin\nio.dll
0x00007ffd05dc0000 - 0x00007ffd05de6000 	C:\Users\basker\.gradle\native\30\windows-amd64\native-platform.dll
0x00007ffd071a0000 - 0x00007ffd071ad000 	C:\Program Files\Android\Android Studio\jre\jre\bin\management.dll
0x00007ffd12810000 - 0x00007ffd12843000 	C:\WINDOWS\system32\rsaenh.dll
0x00007ffd14660000 - 0x00007ffd14686000 	C:\WINDOWS\System32\bcrypt.dll
0x00007ffd133b0000 - 0x00007ffd133d5000 	C:\WINDOWS\SYSTEM32\USERENV.dll
0x00007ffd129b0000 - 0x00007ffd129ea000 	C:\WINDOWS\SYSTEM32\IPHLPAPI.DLL
0x00007ffd16430000 - 0x00007ffd16438000 	C:\WINDOWS\System32\NSI.dll
0x00007ffd09be0000 - 0x00007ffd09bf6000 	C:\WINDOWS\SYSTEM32\dhcpcsvc6.DLL
0x00007ffd09cb0000 - 0x00007ffd09ccc000 	C:\WINDOWS\SYSTEM32\dhcpcsvc.DLL
0x00007ffd12a00000 - 0x00007ffd12acb000 	C:\WINDOWS\SYSTEM32\DNSAPI.dll
0x00007ffcec090000 - 0x00007ffcec0b4000 	C:\Program Files\Android\Android Studio\jre\jre\bin\sunec.dll
0x00007ffd05270000 - 0x00007ffd0527a000 	C:\Windows\System32\rasadhlp.dll
0x00007ffd09b00000 - 0x00007ffd09b77000 	C:\WINDOWS\System32\fwpuclnt.dll
0x00007ffd0ce90000 - 0x00007ffd0ce9b000 	C:\Program Files\Android\Android Studio\jre\jre\bin\sunmscapi.dll
0x00007ffd14140000 - 0x00007ffd14289000 	C:\WINDOWS\System32\CRYPT32.dll
0x00007ffd13510000 - 0x00007ffd13522000 	C:\WINDOWS\System32\MSASN1.dll
0x00007ffd115f0000 - 0x00007ffd1167f000 	C:\WINDOWS\system32\apphelp.dll

VM Arguments:
jvm_args: -Xmx1536m -Dfile.encoding=windows-1252 -Duser.country=US -Duser.language=en -Duser.variant 
java_command: org.gradle.launcher.daemon.bootstrap.GradleDaemon 5.6.4
java_class_path (initial): C:\Users\basker\.gradle\wrapper\dists\gradle-5.6.4-all\ankdp27end7byghfw1q2sw75f\gradle-5.6.4\lib\gradle-launcher-5.6.4.jar
Launcher Type: SUN_STANDARD

Environment Variables:
PATH=C:\Program Files (x86)\Common Files\Oracle\Java\javapath;C:\Program Files (x86)\NVIDIA Corporation\PhysX\Common;C:\Program Files (x86)\Intel\iCLS Client\;C:\Program Files\Intel\iCLS Client\;C:\WINDOWS\system32;C:\WINDOWS;C:\WINDOWS\System32\Wbem;C:\WINDOWS\System32\WindowsPowerShell\v1.0\;C:\Program Files\Intel\Intel(R) Management Engine Components\DAL;C:\Program Files\Intel\Intel(R) Management Engine Components\IPT;C:\Program Files (x86)\Intel\Intel(R) Management Engine Components\DAL;C:\Program Files (x86)\Intel\Intel(R) Management Engine Components\IPT;C:\Program Files (x86)\Intel\OpenCL SDK\2.0\bin\x86;C:\Program Files (x86)\Intel\OpenCL SDK\2.0\bin\x64;C:\Program Files\Lenovo\Bluetooth Software\;C:\Program Files\Lenovo\Bluetooth Software\syswow64;C:\WINDOWS\System32\OpenSSH\;C:\Program Files\nodejs\;C:\Users\basker\AppData\Local\Android\Sdk\platforms;C:\Users\basker\AppData\Local\Android\Sdk\platform-tools;C:\Users\basker\.gradle\wrapper\dists\gradle-5.6.4-all\ankdp27end7byghfw1q2sw75f\gradle-5.6.4\bin;C:\Program Files\Git\cmd;C:\Program Files\MySQL\MySQL Shell 8.0\bin\;C:\Users\basker\AppData\Local\Microsoft\WindowsApps;C:\Users\basker\AppData\Roaming\npm;C:\Users\basker\AppData\Local\Programs\Microsoft VS Code\bin;C:\Users\basker\.gradle\wrapper\dists\gradle-5.6.4-all\ankdp27end7byghfw1q2sw75f\gradle-5.6.4\bin;
USERNAME=basker
OS=Windows_NT
PROCESSOR_IDENTIFIER=Intel64 Family 6 Model 58 Stepping 9, GenuineIntel



---------------  S Y S T E M  ---------------

OS: Windows 10.0 , 64 bit Build 18362 (10.0.18362.959)

CPU:total 4 (initial active 4) (2 cores per cpu, 2 threads per core) family 6 model 58 stepping 9, cmov, cx8, fxsr, mmx, sse, sse2, sse3, ssse3, sse4.1, sse4.2, popcnt, avx, aes, clmul, erms, ht, tsc, tscinvbit, tscinv

Memory: 4k page, physical 4056852k(202580k free), swap 5481236k(4844k free)

vm_info: OpenJDK 64-Bit Server VM (25.212-b04) for windows-amd64 JRE (1.8.0_212-release-1586-b04), built by "builder" with MS VC++ 10.0 (VS2010)

time: Thu Aug 20 00:27:53 2020
timezone: India Standard Time
elapsed time: 1555 seconds (0d 0h 25m 55s)

