#
# There is insufficient memory for the Java Runtime Environment to continue.
# Native memory allocation (malloc) failed to allocate 1060176 bytes for Chunk::new
# Possible reasons:
#   The system is out of physical RAM or swap space
#   The process is running with CompressedOops enabled, and the Java Heap may be blocking the growth of the native heap
# Possible solutions:
#   Reduce memory load on the system
#   Increase physical memory or swap space
#   Check if swap backing store is full
#   Decrease Java heap size (-Xmx/-Xms)
#   Decrease number of Java threads
#   Decrease Java thread stack sizes (-Xss)
#   Set larger code cache with -XX:ReservedCodeCacheSize=
#   JVM is running with Unscaled Compressed Oops mode in which the Java heap is
#     placed in the first 4GB address space. The Java Heap base address is the
#     maximum limit for the native heap growth. Please use -XX:HeapBaseMinAddress
#     to set the Java Heap base and to place the Java Heap above 4GB virtual address.
# This output file may be truncated or incomplete.
#
#  Out of Memory Error (allocation.cpp:389), pid=4712, tid=0x0000000000002be4
#
# JRE version: OpenJDK Runtime Environment (8.0_212-b04) (build 1.8.0_212-release-1586-b04)
# Java VM: OpenJDK 64-Bit Server VM (25.212-b04 mixed mode windows-amd64 compressed oops)
# Failed to write core dump. Minidumps are not enabled by default on client versions of Windows
#

---------------  T H R E A D  ---------------

Current thread (0x000000001661f000):  JavaThread "C2 CompilerThread0" daemon [_thread_in_native, id=11236, stack(0x0000000017c80000,0x0000000017d80000)]

Stack: [0x0000000017c80000,0x0000000017d80000]
[error occurred during error reporting (printing stack bounds), id 0xc0000005]

Native frames: (J=compiled Java code, j=interpreted, Vv=VM code, C=native code)


Current CompileTask:
C2:18223260 25922       4       com.android.tools.r8.ir.regalloc.LinearScanRegisterAllocator::a (3993 bytes)


---------------  P R O C E S S  ---------------

Java Threads: ( => current thread )
  0x000000001a2fa800 JavaThread "WorkerExecutor Queue Thread 4" [_thread_blocked, id=10524, stack(0x0000000027020000,0x0000000027120000)]
  0x000000001a2f3000 JavaThread "WorkerExecutor Queue Thread 3" [_thread_in_native, id=12188, stack(0x0000000026f20000,0x0000000027020000)]
  0x000000001a2fa000 JavaThread "WorkerExecutor Queue Thread 2" [_thread_blocked, id=11464, stack(0x0000000026e20000,0x0000000026f20000)]
  0x000000001a2f9000 JavaThread "WorkerExecutor Queue" [_thread_blocked, id=1208, stack(0x0000000026d20000,0x0000000026e20000)]
  0x000000001a2f7800 JavaThread "Cache worker for Java compile cache (C:\Users\basker\Desktop\adminapp\.gradle\5.6.4\javaCompile)" [_thread_blocked, id=6952, stack(0x0000000026c20000,0x0000000026d20000)]
  0x000000001a2f8800 JavaThread "Cache worker for execution history cache (C:\Users\basker\Desktop\adminapp\.gradle\5.6.4\executionHistory)" [_thread_blocked, id=11480, stack(0x0000000026920000,0x0000000026a20000)]
  0x000000001a2f7000 JavaThread "Execution worker for ':' Thread 3" [_thread_blocked, id=7532, stack(0x0000000026820000,0x0000000026920000)]
  0x000000001a2f5800 JavaThread "Execution worker for ':' Thread 2" [_thread_blocked, id=10764, stack(0x0000000026720000,0x0000000026820000)]
  0x000000001a2f1000 JavaThread "Execution worker for ':'" [_thread_blocked, id=7336, stack(0x0000000025e20000,0x0000000025f20000)]
  0x000000001a2f4800 JavaThread "Cache worker for file content cache (C:\Users\basker\Desktop\adminapp\.gradle\5.6.4\fileContent)" [_thread_blocked, id=4772, stack(0x0000000025720000,0x0000000025820000)]
  0x000000001c69c800 JavaThread "Cache worker for Build Output Cleanup Cache (C:\Users\basker\Desktop\adminapp\.gradle\buildOutputCleanup)" [_thread_blocked, id=9808, stack(0x0000000023fc0000,0x00000000240c0000)]
  0x000000001c6a2800 JavaThread "Build operations Thread 4" [_thread_blocked, id=2764, stack(0x0000000023ec0000,0x0000000023fc0000)]
  0x000000001c69d000 JavaThread "Build operations Thread 3" [_thread_blocked, id=3156, stack(0x0000000023cc0000,0x0000000023dc0000)]
  0x000000001c6a1800 JavaThread "Build operations Thread 2" [_thread_blocked, id=11692, stack(0x00000000239c0000,0x0000000023ac0000)]
  0x000000001c69b800 JavaThread "Build operations" [_thread_blocked, id=2016, stack(0x0000000022210000,0x0000000022310000)]
  0x000000001c6a1000 JavaThread "Cache worker for cache directory md-rule (C:\Users\basker\.gradle\caches\5.6.4\md-rule)" [_thread_blocked, id=1636, stack(0x0000000021310000,0x0000000021410000)]
  0x000000001c6a0000 JavaThread "Cache worker for cache directory md-supplier (C:\Users\basker\.gradle\caches\5.6.4\md-supplier)" [_thread_blocked, id=8940, stack(0x0000000020c10000,0x0000000020d10000)]
  0x000000001c69f800 JavaThread "Cache worker for file hash cache (C:\Users\basker\Desktop\adminapp\.gradle\5.6.4\fileHashes)" [_thread_blocked, id=11620, stack(0x000000001f740000,0x000000001f840000)]
  0x000000001c69e800 JavaThread "Thread-779" [_thread_blocked, id=7940, stack(0x000000001f340000,0x000000001f440000)]
  0x000000001c694000 JavaThread "Stdin handler" [_thread_blocked, id=4652, stack(0x000000001f240000,0x000000001f340000)]
  0x000000001c69b000 JavaThread "Asynchronous log dispatcher for DefaultDaemonConnection: socket connection from /127.0.0.1:63887 to /127.0.0.1:51362" [_thread_blocked, id=10740, stack(0x000000001d770000,0x000000001d870000)]
  0x000000001c695800 JavaThread "Daemon worker Thread 26" [_thread_blocked, id=7372, stack(0x000000001bea0000,0x000000001bfa0000)]
  0x000000001c699800 JavaThread "Cancel handler" [_thread_blocked, id=9940, stack(0x000000001bba0000,0x000000001bca0000)]
  0x000000001c698800 JavaThread "Handler for socket connection from /127.0.0.1:63887 to /127.0.0.1:51362" [_thread_in_native, id=7848, stack(0x000000001baa0000,0x000000001bba0000)]
  0x000000001c697000 JavaThread "Daemon Thread 26" [_thread_blocked, id=2804, stack(0x000000001b7a0000,0x000000001b8a0000)]
  0x00000000193db000 JavaThread "Cache worker for Java compile cache (C:\Users\basker\.gradle\caches\5.6.4\javaCompile)" [_thread_blocked, id=7936, stack(0x0000000023dc0000,0x0000000023ec0000)]
  0x00000000193de800 JavaThread "Cache worker for file content cache (C:\Users\basker\.gradle\caches\5.6.4\fileContent)" [_thread_blocked, id=1564, stack(0x0000000022110000,0x0000000022210000)]
  0x00000000193d5000 JavaThread "Memory manager" [_thread_blocked, id=2752, stack(0x0000000022010000,0x0000000022110000)]
  0x00000000193d6800 JavaThread "Cache worker for execution history cache (C:\Users\basker\.gradle\caches\5.6.4\executionHistory)" [_thread_blocked, id=8872, stack(0x000000001f440000,0x000000001f540000)]
  0x0000000019290000 JavaThread "Cache worker for journal cache (C:\Users\basker\.gradle\caches\journal-1)" [_thread_blocked, id=5072, stack(0x000000001c3a0000,0x000000001c4a0000)]
  0x0000000019293000 JavaThread "File lock request listener" [_thread_in_native, id=1308, stack(0x000000001c2a0000,0x000000001c3a0000)]
  0x0000000019291800 JavaThread "Cache worker for file hash cache (C:\Users\basker\.gradle\caches\5.6.4\fileHashes)" [_thread_blocked, id=11684, stack(0x000000001c1a0000,0x000000001c2a0000)]
  0x000000001a146800 JavaThread "Daemon periodic checks" [_thread_blocked, id=6420, stack(0x000000001b5a0000,0x000000001b6a0000)]
  0x000000001a138800 JavaThread "Incoming local TCP Connector on port 63887" [_thread_in_native, id=11332, stack(0x000000001b360000,0x000000001b460000)]
  0x000000001a045000 JavaThread "Daemon health stats" [_thread_blocked, id=4272, stack(0x000000001ad20000,0x000000001ae20000)]
  0x0000000017fa0800 JavaThread "Service Thread" daemon [_thread_blocked, id=7948, stack(0x0000000018380000,0x0000000018480000)]
  0x000000001662a000 JavaThread "C1 CompilerThread2" daemon [_thread_in_vm, id=3096, stack(0x0000000017e80000,0x0000000017f80000)]
  0x0000000016622800 JavaThread "C2 CompilerThread1" daemon [_thread_in_vm, id=1664, stack(0x0000000017d80000,0x0000000017e80000)]
=>0x000000001661f000 JavaThread "C2 CompilerThread0" daemon [_thread_in_native, id=11236, stack(0x0000000017c80000,0x0000000017d80000)]
  0x000000001661c800 JavaThread "Attach Listener" daemon [_thread_blocked, id=388, stack(0x0000000017b80000,0x0000000017c80000)]
  0x0000000016619800 JavaThread "Signal Dispatcher" daemon [_thread_blocked, id=5696, stack(0x0000000017a80000,0x0000000017b80000)]
  0x0000000002cab800 JavaThread "Finalizer" daemon [_thread_blocked, id=7068, stack(0x0000000017880000,0x0000000017980000)]
  0x0000000016609000 JavaThread "Reference Handler" daemon [_thread_blocked, id=11784, stack(0x0000000017780000,0x0000000017880000)]
  0x000000000118e000 JavaThread "main" [_thread_blocked, id=9292, stack(0x0000000002a10000,0x0000000002b10000)]

Other Threads:
  0x00000000165e7000 VMThread [stack: 0x0000000017680000,0x0000000017780000] [id=12220]
  0x0000000017fa2000 WatcherThread [stack: 0x0000000018480000,0x0000000018580000] [id=10196]

VM state:not at safepoint (normal execution)

VM Mutex/Monitor currently owned by a thread: None

heap address: 0x00000000a0000000, size: 1536 MB, Compressed Oops mode: 32-bit
Narrow klass base: 0x0000000000000000, Narrow klass shift: 3
Compressed class space size: 1073741824 Address: 0x0000000100000000

Heap:
 PSYoungGen      total 240128K, used 158506K [0x00000000e0000000, 0x00000000f2280000, 0x0000000100000000)
  eden space 216064K, 68% used [0x00000000e0000000,0x00000000e8fa1e10,0x00000000ed300000)
  from space 24064K, 47% used [0x00000000ed300000,0x00000000ede28a38,0x00000000eea80000)
  to   space 23040K, 0% used [0x00000000f0c00000,0x00000000f0c00000,0x00000000f2280000)
 ParOldGen       total 106496K, used 53765K [0x00000000a0000000, 0x00000000a6800000, 0x00000000e0000000)
  object space 106496K, 50% used [0x00000000a0000000,0x00000000a3481750,0x00000000a6800000)
 Metaspace       used 91281K, capacity 97650K, committed 98752K, reserved 1134592K
  class space    used 11683K, capacity 12756K, committed 13056K, reserved 1048576K

Card table byte_map: [0x0000000012070000,0x0000000012380000] byte_map_base: 0x0000000011b70000

Marking Bits: (ParMarkBitMap*) 0x0000000071be9f30
 Begin Bits: [0x0000000012980000, 0x0000000014180000)
 End Bits:   [0x0000000014180000, 0x0000000015980000)

Polling page: 0x0000000001120000

CodeCache: size=245760Kb used=74196Kb max_used=74208Kb free=171563Kb
 bounds [0x0000000002cb0000, 0x00000000075a0000, 0x0000000011cb0000]
 total_blobs=20424 nmethods=19566 adapters=767
 compilation: enabled

Compilation events (10 events):
Event: 18222.563 Thread 0x000000001661f000 25918 %     4       com.android.tools.r8.u.b.K::c @ 25 (232 bytes)
Event: 18222.576 Thread 0x0000000016622800 nmethod 25915 0x0000000004c71f90 code [0x0000000004c72100, 0x0000000004c72cd8]
Event: 18222.576 Thread 0x0000000016622800 25916       4       com.android.tools.r8.u.c.M::j (399 bytes)
Event: 18222.587 Thread 0x000000001661f000 nmethod 25918% 0x0000000004d43f10 code [0x0000000004d44100, 0x0000000004d44d58]
Event: 18222.587 Thread 0x000000001661f000 25922       4       com.android.tools.r8.ir.regalloc.LinearScanRegisterAllocator::a (3993 bytes)
Event: 18222.589 Thread 0x000000001662a000 nmethod 25909 0x0000000004dd5e50 code [0x0000000004dd5fc0, 0x0000000004dd6248]
Event: 18222.589 Thread 0x000000001662a000 25912       3       java.io.ObjectInputStream::checkArray (41 bytes)
Event: 18222.590 Thread 0x000000001662a000 nmethod 25912 0x0000000002ecd250 code [0x0000000002ecd420, 0x0000000002ecd968]
Event: 18222.596 Thread 0x000000001662a000 25910       3       com.sun.jmx.interceptor.DefaultMBeanServerInterceptor::getClassName (27 bytes)
Event: 18222.597 Thread 0x000000001662a000 nmethod 25910 0x0000000007505050 code [0x0000000007505200, 0x00000000075059b8]

GC Heap History (10 events):
Event: 16320.642 GC heap before
{Heap before GC invocations=103 (full 4):
 PSYoungGen      total 179712K, used 164193K [0x00000000e0000000, 0x00000000ec700000, 0x0000000100000000)
  eden space 156672K, 100% used [0x00000000e0000000,0x00000000e9900000,0x00000000e9900000)
  from space 23040K, 32% used [0x00000000eb080000,0x00000000eb7d8438,0x00000000ec700000)
  to   space 23552K, 0% used [0x00000000e9900000,0x00000000e9900000,0x00000000eb000000)
 ParOldGen       total 106496K, used 52833K [0x00000000a0000000, 0x00000000a6800000, 0x00000000e0000000)
  object space 106496K, 49% used [0x00000000a0000000,0x00000000a33986d0,0x00000000a6800000)
 Metaspace       used 91052K, capacity 97450K, committed 98752K, reserved 1134592K
  class space    used 11680K, capacity 12756K, committed 13056K, reserved 1048576K
Event: 16320.676 GC heap after
Heap after GC invocations=103 (full 4):
 PSYoungGen      total 180224K, used 17124K [0x00000000e0000000, 0x00000000ee600000, 0x0000000100000000)
  eden space 156672K, 0% used [0x00000000e0000000,0x00000000e0000000,0x00000000e9900000)
  from space 23552K, 72% used [0x00000000e9900000,0x00000000ea9b9210,0x00000000eb000000)
  to   space 24576K, 0% used [0x00000000ece00000,0x00000000ece00000,0x00000000ee600000)
 ParOldGen       total 106496K, used 52833K [0x00000000a0000000, 0x00000000a6800000, 0x00000000e0000000)
  object space 106496K, 49% used [0x00000000a0000000,0x00000000a33986d0,0x00000000a6800000)
 Metaspace       used 91052K, capacity 97450K, committed 98752K, reserved 1134592K
  class space    used 11680K, capacity 12756K, committed 13056K, reserved 1048576K
}
Event: 16405.291 GC heap before
{Heap before GC invocations=104 (full 4):
 PSYoungGen      total 180224K, used 173796K [0x00000000e0000000, 0x00000000ee600000, 0x0000000100000000)
  eden space 156672K, 100% used [0x00000000e0000000,0x00000000e9900000,0x00000000e9900000)
  from space 23552K, 72% used [0x00000000e9900000,0x00000000ea9b9210,0x00000000eb000000)
  to   space 24576K, 0% used [0x00000000ece00000,0x00000000ece00000,0x00000000ee600000)
 ParOldGen       total 106496K, used 52833K [0x00000000a0000000, 0x00000000a6800000, 0x00000000e0000000)
  object space 106496K, 49% used [0x00000000a0000000,0x00000000a33986d0,0x00000000a6800000)
 Metaspace       used 91078K, capacity 97450K, committed 98752K, reserved 1134592K
  class space    used 11680K, capacity 12756K, committed 13056K, reserved 1048576K
Event: 16405.319 GC heap after
Heap after GC invocations=104 (full 4):
 PSYoungGen      total 208896K, used 20524K [0x00000000e0000000, 0x00000000ee980000, 0x0000000100000000)
  eden space 184320K, 0% used [0x00000000e0000000,0x00000000e0000000,0x00000000eb400000)
  from space 24576K, 83% used [0x00000000ece00000,0x00000000ee20b190,0x00000000ee600000)
  to   space 26624K, 0% used [0x00000000eb400000,0x00000000eb400000,0x00000000ece00000)
 ParOldGen       total 106496K, used 52833K [0x00000000a0000000, 0x00000000a6800000, 0x00000000e0000000)
  object space 106496K, 49% used [0x00000000a0000000,0x00000000a33986d0,0x00000000a6800000)
 Metaspace       used 91078K, capacity 97450K, committed 98752K, reserved 1134592K
  class space    used 11680K, capacity 12756K, committed 13056K, reserved 1048576K
}
Event: 16467.154 GC heap before
{Heap before GC invocations=105 (full 4):
 PSYoungGen      total 208896K, used 204844K [0x00000000e0000000, 0x00000000ee980000, 0x0000000100000000)
  eden space 184320K, 100% used [0x00000000e0000000,0x00000000eb400000,0x00000000eb400000)
  from space 24576K, 83% used [0x00000000ece00000,0x00000000ee20b190,0x00000000ee600000)
  to   space 26624K, 0% used [0x00000000eb400000,0x00000000eb400000,0x00000000ece00000)
 ParOldGen       total 106496K, used 52833K [0x00000000a0000000, 0x00000000a6800000, 0x00000000e0000000)
  object space 106496K, 49% used [0x00000000a0000000,0x00000000a33986d0,0x00000000a6800000)
 Metaspace       used 91182K, capacity 97578K, committed 98752K, reserved 1134592K
  class space    used 11680K, capacity 12756K, committed 13056K, reserved 1048576K
Event: 16467.185 GC heap after
Heap after GC invocations=105 (full 4):
 PSYoungGen      total 210944K, used 12850K [0x00000000e0000000, 0x00000000f0500000, 0x0000000100000000)
  eden space 184320K, 0% used [0x00000000e0000000,0x00000000e0000000,0x00000000eb400000)
  from space 26624K, 48% used [0x00000000eb400000,0x00000000ec08ca70,0x00000000ece00000)
  to   space 25088K, 0% used [0x00000000eec80000,0x00000000eec80000,0x00000000f0500000)
 ParOldGen       total 106496K, used 52841K [0x00000000a0000000, 0x00000000a6800000, 0x00000000e0000000)
  object space 106496K, 49% used [0x00000000a0000000,0x00000000a339a6d0,0x00000000a6800000)
 Metaspace       used 91182K, capacity 97578K, committed 98752K, reserved 1134592K
  class space    used 11680K, capacity 12756K, committed 13056K, reserved 1048576K
}
Event: 16826.132 GC heap before
{Heap before GC invocations=106 (full 4):
 PSYoungGen      total 210944K, used 197170K [0x00000000e0000000, 0x00000000f0500000, 0x0000000100000000)
  eden space 184320K, 100% used [0x00000000e0000000,0x00000000eb400000,0x00000000eb400000)
  from space 26624K, 48% used [0x00000000eb400000,0x00000000ec08ca70,0x00000000ece00000)
  to   space 25088K, 0% used [0x00000000eec80000,0x00000000eec80000,0x00000000f0500000)
 ParOldGen       total 106496K, used 52841K [0x00000000a0000000, 0x00000000a6800000, 0x00000000e0000000)
  object space 106496K, 49% used [0x00000000a0000000,0x00000000a339a6d0,0x00000000a6800000)
 Metaspace       used 91224K, capacity 97646K, committed 98752K, reserved 1134592K
  class space    used 11681K, capacity 12756K, committed 13056K, reserved 1048576K
Event: 16826.158 GC heap after
Heap after GC invocations=106 (full 4):
 PSYoungGen      total 238080K, used 11297K [0x00000000e0000000, 0x00000000f0200000, 0x0000000100000000)
  eden space 216064K, 0% used [0x00000000e0000000,0x00000000e0000000,0x00000000ed300000)
  from space 22016K, 51% used [0x00000000eec80000,0x00000000ef788498,0x00000000f0200000)
  to   space 24064K, 0% used [0x00000000ed300000,0x00000000ed300000,0x00000000eea80000)
 ParOldGen       total 106496K, used 53725K [0x00000000a0000000, 0x00000000a6800000, 0x00000000e0000000)
  object space 106496K, 50% used [0x00000000a0000000,0x00000000a3477750,0x00000000a6800000)
 Metaspace       used 91224K, capacity 97646K, committed 98752K, reserved 1134592K
  class space    used 11681K, capacity 12756K, committed 13056K, reserved 1048576K
}
Event: 18208.894 GC heap before
{Heap before GC invocations=107 (full 4):
 PSYoungGen      total 238080K, used 227361K [0x00000000e0000000, 0x00000000f0200000, 0x0000000100000000)
  eden space 216064K, 100% used [0x00000000e0000000,0x00000000ed300000,0x00000000ed300000)
  from space 22016K, 51% used [0x00000000eec80000,0x00000000ef788498,0x00000000f0200000)
  to   space 24064K, 0% used [0x00000000ed300000,0x00000000ed300000,0x00000000eea80000)
 ParOldGen       total 106496K, used 53725K [0x00000000a0000000, 0x00000000a6800000, 0x00000000e0000000)
  object space 106496K, 50% used [0x00000000a0000000,0x00000000a3477750,0x00000000a6800000)
 Metaspace       used 91277K, capacity 97650K, committed 98752K, reserved 1134592K
  class space    used 11683K, capacity 12756K, committed 13056K, reserved 1048576K
Event: 18209.149 GC heap after
Heap after GC invocations=107 (full 4):
 PSYoungGen      total 240128K, used 11426K [0x00000000e0000000, 0x00000000f2280000, 0x0000000100000000)
  eden space 216064K, 0% used [0x00000000e0000000,0x00000000e0000000,0x00000000ed300000)
  from space 24064K, 47% used [0x00000000ed300000,0x00000000ede28a38,0x00000000eea80000)
  to   space 23040K, 0% used [0x00000000f0c00000,0x00000000f0c00000,0x00000000f2280000)
 ParOldGen       total 106496K, used 53765K [0x00000000a0000000, 0x00000000a6800000, 0x00000000e0000000)
  object space 106496K, 50% used [0x00000000a0000000,0x00000000a3481750,0x00000000a6800000)
 Metaspace       used 91277K, capacity 97650K, committed 98752K, reserved 1134592K
  class space    used 11683K, capacity 12756K, committed 13056K, reserved 1048576K
}

Deoptimization events (10 events):
Event: 16829.428 Thread 0x000000001a2f1000 Uncommon trap: reason=unstable_if action=reinterpret pc=0x0000000003ffd02c method=java.text.DecimalFormat.format(JLjava/lang/StringBuffer;Ljava/text/Format$FieldDelegate;)Ljava/lang/StringBuffer; @ 136
Event: 16829.429 Thread 0x000000001a2f1000 Uncommon trap: reason=unstable_if action=reinterpret pc=0x000000000308e7b4 method=java.text.DigitList.set(ZJI)V @ 8
Event: 16829.429 Thread 0x000000001a2f1000 Uncommon trap: reason=unstable_if action=reinterpret pc=0x0000000004260dc0 method=java.text.DigitList.isZero()Z @ 7
Event: 17555.259 Thread 0x000000001a146800 Uncommon trap: reason=unstable_if action=reinterpret pc=0x0000000003aecf08 method=java.lang.ref.SoftReference.get()Ljava/lang/Object; @ 6
Event: 18207.948 Thread 0x000000001c695800 Uncommon trap: reason=unstable_if action=reinterpret pc=0x0000000003ae8ecc method=java.lang.ref.SoftReference.get()Ljava/lang/Object; @ 6
Event: 18213.288 Thread 0x000000001a2f7000 Uncommon trap: reason=unstable_if action=reinterpret pc=0x0000000004f008d0 method=com.sun.tools.javac.parser.UnicodeReader.scanChar()V @ 37
Event: 18213.344 Thread 0x000000001a2f7000 Uncommon trap: reason=unstable_if action=reinterpret pc=0x000000000397c854 method=com.sun.tools.javac.parser.UnicodeReader.scanChar()V @ 37
Event: 18213.344 Thread 0x000000001a2f7000 Uncommon trap: reason=unstable_if action=reinterpret pc=0x0000000004f261e4 method=com.sun.tools.javac.parser.JavacParser.term3Rest(Lcom/sun/tools/javac/tree/JCTree$JCExpression;Lcom/sun/tools/javac/util/List;)Lcom/sun/tools/javac/tree/JCTree$JCExpression;
Event: 18221.212 Thread 0x000000001a2f7000 Uncommon trap: reason=unstable_if action=reinterpret pc=0x0000000004fdb7ec method=com.sun.tools.javac.jvm.ClassReader.readMethod()Lcom/sun/tools/javac/code/Symbol$MethodSymbol; @ 109
Event: 18222.557 Thread 0x000000001a2fa000 Uncommon trap: reason=bimorphic action=maybe_recompile pc=0x00000000070b00a0 method=com.android.tools.r8.ir.optimize.h.a(Lcom/android/tools/r8/u/b/d0;ZLcom/android/tools/r8/u/b/d0;)Z @ 28

Classes redefined (0 events):
No events

Internal exceptions (10 events):
Event: 16469.929 Thread 0x000000001a2f7000 Exception <a 'sun/nio/fs/WindowsException'> (0x00000000e6d8bb38) thrown at [D:\src\AOSP-openjdk-cygwin\jdk8u\hotspot\src\share\vm\prims\jni.cpp, line 710]
Event: 16828.665 Thread 0x000000001c69e800 Exception <a 'sun/nio/fs/WindowsException'> (0x00000000e6da3748) thrown at [D:\src\AOSP-openjdk-cygwin\jdk8u\hotspot\src\share\vm\prims\jni.cpp, line 710]
Event: 16828.694 Thread 0x000000001c69e800 Exception <a 'sun/nio/fs/WindowsException'> (0x00000000e6f99cc0) thrown at [D:\src\AOSP-openjdk-cygwin\jdk8u\hotspot\src\share\vm\prims\jni.cpp, line 710]
Event: 16828.702 Thread 0x000000001c69e800 Exception <a 'sun/nio/fs/WindowsException'> (0x00000000e6fa3940) thrown at [D:\src\AOSP-openjdk-cygwin\jdk8u\hotspot\src\share\vm\prims\jni.cpp, line 710]
Event: 16828.969 Thread 0x000000001c69c800 Exception <a 'sun/nio/fs/WindowsException'> (0x00000000e7806d68) thrown at [D:\src\AOSP-openjdk-cygwin\jdk8u\hotspot\src\share\vm\prims\jni.cpp, line 710]
Event: 16829.135 Thread 0x000000001c6a1000 Exception <a 'sun/nio/fs/WindowsException'> (0x00000000e956b1f8) thrown at [D:\src\AOSP-openjdk-cygwin\jdk8u\hotspot\src\share\vm\prims\jni.cpp, line 710]
Event: 16829.384 Thread 0x000000001a2f3000 Exception <a 'sun/nio/fs/WindowsException'> (0x00000000e9b9fc08) thrown at [D:\src\AOSP-openjdk-cygwin\jdk8u\hotspot\src\share\vm\prims\jni.cpp, line 710]
Event: 17555.230 Thread 0x000000001a146800 Implicit null exception at 0x0000000003aebadf to 0x0000000003aecef1
Event: 18207.948 Thread 0x000000001c695800 Implicit null exception at 0x0000000003ae7a9f to 0x0000000003ae8eb5
Event: 18222.533 Thread 0x000000001a2fa000 Exception <a 'sun/nio/fs/WindowsException'> (0x00000000e8469c70) thrown at [D:\src\AOSP-openjdk-cygwin\jdk8u\hotspot\src\share\vm\prims\jni.cpp, line 710]

Events (10 events):
Event: 18222.470 Executing VM operation: RevokeBias
Event: 18222.500 Executing VM operation: RevokeBias done
Event: 18222.511 Thread 0x000000001a2f9000 Thread added: 0x000000001a2f9000
Event: 18222.512 Thread 0x000000001a2fa000 Thread added: 0x000000001a2fa000
Event: 18222.512 Thread 0x000000001a2f3000 Thread added: 0x000000001a2f3000
Event: 18222.557 Thread 0x000000001a2fa000 Uncommon trap: trap_request=0xffffffc6 fr.pc=0x00000000070b00a0
Event: 18222.557 Thread 0x000000001a2fa000 DEOPT PACKING pc=0x00000000070b00a0 sp=0x0000000026f1d840
Event: 18222.572 Thread 0x000000001a2fa000 DEOPT UNPACKING pc=0x0000000002cf557b sp=0x0000000026f1d7f8 mode 2
Event: 18222.578 Thread 0x000000001a2fa000 DEOPT PACKING pc=0x0000000007206fe3 sp=0x0000000026f1d2a0
Event: 18222.578 Thread 0x000000001a2fa000 DEOPT UNPACKING pc=0x0000000002cf75d0 sp=0x0000000026f1d308 mode 0


Dynamic libraries:
0x00007ff780980000 - 0x00007ff7809b1000 	C:\Program Files\Android\Android Studio\jre\bin\java.exe
0x00007ffd1c3a0000 - 0x00007ffd1c590000 	C:\WINDOWS\SYSTEM32\ntdll.dll
0x00007ffd15a60000 - 0x00007ffd15a72000 	C:\Program Files\AVG\Antivirus\aswhook.dll
0x00007ffd1c240000 - 0x00007ffd1c2f2000 	C:\WINDOWS\System32\KERNEL32.DLL
0x00007ffd19680000 - 0x00007ffd19924000 	C:\WINDOWS\System32\KERNELBASE.dll
0x00007ffd1a950000 - 0x00007ffd1a9f3000 	C:\WINDOWS\System32\ADVAPI32.dll
0x00007ffd1b030000 - 0x00007ffd1b0ce000 	C:\WINDOWS\System32\msvcrt.dll
0x00007ffd1a690000 - 0x00007ffd1a727000 	C:\WINDOWS\System32\sechost.dll
0x00007ffd1af10000 - 0x00007ffd1b030000 	C:\WINDOWS\System32\RPCRT4.dll
0x00007ffd1c0a0000 - 0x00007ffd1c234000 	C:\WINDOWS\System32\USER32.dll
0x00007ffd199e0000 - 0x00007ffd19a01000 	C:\WINDOWS\System32\win32u.dll
0x00007ffd1b100000 - 0x00007ffd1b126000 	C:\WINDOWS\System32\GDI32.dll
0x00007ffd1a2b0000 - 0x00007ffd1a446000 	C:\WINDOWS\System32\gdi32full.dll
0x00007ffd195e0000 - 0x00007ffd1967e000 	C:\WINDOWS\System32\msvcp_win.dll
0x00007ffd194e0000 - 0x00007ffd195da000 	C:\WINDOWS\System32\ucrtbase.dll
0x00007ffd05200000 - 0x00007ffd05484000 	C:\WINDOWS\WinSxS\amd64_microsoft.windows.common-controls_6595b64144ccf1df_6.0.18362.959_none_e6c7bbbf130c62bb\COMCTL32.dll
0x00007ffd1aa90000 - 0x00007ffd1adc5000 	C:\WINDOWS\System32\combase.dll
0x00007ffd1a230000 - 0x00007ffd1a2b0000 	C:\WINDOWS\System32\bcryptPrimitives.dll
0x00007ffd1b0d0000 - 0x00007ffd1b0fe000 	C:\WINDOWS\System32\IMM32.DLL
0x0000000071ec0000 - 0x0000000071f92000 	C:\Program Files\Android\Android Studio\jre\jre\bin\msvcr100.dll
0x0000000071420000 - 0x0000000071c66000 	C:\Program Files\Android\Android Studio\jre\jre\bin\server\jvm.dll
0x00007ffd1aa80000 - 0x00007ffd1aa88000 	C:\WINDOWS\System32\PSAPI.DLL
0x00007ffd0a480000 - 0x00007ffd0a489000 	C:\WINDOWS\SYSTEM32\WSOCK32.dll
0x00007ffd1aea0000 - 0x00007ffd1af0f000 	C:\WINDOWS\System32\WS2_32.dll
0x00007ffd162a0000 - 0x00007ffd162c4000 	C:\WINDOWS\SYSTEM32\WINMM.dll
0x00007ffd125c0000 - 0x00007ffd125ca000 	C:\WINDOWS\SYSTEM32\VERSION.dll
0x00007ffd15570000 - 0x00007ffd1559d000 	C:\WINDOWS\SYSTEM32\WINMMBASE.dll
0x00007ffd19490000 - 0x00007ffd194da000 	C:\WINDOWS\System32\cfgmgr32.dll
0x00007ffd161d0000 - 0x00007ffd161df000 	C:\Program Files\Android\Android Studio\jre\jre\bin\verify.dll
0x00007ffd09850000 - 0x00007ffd09879000 	C:\Program Files\Android\Android Studio\jre\jre\bin\java.dll
0x00007ffd0d0f0000 - 0x00007ffd0d106000 	C:\Program Files\Android\Android Studio\jre\jre\bin\zip.dll
0x00007ffd1b6f0000 - 0x00007ffd1bdd6000 	C:\WINDOWS\System32\SHELL32.dll
0x00007ffd1a730000 - 0x00007ffd1a7d9000 	C:\WINDOWS\System32\shcore.dll
0x00007ffd19a10000 - 0x00007ffd1a192000 	C:\WINDOWS\System32\windows.storage.dll
0x00007ffd192f0000 - 0x00007ffd19313000 	C:\WINDOWS\System32\profapi.dll
0x00007ffd19260000 - 0x00007ffd192aa000 	C:\WINDOWS\System32\powrprof.dll
0x00007ffd19250000 - 0x00007ffd19260000 	C:\WINDOWS\System32\UMPDC.dll
0x00007ffd1c300000 - 0x00007ffd1c352000 	C:\WINDOWS\System32\shlwapi.dll
0x00007ffd192b0000 - 0x00007ffd192c1000 	C:\WINDOWS\System32\kernel.appcore.dll
0x00007ffd19470000 - 0x00007ffd19487000 	C:\WINDOWS\System32\cryptsp.dll
0x00007ffd09ad0000 - 0x00007ffd09aea000 	C:\Program Files\Android\Android Studio\jre\jre\bin\net.dll
0x00007ffd0ec90000 - 0x00007ffd0ee66000 	C:\WINDOWS\SYSTEM32\urlmon.dll
0x00007ffd0b8a0000 - 0x00007ffd0bb46000 	C:\WINDOWS\SYSTEM32\iertutil.dll
0x00007ffd18c30000 - 0x00007ffd18c3c000 	C:\WINDOWS\SYSTEM32\CRYPTBASE.DLL
0x00007ffd18a60000 - 0x00007ffd18ac7000 	C:\WINDOWS\system32\mswsock.dll
0x00007ffd02180000 - 0x00007ffd02193000 	C:\Program Files\Android\Android Studio\jre\jre\bin\nio.dll
0x00007ffcf4e50000 - 0x00007ffcf4e76000 	C:\Users\basker\.gradle\native\30\windows-amd64\native-platform.dll
0x00007ffd145f0000 - 0x00007ffd145fd000 	C:\Program Files\Android\Android Studio\jre\jre\bin\management.dll
0x00007ffd185d0000 - 0x00007ffd18603000 	C:\WINDOWS\system32\rsaenh.dll
0x00007ffd1a1a0000 - 0x00007ffd1a1c6000 	C:\WINDOWS\System32\bcrypt.dll
0x00007ffd19170000 - 0x00007ffd19195000 	C:\WINDOWS\SYSTEM32\USERENV.dll
0x00007ffd18770000 - 0x00007ffd187aa000 	C:\WINDOWS\SYSTEM32\IPHLPAPI.DLL
0x00007ffd1a680000 - 0x00007ffd1a688000 	C:\WINDOWS\System32\NSI.dll
0x00007ffd125e0000 - 0x00007ffd125f6000 	C:\WINDOWS\SYSTEM32\dhcpcsvc6.DLL
0x00007ffd12620000 - 0x00007ffd1263c000 	C:\WINDOWS\SYSTEM32\dhcpcsvc.DLL
0x00007ffd187c0000 - 0x00007ffd1888b000 	C:\WINDOWS\SYSTEM32\DNSAPI.dll

VM Arguments:
jvm_args: -Xmx1536m -Dfile.encoding=windows-1252 -Duser.country=US -Duser.language=en -Duser.variant 
java_command: org.gradle.launcher.daemon.bootstrap.GradleDaemon 5.6.4
java_class_path (initial): C:\Users\basker\.gradle\wrapper\dists\gradle-5.6.4-all\ankdp27end7byghfw1q2sw75f\gradle-5.6.4\lib\gradle-launcher-5.6.4.jar
Launcher Type: SUN_STANDARD

Environment Variables:
PATH=C:\Program Files (x86)\Common Files\Oracle\Java\javapath;C:\Program Files (x86)\NVIDIA Corporation\PhysX\Common;C:\Program Files (x86)\Intel\iCLS Client\;C:\Program Files\Intel\iCLS Client\;C:\WINDOWS\system32;C:\WINDOWS;C:\WINDOWS\System32\Wbem;C:\WINDOWS\System32\WindowsPowerShell\v1.0\;C:\Program Files\Intel\Intel(R) Management Engine Components\DAL;C:\Program Files\Intel\Intel(R) Management Engine Components\IPT;C:\Program Files (x86)\Intel\Intel(R) Management Engine Components\DAL;C:\Program Files (x86)\Intel\Intel(R) Management Engine Components\IPT;C:\Program Files (x86)\Intel\OpenCL SDK\2.0\bin\x86;C:\Program Files (x86)\Intel\OpenCL SDK\2.0\bin\x64;C:\Program Files\Lenovo\Bluetooth Software\;C:\Program Files\Lenovo\Bluetooth Software\syswow64;C:\WINDOWS\System32\OpenSSH\;C:\Program Files\nodejs\;C:\Users\basker\AppData\Local\Android\Sdk\platforms;C:\Users\basker\AppData\Local\Android\Sdk\platform-tools;C:\Users\basker\.gradle\wrapper\dists\gradle-5.6.4-all\ankdp27end7byghfw1q2sw75f\gradle-5.6.4\bin;C:\Program Files\Git\cmd;C:\Program Files\MySQL\MySQL Shell 8.0\bin\;C:\Users\basker\AppData\Local\Microsoft\WindowsApps;C:\Users\basker\AppData\Roaming\npm;C:\Users\basker\AppData\Local\Programs\Microsoft VS Code\bin;C:\Users\basker\.gradle\wrapper\dists\gradle-5.6.4-all\ankdp27end7byghfw1q2sw75f\gradle-5.6.4\bin;
USERNAME=basker
OS=Windows_NT
PROCESSOR_IDENTIFIER=Intel64 Family 6 Model 58 Stepping 9, GenuineIntel



---------------  S Y S T E M  ---------------

OS: Windows 10.0 , 64 bit Build 18362 (10.0.18362.959)

CPU:total 4 (initial active 4) (2 cores per cpu, 2 threads per core) family 6 model 58 stepping 9, cmov, cx8, fxsr, mmx, sse, sse2, sse3, ssse3, sse4.1, sse4.2, popcnt, avx, aes, clmul, erms, ht, tsc, tscinvbit, tscinv

Memory: 4k page, physical 4056852k(364844k free), swap 5481236k(24332k free)

vm_info: OpenJDK 64-Bit Server VM (25.212-b04) for windows-amd64 JRE (1.8.0_212-release-1586-b04), built by "builder" with MS VC++ 10.0 (VS2010)

time: Wed Aug 26 18:33:20 2020
timezone: India Standard Time
elapsed time: 18223 seconds (0d 5h 3m 43s)

